2020-06-15 14:55:34,776: INFO): START
2020-06-15 14:55:34,779: INFO): Config:
model_config:
  activation: relu
  concat: true
  dropout: 0.27534647775698873
  dropout_flag: false
  fgp: false
  fgp_size: 50
  hidden_units: 100
  hidden_units_mlp: 50
  l2: 0.05320428113500612
  lr: 0.0001
  num_layers: 3
train_config:
  batch: 32
  epochs: 100

2020-06-15 14:55:54,514: INFO): START
2020-06-15 14:55:54,514: INFO): command line arguments:
chk: gcnn1_chk.pkz
config: gcnn_config1.yaml
log: gcnn1.log
one_fold: false

2020-06-15 14:55:54,517: INFO): Config:
model_config:
  activation: relu
  concat: true
  dropout: 0.27534647775698873
  dropout_flag: false
  fgp: false
  fgp_size: 50
  hidden_units: 100
  hidden_units_mlp: 50
  l2: 0.05320428113500612
  lr: 0.0001
  num_layers: 3
train_config:
  batch: 32
  epochs: 100

2020-06-15 14:57:52,874: INFO): data loaded
2020-06-15 14:57:52,874: INFO): Fold 0
2020-06-15 15:30:37,545: INFO): START
2020-06-15 15:30:37,546: INFO): command line arguments:
chk: gcnn1_chk.pkz
config: gcnn_config1.yaml
log: gcnn1.log
one_fold: false

2020-06-15 15:30:37,548: INFO): Config:
model_config:
  activation: relu
  concat: true
  dropout: 0.27534647775698873
  dropout_flag: false
  fgp: false
  fgp_size: 50
  hidden_units: 100
  hidden_units_mlp: 50
  l2: 0.05320428113500612
  lr: 0.0001
  num_layers: 3
train_config:
  batch: 32
  epochs: 100

2020-06-15 15:30:59,310: INFO): data loaded
2020-06-15 15:30:59,310: INFO): Fold 0
2020-06-15 17:24:05,562: INFO): START
2020-06-15 17:24:05,562: INFO): command line arguments:
chk: gcnn1_chk.pkz
config: gcnn_config1.yaml
log: gcnn1.log
one_fold: false

2020-06-15 17:24:05,564: INFO): Config:
model_config:
  activation: relu
  concat: true
  dropout: 0.27534647775698873
  dropout_flag: false
  fgp: false
  fgp_size: 50
  hidden_units: 100
  hidden_units_mlp: 50
  l2: 0.05320428113500612
  lr: 0.0001
  num_layers: 3
train_config:
  batch: 32
  epochs: 100

2020-06-15 17:25:01,782: INFO): data loaded
2020-06-15 17:25:01,782: INFO): Fold 0
2020-06-15 17:26:18,306: INFO): START
2020-06-15 17:26:18,307: INFO): command line arguments:
chk: gcnn1_chk.pkz
config: gcnn_config1.yaml
log: gcnn1.log
one_fold: false

2020-06-15 17:26:18,309: INFO): Config:
model_config:
  activation: relu
  concat: true
  dropout: 0.27534647775698873
  dropout_flag: false
  fgp: false
  fgp_size: 50
  hidden_units: 100
  hidden_units_mlp: 50
  l2: 0.05320428113500612
  lr: 0.0001
  num_layers: 3
train_config:
  batch: 32
  epochs: 100

2020-06-15 17:27:15,053: INFO): data loaded
2020-06-15 17:27:15,053: INFO): Fold 0
2020-06-15 17:27:15,628: INFO): OUT 0
2020-06-15 17:27:15,630: INFO): Echo model_config:
2020-06-15 17:27:15,630: INFO): 
activation: relu
concat: true
dropout: 0.27534647775698873
dropout_flag: false
fgp: false
fgp_size: 50
hidden_units: 100
hidden_units_mlp: 50
l2: 0.05320428113500612
lr: 0.0001
num_layers: 3

2020-06-15 17:27:15,630: INFO): Echo of GCNN module config:
2020-06-15 17:27:15,630: INFO): N_H         : 100
2020-06-15 17:27:15,630: INFO): max_atoms   : 88
2020-06-15 17:27:15,630: INFO): n_features  : 76
2020-06-15 17:27:15,630: INFO): dropout_prob:  0.28
2020-06-15 17:27:15,630: INFO): lr          : 0.000100
2020-06-15 17:27:15,630: INFO): l2_val      : 0.053204
2020-06-15 17:27:15,630: INFO): N_it        : 3
2020-06-15 17:27:15,630: INFO): activation  : relu
2020-06-15 17:27:15,630: INFO): drp_flag    : False
2020-06-15 17:27:15,630: INFO): concat      : True
2020-06-15 17:27:15,630: INFO): make_fgp    : False
2020-06-15 17:27:15,630: INFO): fgp_size    : 50
2020-06-15 17:27:16,000: INFO): Echo of GCNN module config:
2020-06-15 17:27:16,000: INFO): N_H         : 100
2020-06-15 17:27:16,001: INFO): max_atoms   : 80
2020-06-15 17:27:16,001: INFO): n_features  : 76
2020-06-15 17:27:16,001: INFO): dropout_prob:  0.28
2020-06-15 17:27:16,001: INFO): lr          : 0.000100
2020-06-15 17:27:16,001: INFO): l2_val      : 0.053204
2020-06-15 17:27:16,001: INFO): N_it        : 3
2020-06-15 17:27:16,001: INFO): activation  : relu
2020-06-15 17:27:16,001: INFO): drp_flag    : False
2020-06-15 17:27:16,001: INFO): concat      : True
2020-06-15 17:27:16,001: INFO): make_fgp    : False
2020-06-15 17:27:16,001: INFO): fgp_size    : 50
2020-06-15 18:44:18,798: INFO):    Accuracy:    0.724
2020-06-15 18:44:18,801: INFO):   g_av:    0.639
2020-06-15 18:44:18,801: INFO): OUT 1
2020-06-15 18:44:18,803: INFO): Echo model_config:
2020-06-15 18:44:18,803: INFO): 
activation: relu
concat: true
dropout: 0.27534647775698873
dropout_flag: false
fgp: false
fgp_size: 50
hidden_units: 100
hidden_units_mlp: 50
l2: 0.05320428113500612
lr: 0.0001
num_layers: 3

2020-06-15 18:44:18,803: INFO): Echo of GCNN module config:
2020-06-15 18:44:18,803: INFO): N_H         : 100
2020-06-15 18:44:18,803: INFO): max_atoms   : 88
2020-06-15 18:44:18,803: INFO): n_features  : 76
2020-06-15 18:44:18,803: INFO): dropout_prob:  0.28
2020-06-15 18:44:18,804: INFO): lr          : 0.000100
2020-06-15 18:44:18,804: INFO): l2_val      : 0.053204
2020-06-15 18:44:18,804: INFO): N_it        : 3
2020-06-15 18:44:18,804: INFO): activation  : relu
2020-06-15 18:44:18,804: INFO): drp_flag    : False
2020-06-15 18:44:18,804: INFO): concat      : True
2020-06-15 18:44:18,804: INFO): make_fgp    : False
2020-06-15 18:44:18,804: INFO): fgp_size    : 50
2020-06-15 18:44:19,169: INFO): Echo of GCNN module config:
2020-06-15 18:44:19,169: INFO): N_H         : 100
2020-06-15 18:44:19,169: INFO): max_atoms   : 80
2020-06-15 18:44:19,169: INFO): n_features  : 76
2020-06-15 18:44:19,169: INFO): dropout_prob:  0.28
2020-06-15 18:44:19,170: INFO): lr          : 0.000100
2020-06-15 18:44:19,170: INFO): l2_val      : 0.053204
2020-06-15 18:44:19,170: INFO): N_it        : 3
2020-06-15 18:44:19,170: INFO): activation  : relu
2020-06-15 18:44:19,170: INFO): drp_flag    : False
2020-06-15 18:44:19,170: INFO): concat      : True
2020-06-15 18:44:19,170: INFO): make_fgp    : False
2020-06-15 18:44:19,170: INFO): fgp_size    : 50
2020-06-15 19:59:55,690: INFO):    Accuracy:    0.565
2020-06-15 19:59:55,693: INFO):   g_av:    0.621
2020-06-15 19:59:55,693: INFO): OUT 2
2020-06-15 19:59:55,695: INFO): Echo model_config:
2020-06-15 19:59:55,695: INFO): 
activation: relu
concat: true
dropout: 0.27534647775698873
dropout_flag: false
fgp: false
fgp_size: 50
hidden_units: 100
hidden_units_mlp: 50
l2: 0.05320428113500612
lr: 0.0001
num_layers: 3

2020-06-15 19:59:55,695: INFO): Echo of GCNN module config:
2020-06-15 19:59:55,695: INFO): N_H         : 100
2020-06-15 19:59:55,695: INFO): max_atoms   : 88
2020-06-15 19:59:55,695: INFO): n_features  : 76
2020-06-15 19:59:55,695: INFO): dropout_prob:  0.28
2020-06-15 19:59:55,695: INFO): lr          : 0.000100
2020-06-15 19:59:55,695: INFO): l2_val      : 0.053204
2020-06-15 19:59:55,695: INFO): N_it        : 3
2020-06-15 19:59:55,695: INFO): activation  : relu
2020-06-15 19:59:55,695: INFO): drp_flag    : False
2020-06-15 19:59:55,695: INFO): concat      : True
2020-06-15 19:59:55,695: INFO): make_fgp    : False
2020-06-15 19:59:55,695: INFO): fgp_size    : 50
2020-06-15 19:59:56,081: INFO): Echo of GCNN module config:
2020-06-15 19:59:56,081: INFO): N_H         : 100
2020-06-15 19:59:56,081: INFO): max_atoms   : 80
2020-06-15 19:59:56,081: INFO): n_features  : 76
2020-06-15 19:59:56,081: INFO): dropout_prob:  0.28
2020-06-15 19:59:56,081: INFO): lr          : 0.000100
2020-06-15 19:59:56,081: INFO): l2_val      : 0.053204
2020-06-15 19:59:56,081: INFO): N_it        : 3
2020-06-15 19:59:56,081: INFO): activation  : relu
2020-06-15 19:59:56,081: INFO): drp_flag    : False
2020-06-15 19:59:56,081: INFO): concat      : True
2020-06-15 19:59:56,081: INFO): make_fgp    : False
2020-06-15 19:59:56,082: INFO): fgp_size    : 50
2020-06-15 21:14:17,250: INFO):    Accuracy:    0.499
2020-06-15 21:14:17,253: INFO):   g_av:    0.582
2020-06-15 21:14:17,253: INFO): OUT 3
2020-06-15 21:14:17,255: INFO): Echo model_config:
2020-06-15 21:14:17,255: INFO): 
activation: relu
concat: true
dropout: 0.27534647775698873
dropout_flag: false
fgp: false
fgp_size: 50
hidden_units: 100
hidden_units_mlp: 50
l2: 0.05320428113500612
lr: 0.0001
num_layers: 3

2020-06-15 21:14:17,255: INFO): Echo of GCNN module config:
2020-06-15 21:14:17,255: INFO): N_H         : 100
2020-06-15 21:14:17,255: INFO): max_atoms   : 88
2020-06-15 21:14:17,255: INFO): n_features  : 76
2020-06-15 21:14:17,255: INFO): dropout_prob:  0.28
2020-06-15 21:14:17,255: INFO): lr          : 0.000100
2020-06-15 21:14:17,255: INFO): l2_val      : 0.053204
2020-06-15 21:14:17,255: INFO): N_it        : 3
2020-06-15 21:14:17,255: INFO): activation  : relu
2020-06-15 21:14:17,255: INFO): drp_flag    : False
2020-06-15 21:14:17,255: INFO): concat      : True
2020-06-15 21:14:17,255: INFO): make_fgp    : False
2020-06-15 21:14:17,255: INFO): fgp_size    : 50
2020-06-15 21:14:17,637: INFO): Echo of GCNN module config:
2020-06-15 21:14:17,638: INFO): N_H         : 100
2020-06-15 21:14:17,638: INFO): max_atoms   : 80
2020-06-15 21:14:17,638: INFO): n_features  : 76
2020-06-15 21:14:17,638: INFO): dropout_prob:  0.28
2020-06-15 21:14:17,638: INFO): lr          : 0.000100
2020-06-15 21:14:17,638: INFO): l2_val      : 0.053204
2020-06-15 21:14:17,638: INFO): N_it        : 3
2020-06-15 21:14:17,638: INFO): activation  : relu
2020-06-15 21:14:17,638: INFO): drp_flag    : False
2020-06-15 21:14:17,638: INFO): concat      : True
2020-06-15 21:14:17,638: INFO): make_fgp    : False
2020-06-15 21:14:17,638: INFO): fgp_size    : 50
2020-06-15 22:28:34,893: INFO):    Accuracy:    0.606
2020-06-15 22:28:34,895: INFO):   g_av:    0.680
2020-06-15 22:28:34,895: INFO): OUT 4
2020-06-15 22:28:34,897: INFO): Echo model_config:
2020-06-15 22:28:34,897: INFO): 
activation: relu
concat: true
dropout: 0.27534647775698873
dropout_flag: false
fgp: false
fgp_size: 50
hidden_units: 100
hidden_units_mlp: 50
l2: 0.05320428113500612
lr: 0.0001
num_layers: 3

2020-06-15 22:28:34,897: INFO): Echo of GCNN module config:
2020-06-15 22:28:34,897: INFO): N_H         : 100
2020-06-15 22:28:34,898: INFO): max_atoms   : 88
2020-06-15 22:28:34,898: INFO): n_features  : 76
2020-06-15 22:28:34,898: INFO): dropout_prob:  0.28
2020-06-15 22:28:34,898: INFO): lr          : 0.000100
2020-06-15 22:28:34,898: INFO): l2_val      : 0.053204
2020-06-15 22:28:34,898: INFO): N_it        : 3
2020-06-15 22:28:34,898: INFO): activation  : relu
2020-06-15 22:28:34,898: INFO): drp_flag    : False
2020-06-15 22:28:34,898: INFO): concat      : True
2020-06-15 22:28:34,898: INFO): make_fgp    : False
2020-06-15 22:28:34,898: INFO): fgp_size    : 50
2020-06-15 22:28:35,293: INFO): Echo of GCNN module config:
2020-06-15 22:28:35,293: INFO): N_H         : 100
2020-06-15 22:28:35,294: INFO): max_atoms   : 80
2020-06-15 22:28:35,294: INFO): n_features  : 76
2020-06-15 22:28:35,294: INFO): dropout_prob:  0.28
2020-06-15 22:28:35,294: INFO): lr          : 0.000100
2020-06-15 22:28:35,294: INFO): l2_val      : 0.053204
2020-06-15 22:28:35,294: INFO): N_it        : 3
2020-06-15 22:28:35,294: INFO): activation  : relu
2020-06-15 22:28:35,294: INFO): drp_flag    : False
2020-06-15 22:28:35,294: INFO): concat      : True
2020-06-15 22:28:35,294: INFO): make_fgp    : False
2020-06-15 22:28:35,294: INFO): fgp_size    : 50
2020-06-15 23:41:45,715: INFO):    Accuracy:    0.588
2020-06-15 23:41:45,718: INFO):   g_av:    0.622
2020-06-15 23:41:45,718: INFO): OUT 5
2020-06-15 23:41:45,720: INFO): Echo model_config:
2020-06-15 23:41:45,720: INFO): 
activation: relu
concat: true
dropout: 0.27534647775698873
dropout_flag: false
fgp: false
fgp_size: 50
hidden_units: 100
hidden_units_mlp: 50
l2: 0.05320428113500612
lr: 0.0001
num_layers: 3

2020-06-15 23:41:45,720: INFO): Echo of GCNN module config:
2020-06-15 23:41:45,720: INFO): N_H         : 100
2020-06-15 23:41:45,720: INFO): max_atoms   : 88
2020-06-15 23:41:45,720: INFO): n_features  : 76
2020-06-15 23:41:45,720: INFO): dropout_prob:  0.28
2020-06-15 23:41:45,720: INFO): lr          : 0.000100
2020-06-15 23:41:45,720: INFO): l2_val      : 0.053204
2020-06-15 23:41:45,721: INFO): N_it        : 3
2020-06-15 23:41:45,721: INFO): activation  : relu
2020-06-15 23:41:45,721: INFO): drp_flag    : False
2020-06-15 23:41:45,721: INFO): concat      : True
2020-06-15 23:41:45,721: INFO): make_fgp    : False
2020-06-15 23:41:45,721: INFO): fgp_size    : 50
2020-06-15 23:41:46,134: INFO): Echo of GCNN module config:
2020-06-15 23:41:46,134: INFO): N_H         : 100
2020-06-15 23:41:46,134: INFO): max_atoms   : 80
2020-06-15 23:41:46,134: INFO): n_features  : 76
2020-06-15 23:41:46,134: INFO): dropout_prob:  0.28
2020-06-15 23:41:46,134: INFO): lr          : 0.000100
2020-06-15 23:41:46,134: INFO): l2_val      : 0.053204
2020-06-15 23:41:46,134: INFO): N_it        : 3
2020-06-15 23:41:46,134: INFO): activation  : relu
2020-06-15 23:41:46,134: INFO): drp_flag    : False
2020-06-15 23:41:46,134: INFO): concat      : True
2020-06-15 23:41:46,134: INFO): make_fgp    : False
2020-06-15 23:41:46,134: INFO): fgp_size    : 50
2020-06-16 00:55:04,029: INFO):    Accuracy:    0.604
2020-06-16 00:55:04,032: INFO):   g_av:    0.627
2020-06-16 00:55:04,096: INFO): Top 1,2,3: 0.403 0.616 0.765
2020-06-16 00:55:04,097: INFO): Fold 1
2020-06-16 00:55:04,734: INFO): OUT 0
2020-06-16 00:55:04,737: INFO): Echo model_config:
2020-06-16 00:55:04,737: INFO): 
activation: relu
concat: true
dropout: 0.27534647775698873
dropout_flag: false
fgp: false
fgp_size: 50
hidden_units: 100
hidden_units_mlp: 50
l2: 0.05320428113500612
lr: 0.0001
num_layers: 3

2020-06-16 00:55:04,737: INFO): Echo of GCNN module config:
2020-06-16 00:55:04,737: INFO): N_H         : 100
2020-06-16 00:55:04,737: INFO): max_atoms   : 88
2020-06-16 00:55:04,737: INFO): n_features  : 76
2020-06-16 00:55:04,737: INFO): dropout_prob:  0.28
2020-06-16 00:55:04,737: INFO): lr          : 0.000100
2020-06-16 00:55:04,737: INFO): l2_val      : 0.053204
2020-06-16 00:55:04,737: INFO): N_it        : 3
2020-06-16 00:55:04,737: INFO): activation  : relu
2020-06-16 00:55:04,737: INFO): drp_flag    : False
2020-06-16 00:55:04,737: INFO): concat      : True
2020-06-16 00:55:04,737: INFO): make_fgp    : False
2020-06-16 00:55:04,737: INFO): fgp_size    : 50
2020-06-16 00:55:05,175: INFO): Echo of GCNN module config:
2020-06-16 00:55:05,175: INFO): N_H         : 100
2020-06-16 00:55:05,175: INFO): max_atoms   : 80
2020-06-16 00:55:05,175: INFO): n_features  : 76
2020-06-16 00:55:05,175: INFO): dropout_prob:  0.28
2020-06-16 00:55:05,175: INFO): lr          : 0.000100
2020-06-16 00:55:05,175: INFO): l2_val      : 0.053204
2020-06-16 00:55:05,175: INFO): N_it        : 3
2020-06-16 00:55:05,175: INFO): activation  : relu
2020-06-16 00:55:05,175: INFO): drp_flag    : False
2020-06-16 00:55:05,175: INFO): concat      : True
2020-06-16 00:55:05,175: INFO): make_fgp    : False
2020-06-16 00:55:05,175: INFO): fgp_size    : 50
2020-06-16 02:08:46,761: INFO):    Accuracy:    0.569
2020-06-16 02:08:46,764: INFO):   g_av:    0.641
2020-06-16 02:08:46,764: INFO): OUT 1
2020-06-16 02:08:46,766: INFO): Echo model_config:
2020-06-16 02:08:46,766: INFO): 
activation: relu
concat: true
dropout: 0.27534647775698873
dropout_flag: false
fgp: false
fgp_size: 50
hidden_units: 100
hidden_units_mlp: 50
l2: 0.05320428113500612
lr: 0.0001
num_layers: 3

2020-06-16 02:08:46,766: INFO): Echo of GCNN module config:
2020-06-16 02:08:46,766: INFO): N_H         : 100
2020-06-16 02:08:46,766: INFO): max_atoms   : 88
2020-06-16 02:08:46,766: INFO): n_features  : 76
2020-06-16 02:08:46,766: INFO): dropout_prob:  0.28
2020-06-16 02:08:46,766: INFO): lr          : 0.000100
2020-06-16 02:08:46,766: INFO): l2_val      : 0.053204
2020-06-16 02:08:46,766: INFO): N_it        : 3
2020-06-16 02:08:46,766: INFO): activation  : relu
2020-06-16 02:08:46,766: INFO): drp_flag    : False
2020-06-16 02:08:46,767: INFO): concat      : True
2020-06-16 02:08:46,767: INFO): make_fgp    : False
2020-06-16 02:08:46,767: INFO): fgp_size    : 50
2020-06-16 02:08:47,203: INFO): Echo of GCNN module config:
2020-06-16 02:08:47,203: INFO): N_H         : 100
2020-06-16 02:08:47,203: INFO): max_atoms   : 80
2020-06-16 02:08:47,203: INFO): n_features  : 76
2020-06-16 02:08:47,203: INFO): dropout_prob:  0.28
2020-06-16 02:08:47,204: INFO): lr          : 0.000100
2020-06-16 02:08:47,204: INFO): l2_val      : 0.053204
2020-06-16 02:08:47,204: INFO): N_it        : 3
2020-06-16 02:08:47,204: INFO): activation  : relu
2020-06-16 02:08:47,204: INFO): drp_flag    : False
2020-06-16 02:08:47,204: INFO): concat      : True
2020-06-16 02:08:47,204: INFO): make_fgp    : False
2020-06-16 02:08:47,204: INFO): fgp_size    : 50
2020-06-16 03:22:23,389: INFO):    Accuracy:    0.645
2020-06-16 03:22:23,391: INFO):   g_av:    0.620
2020-06-16 03:22:23,391: INFO): OUT 2
2020-06-16 03:22:23,393: INFO): Echo model_config:
2020-06-16 03:22:23,393: INFO): 
activation: relu
concat: true
dropout: 0.27534647775698873
dropout_flag: false
fgp: false
fgp_size: 50
hidden_units: 100
hidden_units_mlp: 50
l2: 0.05320428113500612
lr: 0.0001
num_layers: 3

2020-06-16 03:22:23,393: INFO): Echo of GCNN module config:
2020-06-16 03:22:23,394: INFO): N_H         : 100
2020-06-16 03:22:23,394: INFO): max_atoms   : 88
2020-06-16 03:22:23,394: INFO): n_features  : 76
2020-06-16 03:22:23,394: INFO): dropout_prob:  0.28
2020-06-16 03:22:23,394: INFO): lr          : 0.000100
2020-06-16 03:22:23,394: INFO): l2_val      : 0.053204
2020-06-16 03:22:23,394: INFO): N_it        : 3
2020-06-16 03:22:23,394: INFO): activation  : relu
2020-06-16 03:22:23,394: INFO): drp_flag    : False
2020-06-16 03:22:23,394: INFO): concat      : True
2020-06-16 03:22:23,394: INFO): make_fgp    : False
2020-06-16 03:22:23,394: INFO): fgp_size    : 50
2020-06-16 03:22:23,839: INFO): Echo of GCNN module config:
2020-06-16 03:22:23,839: INFO): N_H         : 100
2020-06-16 03:22:23,839: INFO): max_atoms   : 80
2020-06-16 03:22:23,839: INFO): n_features  : 76
2020-06-16 03:22:23,839: INFO): dropout_prob:  0.28
2020-06-16 03:22:23,839: INFO): lr          : 0.000100
2020-06-16 03:22:23,839: INFO): l2_val      : 0.053204
2020-06-16 03:22:23,839: INFO): N_it        : 3
2020-06-16 03:22:23,839: INFO): activation  : relu
2020-06-16 03:22:23,839: INFO): drp_flag    : False
2020-06-16 03:22:23,839: INFO): concat      : True
2020-06-16 03:22:23,839: INFO): make_fgp    : False
2020-06-16 03:22:23,839: INFO): fgp_size    : 50
2020-06-16 04:36:08,305: INFO):    Accuracy:    0.419
2020-06-16 04:36:08,308: INFO):   g_av:    0.513
2020-06-16 04:36:08,308: INFO): OUT 3
2020-06-16 04:36:08,310: INFO): Echo model_config:
2020-06-16 04:36:08,310: INFO): 
activation: relu
concat: true
dropout: 0.27534647775698873
dropout_flag: false
fgp: false
fgp_size: 50
hidden_units: 100
hidden_units_mlp: 50
l2: 0.05320428113500612
lr: 0.0001
num_layers: 3

2020-06-16 04:36:08,310: INFO): Echo of GCNN module config:
2020-06-16 04:36:08,310: INFO): N_H         : 100
2020-06-16 04:36:08,310: INFO): max_atoms   : 88
2020-06-16 04:36:08,311: INFO): n_features  : 76
2020-06-16 04:36:08,311: INFO): dropout_prob:  0.28
2020-06-16 04:36:08,311: INFO): lr          : 0.000100
2020-06-16 04:36:08,311: INFO): l2_val      : 0.053204
2020-06-16 04:36:08,311: INFO): N_it        : 3
2020-06-16 04:36:08,311: INFO): activation  : relu
2020-06-16 04:36:08,311: INFO): drp_flag    : False
2020-06-16 04:36:08,311: INFO): concat      : True
2020-06-16 04:36:08,311: INFO): make_fgp    : False
2020-06-16 04:36:08,311: INFO): fgp_size    : 50
2020-06-16 04:36:08,767: INFO): Echo of GCNN module config:
2020-06-16 04:36:08,767: INFO): N_H         : 100
2020-06-16 04:36:08,767: INFO): max_atoms   : 80
2020-06-16 04:36:08,767: INFO): n_features  : 76
2020-06-16 04:36:08,768: INFO): dropout_prob:  0.28
2020-06-16 04:36:08,768: INFO): lr          : 0.000100
2020-06-16 04:36:08,768: INFO): l2_val      : 0.053204
2020-06-16 04:36:08,768: INFO): N_it        : 3
2020-06-16 04:36:08,768: INFO): activation  : relu
2020-06-16 04:36:08,768: INFO): drp_flag    : False
2020-06-16 04:36:08,768: INFO): concat      : True
2020-06-16 04:36:08,768: INFO): make_fgp    : False
2020-06-16 04:36:08,768: INFO): fgp_size    : 50
2020-06-16 05:49:59,715: INFO):    Accuracy:    0.623
2020-06-16 05:49:59,718: INFO):   g_av:    0.673
2020-06-16 05:49:59,718: INFO): OUT 4
2020-06-16 05:49:59,720: INFO): Echo model_config:
2020-06-16 05:49:59,720: INFO): 
activation: relu
concat: true
dropout: 0.27534647775698873
dropout_flag: false
fgp: false
fgp_size: 50
hidden_units: 100
hidden_units_mlp: 50
l2: 0.05320428113500612
lr: 0.0001
num_layers: 3

2020-06-16 05:49:59,720: INFO): Echo of GCNN module config:
2020-06-16 05:49:59,720: INFO): N_H         : 100
2020-06-16 05:49:59,721: INFO): max_atoms   : 88
2020-06-16 05:49:59,721: INFO): n_features  : 76
2020-06-16 05:49:59,721: INFO): dropout_prob:  0.28
2020-06-16 05:49:59,721: INFO): lr          : 0.000100
2020-06-16 05:49:59,721: INFO): l2_val      : 0.053204
2020-06-16 05:49:59,721: INFO): N_it        : 3
2020-06-16 05:49:59,721: INFO): activation  : relu
2020-06-16 05:49:59,721: INFO): drp_flag    : False
2020-06-16 05:49:59,721: INFO): concat      : True
2020-06-16 05:49:59,721: INFO): make_fgp    : False
2020-06-16 05:49:59,721: INFO): fgp_size    : 50
2020-06-16 05:50:00,416: INFO): Echo of GCNN module config:
2020-06-16 05:50:00,416: INFO): N_H         : 100
2020-06-16 05:50:00,416: INFO): max_atoms   : 80
2020-06-16 05:50:00,416: INFO): n_features  : 76
2020-06-16 05:50:00,416: INFO): dropout_prob:  0.28
2020-06-16 05:50:00,416: INFO): lr          : 0.000100
2020-06-16 05:50:00,416: INFO): l2_val      : 0.053204
2020-06-16 05:50:00,416: INFO): N_it        : 3
2020-06-16 05:50:00,416: INFO): activation  : relu
2020-06-16 05:50:00,416: INFO): drp_flag    : False
2020-06-16 05:50:00,416: INFO): concat      : True
2020-06-16 05:50:00,416: INFO): make_fgp    : False
2020-06-16 05:50:00,416: INFO): fgp_size    : 50
2020-06-16 07:04:02,247: INFO):    Accuracy:    0.593
2020-06-16 07:04:02,250: INFO):   g_av:    0.633
2020-06-16 07:04:02,250: INFO): OUT 5
2020-06-16 07:04:02,252: INFO): Echo model_config:
2020-06-16 07:04:02,252: INFO): 
activation: relu
concat: true
dropout: 0.27534647775698873
dropout_flag: false
fgp: false
fgp_size: 50
hidden_units: 100
hidden_units_mlp: 50
l2: 0.05320428113500612
lr: 0.0001
num_layers: 3

2020-06-16 07:04:02,252: INFO): Echo of GCNN module config:
2020-06-16 07:04:02,252: INFO): N_H         : 100
2020-06-16 07:04:02,252: INFO): max_atoms   : 88
2020-06-16 07:04:02,252: INFO): n_features  : 76
2020-06-16 07:04:02,252: INFO): dropout_prob:  0.28
2020-06-16 07:04:02,252: INFO): lr          : 0.000100
2020-06-16 07:04:02,252: INFO): l2_val      : 0.053204
2020-06-16 07:04:02,252: INFO): N_it        : 3
2020-06-16 07:04:02,252: INFO): activation  : relu
2020-06-16 07:04:02,252: INFO): drp_flag    : False
2020-06-16 07:04:02,252: INFO): concat      : True
2020-06-16 07:04:02,252: INFO): make_fgp    : False
2020-06-16 07:04:02,252: INFO): fgp_size    : 50
2020-06-16 07:04:02,732: INFO): Echo of GCNN module config:
2020-06-16 07:04:02,732: INFO): N_H         : 100
2020-06-16 07:04:02,732: INFO): max_atoms   : 80
2020-06-16 07:04:02,732: INFO): n_features  : 76
2020-06-16 07:04:02,732: INFO): dropout_prob:  0.28
2020-06-16 07:04:02,732: INFO): lr          : 0.000100
2020-06-16 07:04:02,732: INFO): l2_val      : 0.053204
2020-06-16 07:04:02,732: INFO): N_it        : 3
2020-06-16 07:04:02,732: INFO): activation  : relu
2020-06-16 07:04:02,732: INFO): drp_flag    : False
2020-06-16 07:04:02,732: INFO): concat      : True
2020-06-16 07:04:02,732: INFO): make_fgp    : False
2020-06-16 07:04:02,732: INFO): fgp_size    : 50
2020-06-16 08:18:05,787: INFO):    Accuracy:    0.717
2020-06-16 08:18:05,790: INFO):   g_av:    0.712
2020-06-16 08:18:05,855: INFO): Top 1,2,3: 0.398 0.615 0.764
2020-06-16 08:18:05,856: INFO): Fold 2
2020-06-16 08:18:06,481: INFO): OUT 0
2020-06-16 08:18:06,483: INFO): Echo model_config:
2020-06-16 08:18:06,483: INFO): 
activation: relu
concat: true
dropout: 0.27534647775698873
dropout_flag: false
fgp: false
fgp_size: 50
hidden_units: 100
hidden_units_mlp: 50
l2: 0.05320428113500612
lr: 0.0001
num_layers: 3

2020-06-16 08:18:06,483: INFO): Echo of GCNN module config:
2020-06-16 08:18:06,483: INFO): N_H         : 100
2020-06-16 08:18:06,483: INFO): max_atoms   : 88
2020-06-16 08:18:06,483: INFO): n_features  : 76
2020-06-16 08:18:06,483: INFO): dropout_prob:  0.28
2020-06-16 08:18:06,484: INFO): lr          : 0.000100
2020-06-16 08:18:06,484: INFO): l2_val      : 0.053204
2020-06-16 08:18:06,484: INFO): N_it        : 3
2020-06-16 08:18:06,484: INFO): activation  : relu
2020-06-16 08:18:06,484: INFO): drp_flag    : False
2020-06-16 08:18:06,484: INFO): concat      : True
2020-06-16 08:18:06,484: INFO): make_fgp    : False
2020-06-16 08:18:06,484: INFO): fgp_size    : 50
2020-06-16 08:18:06,972: INFO): Echo of GCNN module config:
2020-06-16 08:18:06,972: INFO): N_H         : 100
2020-06-16 08:18:06,972: INFO): max_atoms   : 80
2020-06-16 08:18:06,972: INFO): n_features  : 76
2020-06-16 08:18:06,972: INFO): dropout_prob:  0.28
2020-06-16 08:18:06,972: INFO): lr          : 0.000100
2020-06-16 08:18:06,972: INFO): l2_val      : 0.053204
2020-06-16 08:18:06,972: INFO): N_it        : 3
2020-06-16 08:18:06,972: INFO): activation  : relu
2020-06-16 08:18:06,972: INFO): drp_flag    : False
2020-06-16 08:18:06,972: INFO): concat      : True
2020-06-16 08:18:06,972: INFO): make_fgp    : False
2020-06-16 08:18:06,972: INFO): fgp_size    : 50
2020-06-16 09:37:23,848: INFO):    Accuracy:    0.642
2020-06-16 09:37:23,851: INFO):   g_av:    0.721
2020-06-16 09:37:23,851: INFO): OUT 1
2020-06-16 09:37:23,853: INFO): Echo model_config:
2020-06-16 09:37:23,853: INFO): 
activation: relu
concat: true
dropout: 0.27534647775698873
dropout_flag: false
fgp: false
fgp_size: 50
hidden_units: 100
hidden_units_mlp: 50
l2: 0.05320428113500612
lr: 0.0001
num_layers: 3

2020-06-16 09:37:23,853: INFO): Echo of GCNN module config:
2020-06-16 09:37:23,853: INFO): N_H         : 100
2020-06-16 09:37:23,853: INFO): max_atoms   : 88
2020-06-16 09:37:23,853: INFO): n_features  : 76
2020-06-16 09:37:23,853: INFO): dropout_prob:  0.28
2020-06-16 09:37:23,853: INFO): lr          : 0.000100
2020-06-16 09:37:23,853: INFO): l2_val      : 0.053204
2020-06-16 09:37:23,853: INFO): N_it        : 3
2020-06-16 09:37:23,853: INFO): activation  : relu
2020-06-16 09:37:23,853: INFO): drp_flag    : False
2020-06-16 09:37:23,853: INFO): concat      : True
2020-06-16 09:37:23,853: INFO): make_fgp    : False
2020-06-16 09:37:23,853: INFO): fgp_size    : 50
2020-06-16 09:37:24,360: INFO): Echo of GCNN module config:
2020-06-16 09:37:24,360: INFO): N_H         : 100
2020-06-16 09:37:24,360: INFO): max_atoms   : 80
2020-06-16 09:37:24,360: INFO): n_features  : 76
2020-06-16 09:37:24,360: INFO): dropout_prob:  0.28
2020-06-16 09:37:24,360: INFO): lr          : 0.000100
2020-06-16 09:37:24,360: INFO): l2_val      : 0.053204
2020-06-16 09:37:24,360: INFO): N_it        : 3
2020-06-16 09:37:24,360: INFO): activation  : relu
2020-06-16 09:37:24,360: INFO): drp_flag    : False
2020-06-16 09:37:24,360: INFO): concat      : True
2020-06-16 09:37:24,360: INFO): make_fgp    : False
2020-06-16 09:37:24,360: INFO): fgp_size    : 50
2020-06-16 10:54:31,983: INFO):    Accuracy:    0.588
2020-06-16 10:54:31,985: INFO):   g_av:    0.622
2020-06-16 10:54:31,985: INFO): OUT 2
2020-06-16 10:54:31,987: INFO): Echo model_config:
2020-06-16 10:54:31,987: INFO): 
activation: relu
concat: true
dropout: 0.27534647775698873
dropout_flag: false
fgp: false
fgp_size: 50
hidden_units: 100
hidden_units_mlp: 50
l2: 0.05320428113500612
lr: 0.0001
num_layers: 3

2020-06-16 10:54:31,987: INFO): Echo of GCNN module config:
2020-06-16 10:54:31,988: INFO): N_H         : 100
2020-06-16 10:54:31,988: INFO): max_atoms   : 88
2020-06-16 10:54:31,988: INFO): n_features  : 76
2020-06-16 10:54:31,988: INFO): dropout_prob:  0.28
2020-06-16 10:54:31,988: INFO): lr          : 0.000100
2020-06-16 10:54:31,988: INFO): l2_val      : 0.053204
2020-06-16 10:54:31,988: INFO): N_it        : 3
2020-06-16 10:54:31,988: INFO): activation  : relu
2020-06-16 10:54:31,988: INFO): drp_flag    : False
2020-06-16 10:54:31,988: INFO): concat      : True
2020-06-16 10:54:31,988: INFO): make_fgp    : False
2020-06-16 10:54:31,988: INFO): fgp_size    : 50
2020-06-16 10:54:32,508: INFO): Echo of GCNN module config:
2020-06-16 10:54:32,508: INFO): N_H         : 100
2020-06-16 10:54:32,508: INFO): max_atoms   : 80
2020-06-16 10:54:32,508: INFO): n_features  : 76
2020-06-16 10:54:32,508: INFO): dropout_prob:  0.28
2020-06-16 10:54:32,508: INFO): lr          : 0.000100
2020-06-16 10:54:32,508: INFO): l2_val      : 0.053204
2020-06-16 10:54:32,508: INFO): N_it        : 3
2020-06-16 10:54:32,508: INFO): activation  : relu
2020-06-16 10:54:32,509: INFO): drp_flag    : False
2020-06-16 10:54:32,509: INFO): concat      : True
2020-06-16 10:54:32,509: INFO): make_fgp    : False
2020-06-16 10:54:32,509: INFO): fgp_size    : 50
2020-06-16 12:13:38,358: INFO):    Accuracy:    0.617
2020-06-16 12:13:38,361: INFO):   g_av:    0.672
2020-06-16 12:13:38,361: INFO): OUT 3
2020-06-16 12:13:38,363: INFO): Echo model_config:
2020-06-16 12:13:38,363: INFO): 
activation: relu
concat: true
dropout: 0.27534647775698873
dropout_flag: false
fgp: false
fgp_size: 50
hidden_units: 100
hidden_units_mlp: 50
l2: 0.05320428113500612
lr: 0.0001
num_layers: 3

2020-06-16 12:13:38,363: INFO): Echo of GCNN module config:
2020-06-16 12:13:38,363: INFO): N_H         : 100
2020-06-16 12:13:38,363: INFO): max_atoms   : 88
2020-06-16 12:13:38,363: INFO): n_features  : 76
2020-06-16 12:13:38,363: INFO): dropout_prob:  0.28
2020-06-16 12:13:38,363: INFO): lr          : 0.000100
2020-06-16 12:13:38,363: INFO): l2_val      : 0.053204
2020-06-16 12:13:38,363: INFO): N_it        : 3
2020-06-16 12:13:38,363: INFO): activation  : relu
2020-06-16 12:13:38,363: INFO): drp_flag    : False
2020-06-16 12:13:38,363: INFO): concat      : True
2020-06-16 12:13:38,363: INFO): make_fgp    : False
2020-06-16 12:13:38,363: INFO): fgp_size    : 50
2020-06-16 12:13:38,906: INFO): Echo of GCNN module config:
2020-06-16 12:13:38,906: INFO): N_H         : 100
2020-06-16 12:13:38,906: INFO): max_atoms   : 80
2020-06-16 12:13:38,906: INFO): n_features  : 76
2020-06-16 12:13:38,906: INFO): dropout_prob:  0.28
2020-06-16 12:13:38,906: INFO): lr          : 0.000100
2020-06-16 12:13:38,906: INFO): l2_val      : 0.053204
2020-06-16 12:13:38,906: INFO): N_it        : 3
2020-06-16 12:13:38,906: INFO): activation  : relu
2020-06-16 12:13:38,906: INFO): drp_flag    : False
2020-06-16 12:13:38,906: INFO): concat      : True
2020-06-16 12:13:38,906: INFO): make_fgp    : False
2020-06-16 12:13:38,906: INFO): fgp_size    : 50
2020-06-16 13:30:32,502: INFO):    Accuracy:    0.508
2020-06-16 13:30:32,505: INFO):   g_av:    0.588
2020-06-16 13:30:32,505: INFO): OUT 4
2020-06-16 13:30:32,507: INFO): Echo model_config:
2020-06-16 13:30:32,507: INFO): 
activation: relu
concat: true
dropout: 0.27534647775698873
dropout_flag: false
fgp: false
fgp_size: 50
hidden_units: 100
hidden_units_mlp: 50
l2: 0.05320428113500612
lr: 0.0001
num_layers: 3

2020-06-16 13:30:32,507: INFO): Echo of GCNN module config:
2020-06-16 13:30:32,507: INFO): N_H         : 100
2020-06-16 13:30:32,507: INFO): max_atoms   : 88
2020-06-16 13:30:32,507: INFO): n_features  : 76
2020-06-16 13:30:32,507: INFO): dropout_prob:  0.28
2020-06-16 13:30:32,507: INFO): lr          : 0.000100
2020-06-16 13:30:32,507: INFO): l2_val      : 0.053204
2020-06-16 13:30:32,507: INFO): N_it        : 3
2020-06-16 13:30:32,507: INFO): activation  : relu
2020-06-16 13:30:32,507: INFO): drp_flag    : False
2020-06-16 13:30:32,507: INFO): concat      : True
2020-06-16 13:30:32,507: INFO): make_fgp    : False
2020-06-16 13:30:32,508: INFO): fgp_size    : 50
2020-06-16 13:30:33,045: INFO): Echo of GCNN module config:
2020-06-16 13:30:33,045: INFO): N_H         : 100
2020-06-16 13:30:33,045: INFO): max_atoms   : 80
2020-06-16 13:30:33,046: INFO): n_features  : 76
2020-06-16 13:30:33,046: INFO): dropout_prob:  0.28
2020-06-16 13:30:33,046: INFO): lr          : 0.000100
2020-06-16 13:30:33,046: INFO): l2_val      : 0.053204
2020-06-16 13:30:33,046: INFO): N_it        : 3
2020-06-16 13:30:33,046: INFO): activation  : relu
2020-06-16 13:30:33,046: INFO): drp_flag    : False
2020-06-16 13:30:33,046: INFO): concat      : True
2020-06-16 13:30:33,046: INFO): make_fgp    : False
2020-06-16 13:30:33,046: INFO): fgp_size    : 50
2020-06-16 14:45:58,612: INFO):    Accuracy:    0.757
2020-06-16 14:45:58,615: INFO):   g_av:    0.691
2020-06-16 14:45:58,615: INFO): OUT 5
2020-06-16 14:45:58,617: INFO): Echo model_config:
2020-06-16 14:45:58,617: INFO): 
activation: relu
concat: true
dropout: 0.27534647775698873
dropout_flag: false
fgp: false
fgp_size: 50
hidden_units: 100
hidden_units_mlp: 50
l2: 0.05320428113500612
lr: 0.0001
num_layers: 3

2020-06-16 14:45:58,617: INFO): Echo of GCNN module config:
2020-06-16 14:45:58,617: INFO): N_H         : 100
2020-06-16 14:45:58,617: INFO): max_atoms   : 88
2020-06-16 14:45:58,617: INFO): n_features  : 76
2020-06-16 14:45:58,617: INFO): dropout_prob:  0.28
2020-06-16 14:45:58,617: INFO): lr          : 0.000100
2020-06-16 14:45:58,617: INFO): l2_val      : 0.053204
2020-06-16 14:45:58,617: INFO): N_it        : 3
2020-06-16 14:45:58,617: INFO): activation  : relu
2020-06-16 14:45:58,617: INFO): drp_flag    : False
2020-06-16 14:45:58,617: INFO): concat      : True
2020-06-16 14:45:58,617: INFO): make_fgp    : False
2020-06-16 14:45:58,617: INFO): fgp_size    : 50
2020-06-16 14:45:59,169: INFO): Echo of GCNN module config:
2020-06-16 14:45:59,169: INFO): N_H         : 100
2020-06-16 14:45:59,169: INFO): max_atoms   : 80
2020-06-16 14:45:59,169: INFO): n_features  : 76
2020-06-16 14:45:59,169: INFO): dropout_prob:  0.28
2020-06-16 14:45:59,169: INFO): lr          : 0.000100
2020-06-16 14:45:59,169: INFO): l2_val      : 0.053204
2020-06-16 14:45:59,169: INFO): N_it        : 3
2020-06-16 14:45:59,169: INFO): activation  : relu
2020-06-16 14:45:59,169: INFO): drp_flag    : False
2020-06-16 14:45:59,170: INFO): concat      : True
2020-06-16 14:45:59,170: INFO): make_fgp    : False
2020-06-16 14:45:59,170: INFO): fgp_size    : 50
2020-06-16 16:01:14,789: INFO):    Accuracy:    0.543
2020-06-16 16:01:14,792: INFO):   g_av:    0.591
2020-06-16 16:01:14,856: INFO): Top 1,2,3: 0.454 0.649 0.783
2020-06-16 16:01:14,856: INFO): Fold 3
2020-06-16 16:01:15,467: INFO): OUT 0
2020-06-16 16:01:15,469: INFO): Echo model_config:
2020-06-16 16:01:15,469: INFO): 
activation: relu
concat: true
dropout: 0.27534647775698873
dropout_flag: false
fgp: false
fgp_size: 50
hidden_units: 100
hidden_units_mlp: 50
l2: 0.05320428113500612
lr: 0.0001
num_layers: 3

2020-06-16 16:01:15,469: INFO): Echo of GCNN module config:
2020-06-16 16:01:15,469: INFO): N_H         : 100
2020-06-16 16:01:15,469: INFO): max_atoms   : 88
2020-06-16 16:01:15,469: INFO): n_features  : 76
2020-06-16 16:01:15,469: INFO): dropout_prob:  0.28
2020-06-16 16:01:15,469: INFO): lr          : 0.000100
2020-06-16 16:01:15,469: INFO): l2_val      : 0.053204
2020-06-16 16:01:15,469: INFO): N_it        : 3
2020-06-16 16:01:15,469: INFO): activation  : relu
2020-06-16 16:01:15,469: INFO): drp_flag    : False
2020-06-16 16:01:15,469: INFO): concat      : True
2020-06-16 16:01:15,469: INFO): make_fgp    : False
2020-06-16 16:01:15,469: INFO): fgp_size    : 50
2020-06-16 16:01:16,427: INFO): Echo of GCNN module config:
2020-06-16 16:01:16,428: INFO): N_H         : 100
2020-06-16 16:01:16,428: INFO): max_atoms   : 80
2020-06-16 16:01:16,428: INFO): n_features  : 76
2020-06-16 16:01:16,428: INFO): dropout_prob:  0.28
2020-06-16 16:01:16,428: INFO): lr          : 0.000100
2020-06-16 16:01:16,428: INFO): l2_val      : 0.053204
2020-06-16 16:01:16,428: INFO): N_it        : 3
2020-06-16 16:01:16,428: INFO): activation  : relu
2020-06-16 16:01:16,428: INFO): drp_flag    : False
2020-06-16 16:01:16,428: INFO): concat      : True
2020-06-16 16:01:16,428: INFO): make_fgp    : False
2020-06-16 16:01:16,428: INFO): fgp_size    : 50
2020-06-16 17:16:12,333: INFO):    Accuracy:    0.781
2020-06-16 17:16:12,335: INFO):   g_av:    0.559
2020-06-16 17:16:12,336: INFO): OUT 1
2020-06-16 17:16:12,337: INFO): Echo model_config:
2020-06-16 17:16:12,338: INFO): 
activation: relu
concat: true
dropout: 0.27534647775698873
dropout_flag: false
fgp: false
fgp_size: 50
hidden_units: 100
hidden_units_mlp: 50
l2: 0.05320428113500612
lr: 0.0001
num_layers: 3

2020-06-16 17:16:12,338: INFO): Echo of GCNN module config:
2020-06-16 17:16:12,338: INFO): N_H         : 100
2020-06-16 17:16:12,338: INFO): max_atoms   : 88
2020-06-16 17:16:12,338: INFO): n_features  : 76
2020-06-16 17:16:12,338: INFO): dropout_prob:  0.28
2020-06-16 17:16:12,338: INFO): lr          : 0.000100
2020-06-16 17:16:12,338: INFO): l2_val      : 0.053204
2020-06-16 17:16:12,338: INFO): N_it        : 3
2020-06-16 17:16:12,338: INFO): activation  : relu
2020-06-16 17:16:12,338: INFO): drp_flag    : False
2020-06-16 17:16:12,338: INFO): concat      : True
2020-06-16 17:16:12,338: INFO): make_fgp    : False
2020-06-16 17:16:12,338: INFO): fgp_size    : 50
2020-06-16 17:16:12,907: INFO): Echo of GCNN module config:
2020-06-16 17:16:12,907: INFO): N_H         : 100
2020-06-16 17:16:12,907: INFO): max_atoms   : 80
2020-06-16 17:16:12,907: INFO): n_features  : 76
2020-06-16 17:16:12,907: INFO): dropout_prob:  0.28
2020-06-16 17:16:12,907: INFO): lr          : 0.000100
2020-06-16 17:16:12,907: INFO): l2_val      : 0.053204
2020-06-16 17:16:12,907: INFO): N_it        : 3
2020-06-16 17:16:12,907: INFO): activation  : relu
2020-06-16 17:16:12,907: INFO): drp_flag    : False
2020-06-16 17:16:12,907: INFO): concat      : True
2020-06-16 17:16:12,907: INFO): make_fgp    : False
2020-06-16 17:16:12,907: INFO): fgp_size    : 50
2020-06-16 18:34:21,382: INFO):    Accuracy:    0.386
2020-06-16 18:34:21,385: INFO):   g_av:    0.523
2020-06-16 18:34:21,385: INFO): OUT 2
2020-06-16 18:34:21,387: INFO): Echo model_config:
2020-06-16 18:34:21,387: INFO): 
activation: relu
concat: true
dropout: 0.27534647775698873
dropout_flag: false
fgp: false
fgp_size: 50
hidden_units: 100
hidden_units_mlp: 50
l2: 0.05320428113500612
lr: 0.0001
num_layers: 3

2020-06-16 18:34:21,387: INFO): Echo of GCNN module config:
2020-06-16 18:34:21,387: INFO): N_H         : 100
2020-06-16 18:34:21,387: INFO): max_atoms   : 88
2020-06-16 18:34:21,387: INFO): n_features  : 76
2020-06-16 18:34:21,387: INFO): dropout_prob:  0.28
2020-06-16 18:34:21,387: INFO): lr          : 0.000100
2020-06-16 18:34:21,387: INFO): l2_val      : 0.053204
2020-06-16 18:34:21,387: INFO): N_it        : 3
2020-06-16 18:34:21,387: INFO): activation  : relu
2020-06-16 18:34:21,387: INFO): drp_flag    : False
2020-06-16 18:34:21,387: INFO): concat      : True
2020-06-16 18:34:21,387: INFO): make_fgp    : False
2020-06-16 18:34:21,387: INFO): fgp_size    : 50
2020-06-16 18:34:21,986: INFO): Echo of GCNN module config:
2020-06-16 18:34:21,986: INFO): N_H         : 100
2020-06-16 18:34:21,986: INFO): max_atoms   : 80
2020-06-16 18:34:21,986: INFO): n_features  : 76
2020-06-16 18:34:21,986: INFO): dropout_prob:  0.28
2020-06-16 18:34:21,987: INFO): lr          : 0.000100
2020-06-16 18:34:21,987: INFO): l2_val      : 0.053204
2020-06-16 18:34:21,987: INFO): N_it        : 3
2020-06-16 18:34:21,987: INFO): activation  : relu
2020-06-16 18:34:21,987: INFO): drp_flag    : False
2020-06-16 18:34:21,987: INFO): concat      : True
2020-06-16 18:34:21,987: INFO): make_fgp    : False
2020-06-16 18:34:21,987: INFO): fgp_size    : 50
2020-06-16 19:52:12,145: INFO):    Accuracy:    0.580
2020-06-16 19:52:12,148: INFO):   g_av:    0.621
2020-06-16 19:52:12,148: INFO): OUT 3
2020-06-16 19:52:12,151: INFO): Echo model_config:
2020-06-16 19:52:12,151: INFO): 
activation: relu
concat: true
dropout: 0.27534647775698873
dropout_flag: false
fgp: false
fgp_size: 50
hidden_units: 100
hidden_units_mlp: 50
l2: 0.05320428113500612
lr: 0.0001
num_layers: 3

2020-06-16 19:52:12,151: INFO): Echo of GCNN module config:
2020-06-16 19:52:12,151: INFO): N_H         : 100
2020-06-16 19:52:12,151: INFO): max_atoms   : 88
2020-06-16 19:52:12,151: INFO): n_features  : 76
2020-06-16 19:52:12,151: INFO): dropout_prob:  0.28
2020-06-16 19:52:12,151: INFO): lr          : 0.000100
2020-06-16 19:52:12,152: INFO): l2_val      : 0.053204
2020-06-16 19:52:12,152: INFO): N_it        : 3
2020-06-16 19:52:12,152: INFO): activation  : relu
2020-06-16 19:52:12,152: INFO): drp_flag    : False
2020-06-16 19:52:12,152: INFO): concat      : True
2020-06-16 19:52:12,152: INFO): make_fgp    : False
2020-06-16 19:52:12,152: INFO): fgp_size    : 50
2020-06-16 19:52:12,793: INFO): Echo of GCNN module config:
2020-06-16 19:52:12,793: INFO): N_H         : 100
2020-06-16 19:52:12,793: INFO): max_atoms   : 80
2020-06-16 19:52:12,793: INFO): n_features  : 76
2020-06-16 19:52:12,793: INFO): dropout_prob:  0.28
2020-06-16 19:52:12,793: INFO): lr          : 0.000100
2020-06-16 19:52:12,793: INFO): l2_val      : 0.053204
2020-06-16 19:52:12,793: INFO): N_it        : 3
2020-06-16 19:52:12,793: INFO): activation  : relu
2020-06-16 19:52:12,794: INFO): drp_flag    : False
2020-06-16 19:52:12,794: INFO): concat      : True
2020-06-16 19:52:12,794: INFO): make_fgp    : False
2020-06-16 19:52:12,794: INFO): fgp_size    : 50
2020-06-16 21:11:16,076: INFO):    Accuracy:    0.625
2020-06-16 21:11:16,079: INFO):   g_av:    0.650
2020-06-16 21:11:16,079: INFO): OUT 4
2020-06-16 21:11:16,081: INFO): Echo model_config:
2020-06-16 21:11:16,081: INFO): 
activation: relu
concat: true
dropout: 0.27534647775698873
dropout_flag: false
fgp: false
fgp_size: 50
hidden_units: 100
hidden_units_mlp: 50
l2: 0.05320428113500612
lr: 0.0001
num_layers: 3

2020-06-16 21:11:16,081: INFO): Echo of GCNN module config:
2020-06-16 21:11:16,081: INFO): N_H         : 100
2020-06-16 21:11:16,081: INFO): max_atoms   : 88
2020-06-16 21:11:16,081: INFO): n_features  : 76
2020-06-16 21:11:16,081: INFO): dropout_prob:  0.28
2020-06-16 21:11:16,081: INFO): lr          : 0.000100
2020-06-16 21:11:16,081: INFO): l2_val      : 0.053204
2020-06-16 21:11:16,081: INFO): N_it        : 3
2020-06-16 21:11:16,081: INFO): activation  : relu
2020-06-16 21:11:16,081: INFO): drp_flag    : False
2020-06-16 21:11:16,081: INFO): concat      : True
2020-06-16 21:11:16,081: INFO): make_fgp    : False
2020-06-16 21:11:16,081: INFO): fgp_size    : 50
2020-06-16 21:11:16,729: INFO): Echo of GCNN module config:
2020-06-16 21:11:16,729: INFO): N_H         : 100
2020-06-16 21:11:16,729: INFO): max_atoms   : 80
2020-06-16 21:11:16,729: INFO): n_features  : 76
2020-06-16 21:11:16,729: INFO): dropout_prob:  0.28
2020-06-16 21:11:16,729: INFO): lr          : 0.000100
2020-06-16 21:11:16,729: INFO): l2_val      : 0.053204
2020-06-16 21:11:16,729: INFO): N_it        : 3
2020-06-16 21:11:16,729: INFO): activation  : relu
2020-06-16 21:11:16,729: INFO): drp_flag    : False
2020-06-16 21:11:16,729: INFO): concat      : True
2020-06-16 21:11:16,729: INFO): make_fgp    : False
2020-06-16 21:11:16,729: INFO): fgp_size    : 50
2020-06-16 22:29:52,205: INFO):    Accuracy:    0.662
2020-06-16 22:29:52,208: INFO):   g_av:    0.629
2020-06-16 22:29:52,208: INFO): OUT 5
2020-06-16 22:29:52,210: INFO): Echo model_config:
2020-06-16 22:29:52,210: INFO): 
activation: relu
concat: true
dropout: 0.27534647775698873
dropout_flag: false
fgp: false
fgp_size: 50
hidden_units: 100
hidden_units_mlp: 50
l2: 0.05320428113500612
lr: 0.0001
num_layers: 3

2020-06-16 22:29:52,210: INFO): Echo of GCNN module config:
2020-06-16 22:29:52,210: INFO): N_H         : 100
2020-06-16 22:29:52,210: INFO): max_atoms   : 88
2020-06-16 22:29:52,210: INFO): n_features  : 76
2020-06-16 22:29:52,210: INFO): dropout_prob:  0.28
2020-06-16 22:29:52,210: INFO): lr          : 0.000100
2020-06-16 22:29:52,210: INFO): l2_val      : 0.053204
2020-06-16 22:29:52,210: INFO): N_it        : 3
2020-06-16 22:29:52,210: INFO): activation  : relu
2020-06-16 22:29:52,210: INFO): drp_flag    : False
2020-06-16 22:29:52,210: INFO): concat      : True
2020-06-16 22:29:52,210: INFO): make_fgp    : False
2020-06-16 22:29:52,210: INFO): fgp_size    : 50
2020-06-16 22:29:52,839: INFO): Echo of GCNN module config:
2020-06-16 22:29:52,839: INFO): N_H         : 100
2020-06-16 22:29:52,839: INFO): max_atoms   : 80
2020-06-16 22:29:52,839: INFO): n_features  : 76
2020-06-16 22:29:52,839: INFO): dropout_prob:  0.28
2020-06-16 22:29:52,839: INFO): lr          : 0.000100
2020-06-16 22:29:52,839: INFO): l2_val      : 0.053204
2020-06-16 22:29:52,840: INFO): N_it        : 3
2020-06-16 22:29:52,840: INFO): activation  : relu
2020-06-16 22:29:52,840: INFO): drp_flag    : False
2020-06-16 22:29:52,840: INFO): concat      : True
2020-06-16 22:29:52,840: INFO): make_fgp    : False
2020-06-16 22:29:52,840: INFO): fgp_size    : 50
2020-06-16 23:46:06,462: INFO):    Accuracy:    0.602
2020-06-16 23:46:06,464: INFO):   g_av:    0.616
2020-06-16 23:46:06,530: INFO): Top 1,2,3: 0.337 0.535 0.684
2020-06-16 23:46:06,530: INFO): Fold 4
2020-06-16 23:46:07,136: INFO): OUT 0
2020-06-16 23:46:07,138: INFO): Echo model_config:
2020-06-16 23:46:07,138: INFO): 
activation: relu
concat: true
dropout: 0.27534647775698873
dropout_flag: false
fgp: false
fgp_size: 50
hidden_units: 100
hidden_units_mlp: 50
l2: 0.05320428113500612
lr: 0.0001
num_layers: 3

2020-06-16 23:46:07,138: INFO): Echo of GCNN module config:
2020-06-16 23:46:07,138: INFO): N_H         : 100
2020-06-16 23:46:07,138: INFO): max_atoms   : 88
2020-06-16 23:46:07,138: INFO): n_features  : 76
2020-06-16 23:46:07,138: INFO): dropout_prob:  0.28
2020-06-16 23:46:07,138: INFO): lr          : 0.000100
2020-06-16 23:46:07,138: INFO): l2_val      : 0.053204
2020-06-16 23:46:07,138: INFO): N_it        : 3
2020-06-16 23:46:07,138: INFO): activation  : relu
2020-06-16 23:46:07,139: INFO): drp_flag    : False
2020-06-16 23:46:07,139: INFO): concat      : True
2020-06-16 23:46:07,139: INFO): make_fgp    : False
2020-06-16 23:46:07,139: INFO): fgp_size    : 50
2020-06-16 23:46:07,774: INFO): Echo of GCNN module config:
2020-06-16 23:46:07,774: INFO): N_H         : 100
2020-06-16 23:46:07,774: INFO): max_atoms   : 80
2020-06-16 23:46:07,774: INFO): n_features  : 76
2020-06-16 23:46:07,774: INFO): dropout_prob:  0.28
2020-06-16 23:46:07,774: INFO): lr          : 0.000100
2020-06-16 23:46:07,774: INFO): l2_val      : 0.053204
2020-06-16 23:46:07,774: INFO): N_it        : 3
2020-06-16 23:46:07,774: INFO): activation  : relu
2020-06-16 23:46:07,774: INFO): drp_flag    : False
2020-06-16 23:46:07,774: INFO): concat      : True
2020-06-16 23:46:07,774: INFO): make_fgp    : False
2020-06-16 23:46:07,774: INFO): fgp_size    : 50
2020-06-17 01:02:38,443: INFO):    Accuracy:    0.602
2020-06-17 01:02:38,446: INFO):   g_av:    0.590
2020-06-17 01:02:38,446: INFO): OUT 1
2020-06-17 01:02:38,447: INFO): Echo model_config:
2020-06-17 01:02:38,448: INFO): 
activation: relu
concat: true
dropout: 0.27534647775698873
dropout_flag: false
fgp: false
fgp_size: 50
hidden_units: 100
hidden_units_mlp: 50
l2: 0.05320428113500612
lr: 0.0001
num_layers: 3

2020-06-17 01:02:38,448: INFO): Echo of GCNN module config:
2020-06-17 01:02:38,448: INFO): N_H         : 100
2020-06-17 01:02:38,448: INFO): max_atoms   : 88
2020-06-17 01:02:38,448: INFO): n_features  : 76
2020-06-17 01:02:38,448: INFO): dropout_prob:  0.28
2020-06-17 01:02:38,448: INFO): lr          : 0.000100
2020-06-17 01:02:38,448: INFO): l2_val      : 0.053204
2020-06-17 01:02:38,448: INFO): N_it        : 3
2020-06-17 01:02:38,448: INFO): activation  : relu
2020-06-17 01:02:38,448: INFO): drp_flag    : False
2020-06-17 01:02:38,448: INFO): concat      : True
2020-06-17 01:02:38,448: INFO): make_fgp    : False
2020-06-17 01:02:38,448: INFO): fgp_size    : 50
2020-06-17 01:02:39,093: INFO): Echo of GCNN module config:
2020-06-17 01:02:39,093: INFO): N_H         : 100
2020-06-17 01:02:39,093: INFO): max_atoms   : 80
2020-06-17 01:02:39,093: INFO): n_features  : 76
2020-06-17 01:02:39,093: INFO): dropout_prob:  0.28
2020-06-17 01:02:39,093: INFO): lr          : 0.000100
2020-06-17 01:02:39,093: INFO): l2_val      : 0.053204
2020-06-17 01:02:39,093: INFO): N_it        : 3
2020-06-17 01:02:39,093: INFO): activation  : relu
2020-06-17 01:02:39,093: INFO): drp_flag    : False
2020-06-17 01:02:39,093: INFO): concat      : True
2020-06-17 01:02:39,094: INFO): make_fgp    : False
2020-06-17 01:02:39,094: INFO): fgp_size    : 50
2020-06-17 02:19:13,740: INFO):    Accuracy:    0.454
2020-06-17 02:19:13,743: INFO):   g_av:    0.547
2020-06-17 02:19:13,743: INFO): OUT 2
2020-06-17 02:19:13,745: INFO): Echo model_config:
2020-06-17 02:19:13,745: INFO): 
activation: relu
concat: true
dropout: 0.27534647775698873
dropout_flag: false
fgp: false
fgp_size: 50
hidden_units: 100
hidden_units_mlp: 50
l2: 0.05320428113500612
lr: 0.0001
num_layers: 3

2020-06-17 02:19:13,745: INFO): Echo of GCNN module config:
2020-06-17 02:19:13,745: INFO): N_H         : 100
2020-06-17 02:19:13,745: INFO): max_atoms   : 88
2020-06-17 02:19:13,745: INFO): n_features  : 76
2020-06-17 02:19:13,745: INFO): dropout_prob:  0.28
2020-06-17 02:19:13,745: INFO): lr          : 0.000100
2020-06-17 02:19:13,745: INFO): l2_val      : 0.053204
2020-06-17 02:19:13,745: INFO): N_it        : 3
2020-06-17 02:19:13,745: INFO): activation  : relu
2020-06-17 02:19:13,745: INFO): drp_flag    : False
2020-06-17 02:19:13,745: INFO): concat      : True
2020-06-17 02:19:13,745: INFO): make_fgp    : False
2020-06-17 02:19:13,745: INFO): fgp_size    : 50
2020-06-17 02:19:14,404: INFO): Echo of GCNN module config:
2020-06-17 02:19:14,404: INFO): N_H         : 100
2020-06-17 02:19:14,404: INFO): max_atoms   : 80
2020-06-17 02:19:14,404: INFO): n_features  : 76
2020-06-17 02:19:14,404: INFO): dropout_prob:  0.28
2020-06-17 02:19:14,404: INFO): lr          : 0.000100
2020-06-17 02:19:14,404: INFO): l2_val      : 0.053204
2020-06-17 02:19:14,404: INFO): N_it        : 3
2020-06-17 02:19:14,404: INFO): activation  : relu
2020-06-17 02:19:14,404: INFO): drp_flag    : False
2020-06-17 02:19:14,404: INFO): concat      : True
2020-06-17 02:19:14,404: INFO): make_fgp    : False
2020-06-17 02:19:14,404: INFO): fgp_size    : 50
2020-06-17 03:35:57,949: INFO):    Accuracy:    0.419
2020-06-17 03:35:57,952: INFO):   g_av:    0.497
2020-06-17 03:35:57,953: INFO): OUT 3
2020-06-17 03:35:57,954: INFO): Echo model_config:
2020-06-17 03:35:57,955: INFO): 
activation: relu
concat: true
dropout: 0.27534647775698873
dropout_flag: false
fgp: false
fgp_size: 50
hidden_units: 100
hidden_units_mlp: 50
l2: 0.05320428113500612
lr: 0.0001
num_layers: 3

2020-06-17 03:35:57,955: INFO): Echo of GCNN module config:
2020-06-17 03:35:57,955: INFO): N_H         : 100
2020-06-17 03:35:57,955: INFO): max_atoms   : 88
2020-06-17 03:35:57,955: INFO): n_features  : 76
2020-06-17 03:35:57,955: INFO): dropout_prob:  0.28
2020-06-17 03:35:57,955: INFO): lr          : 0.000100
2020-06-17 03:35:57,955: INFO): l2_val      : 0.053204
2020-06-17 03:35:57,955: INFO): N_it        : 3
2020-06-17 03:35:57,955: INFO): activation  : relu
2020-06-17 03:35:57,955: INFO): drp_flag    : False
2020-06-17 03:35:57,955: INFO): concat      : True
2020-06-17 03:35:57,955: INFO): make_fgp    : False
2020-06-17 03:35:57,955: INFO): fgp_size    : 50
2020-06-17 03:35:58,620: INFO): Echo of GCNN module config:
2020-06-17 03:35:58,620: INFO): N_H         : 100
2020-06-17 03:35:58,620: INFO): max_atoms   : 80
2020-06-17 03:35:58,620: INFO): n_features  : 76
2020-06-17 03:35:58,620: INFO): dropout_prob:  0.28
2020-06-17 03:35:58,620: INFO): lr          : 0.000100
2020-06-17 03:35:58,620: INFO): l2_val      : 0.053204
2020-06-17 03:35:58,620: INFO): N_it        : 3
2020-06-17 03:35:58,620: INFO): activation  : relu
2020-06-17 03:35:58,620: INFO): drp_flag    : False
2020-06-17 03:35:58,620: INFO): concat      : True
2020-06-17 03:35:58,620: INFO): make_fgp    : False
2020-06-17 03:35:58,620: INFO): fgp_size    : 50
2020-06-17 04:52:43,751: INFO):    Accuracy:    0.556
2020-06-17 04:52:43,753: INFO):   g_av:    0.607
2020-06-17 04:52:43,754: INFO): OUT 4
2020-06-17 04:52:43,755: INFO): Echo model_config:
2020-06-17 04:52:43,756: INFO): 
activation: relu
concat: true
dropout: 0.27534647775698873
dropout_flag: false
fgp: false
fgp_size: 50
hidden_units: 100
hidden_units_mlp: 50
l2: 0.05320428113500612
lr: 0.0001
num_layers: 3

2020-06-17 04:52:43,756: INFO): Echo of GCNN module config:
2020-06-17 04:52:43,756: INFO): N_H         : 100
2020-06-17 04:52:43,756: INFO): max_atoms   : 88
2020-06-17 04:52:43,756: INFO): n_features  : 76
2020-06-17 04:52:43,756: INFO): dropout_prob:  0.28
2020-06-17 04:52:43,756: INFO): lr          : 0.000100
2020-06-17 04:52:43,756: INFO): l2_val      : 0.053204
2020-06-17 04:52:43,756: INFO): N_it        : 3
2020-06-17 04:52:43,756: INFO): activation  : relu
2020-06-17 04:52:43,756: INFO): drp_flag    : False
2020-06-17 04:52:43,756: INFO): concat      : True
2020-06-17 04:52:43,756: INFO): make_fgp    : False
2020-06-17 04:52:43,756: INFO): fgp_size    : 50
2020-06-17 04:52:44,439: INFO): Echo of GCNN module config:
2020-06-17 04:52:44,439: INFO): N_H         : 100
2020-06-17 04:52:44,439: INFO): max_atoms   : 80
2020-06-17 04:52:44,439: INFO): n_features  : 76
2020-06-17 04:52:44,439: INFO): dropout_prob:  0.28
2020-06-17 04:52:44,439: INFO): lr          : 0.000100
2020-06-17 04:52:44,439: INFO): l2_val      : 0.053204
2020-06-17 04:52:44,439: INFO): N_it        : 3
2020-06-17 04:52:44,439: INFO): activation  : relu
2020-06-17 04:52:44,439: INFO): drp_flag    : False
2020-06-17 04:52:44,439: INFO): concat      : True
2020-06-17 04:52:44,439: INFO): make_fgp    : False
2020-06-17 04:52:44,439: INFO): fgp_size    : 50
2020-06-17 06:09:29,701: INFO):    Accuracy:    0.583
2020-06-17 06:09:29,704: INFO):   g_av:    0.610
2020-06-17 06:09:29,704: INFO): OUT 5
2020-06-17 06:09:29,706: INFO): Echo model_config:
2020-06-17 06:09:29,706: INFO): 
activation: relu
concat: true
dropout: 0.27534647775698873
dropout_flag: false
fgp: false
fgp_size: 50
hidden_units: 100
hidden_units_mlp: 50
l2: 0.05320428113500612
lr: 0.0001
num_layers: 3

2020-06-17 06:09:29,706: INFO): Echo of GCNN module config:
2020-06-17 06:09:29,706: INFO): N_H         : 100
2020-06-17 06:09:29,706: INFO): max_atoms   : 88
2020-06-17 06:09:29,706: INFO): n_features  : 76
2020-06-17 06:09:29,707: INFO): dropout_prob:  0.28
2020-06-17 06:09:29,707: INFO): lr          : 0.000100
2020-06-17 06:09:29,707: INFO): l2_val      : 0.053204
2020-06-17 06:09:29,707: INFO): N_it        : 3
2020-06-17 06:09:29,707: INFO): activation  : relu
2020-06-17 06:09:29,707: INFO): drp_flag    : False
2020-06-17 06:09:29,707: INFO): concat      : True
2020-06-17 06:09:29,707: INFO): make_fgp    : False
2020-06-17 06:09:29,707: INFO): fgp_size    : 50
2020-06-17 06:09:30,401: INFO): Echo of GCNN module config:
2020-06-17 06:09:30,402: INFO): N_H         : 100
2020-06-17 06:09:30,402: INFO): max_atoms   : 80
2020-06-17 06:09:30,402: INFO): n_features  : 76
2020-06-17 06:09:30,402: INFO): dropout_prob:  0.28
2020-06-17 06:09:30,402: INFO): lr          : 0.000100
2020-06-17 06:09:30,402: INFO): l2_val      : 0.053204
2020-06-17 06:09:30,402: INFO): N_it        : 3
2020-06-17 06:09:30,402: INFO): activation  : relu
2020-06-17 06:09:30,402: INFO): drp_flag    : False
2020-06-17 06:09:30,402: INFO): concat      : True
2020-06-17 06:09:30,402: INFO): make_fgp    : False
2020-06-17 06:09:30,402: INFO): fgp_size    : 50
2020-06-17 07:26:32,216: INFO):    Accuracy:    0.488
2020-06-17 07:26:32,218: INFO):   g_av:    0.541
2020-06-17 07:26:32,282: INFO): Top 1,2,3: 0.298 0.505 0.684
2020-06-17 07:26:32,282: INFO): Top-1,2,3 mean: 0.378 0.584 0.736
2020-06-17 07:26:32,283: INFO): Top-1,2,3 std : 0.055 0.055 0.043
