2020-06-09 15:15:45,904: INFO): START
2020-06-09 15:16:07,582: INFO): Data loaded
2020-06-09 15:16:10,320: INFO): Fold 0
2020-06-09 15:16:10,320: INFO):   Train class count: [ 871. 1631. 2751. 3642. 1333. 3928.]
2020-06-09 15:16:10,321: INFO):   Test class count: [  48.  577.  667.  674.  278. 1295.]
2020-06-09 15:16:10,321: INFO): OUT 0
2020-06-09 15:16:10,324: INFO): Echo model_config:
2020-06-09 15:16:10,324: INFO): 
activation: relu
concat: true
dropout: 0.2
dropout_flag: false
fgp: true
fgp_size: 50
hidden_units: 20
hidden_units_mlp: 100
l2: 0.001
lr: 0.001
num_layers: 4

2020-06-09 15:16:10,324: INFO): Echo of GCNN module config:
2020-06-09 15:16:10,325: INFO): num_filters : 2
2020-06-09 15:16:10,325: INFO): N_H         : 20
2020-06-09 15:16:10,325: INFO): dropout_prob:  0.20
2020-06-09 15:16:10,325: INFO): lr          : 0.001000
2020-06-09 15:16:10,325: INFO): l2_val      : 0.001000
2020-06-09 15:16:10,325: INFO): N_it        : 4
2020-06-09 15:16:10,325: INFO): activation  : relu
2020-06-09 15:16:10,325: INFO): drp_flag    : False
2020-06-09 15:16:10,325: INFO): concat      : True
2020-06-09 15:16:10,325: INFO): make_fgp    : True
2020-06-09 15:16:10,325: INFO): fgp_size    : 50
2020-06-09 15:16:10,689: INFO): Echo of GCNN module config:
2020-06-09 15:16:10,690: INFO): num_filters : 2
2020-06-09 15:16:10,690: INFO): N_H         : 20
2020-06-09 15:16:10,690: INFO): dropout_prob:  0.20
2020-06-09 15:16:10,690: INFO): lr          : 0.001000
2020-06-09 15:16:10,690: INFO): l2_val      : 0.001000
2020-06-09 15:16:10,690: INFO): N_it        : 4
2020-06-09 15:16:10,690: INFO): activation  : relu
2020-06-09 15:16:10,690: INFO): drp_flag    : False
2020-06-09 15:16:10,690: INFO): concat      : True
2020-06-09 15:16:10,690: INFO): make_fgp    : True
2020-06-09 15:16:10,690: INFO): fgp_size    : 50
