2020-06-10 13:50:06,101: INFO): START
2020-06-10 13:50:34,145: INFO): Data loaded
2020-06-10 13:50:34,699: INFO): Fold 0
2020-06-10 13:50:34,699: INFO):   Train class count: [ 871. 1631. 2751. 3642. 1333. 3928.]
2020-06-10 13:50:34,700: INFO):   Test class count: [  48.  577.  667.  674.  278. 1295.]
2020-06-10 13:50:34,700: INFO): OUT 0
2020-06-10 13:50:34,702: INFO): Echo model_config:
2020-06-10 13:50:34,702: INFO): 
activation: relu
concat: true
dropout: 0.2
dropout_flag: false
fgp: true
fgp_size: 50
hidden_units: 20
hidden_units_mlp: 100
l2: 0.001
lr: 0.01
num_layers: 4

2020-06-10 13:50:34,702: INFO): Echo of GCNN module config:
2020-06-10 13:50:34,702: INFO): N_H         : 20
2020-06-10 13:50:34,702: INFO): max_atoms   : 88
2020-06-10 13:50:34,702: INFO): n_features  : 76
2020-06-10 13:50:34,702: INFO): dropout_prob:  0.20
2020-06-10 13:50:34,702: INFO): lr          : 0.010000
2020-06-10 13:50:34,702: INFO): l2_val      : 0.001000
2020-06-10 13:50:34,702: INFO): N_it        : 4
2020-06-10 13:50:34,702: INFO): activation  : relu
2020-06-10 13:50:34,702: INFO): drp_flag    : False
2020-06-10 13:50:34,702: INFO): concat      : True
2020-06-10 13:50:34,702: INFO): make_fgp    : True
2020-06-10 13:50:34,702: INFO): fgp_size    : 50
2020-06-10 13:50:35,250: INFO): Echo of GCNN module config:
2020-06-10 13:50:35,250: INFO): N_H         : 20
2020-06-10 13:50:35,250: INFO): max_atoms   : 80
2020-06-10 13:50:35,250: INFO): n_features  : 76
2020-06-10 13:50:35,250: INFO): dropout_prob:  0.20
2020-06-10 13:50:35,250: INFO): lr          : 0.010000
2020-06-10 13:50:35,250: INFO): l2_val      : 0.001000
2020-06-10 13:50:35,250: INFO): N_it        : 4
2020-06-10 13:50:35,250: INFO): activation  : relu
2020-06-10 13:50:35,250: INFO): drp_flag    : False
2020-06-10 13:50:35,250: INFO): concat      : True
2020-06-10 13:50:35,250: INFO): make_fgp    : True
2020-06-10 13:50:35,250: INFO): fgp_size    : 50
2020-06-10 13:51:37,599: INFO): START
2020-06-10 13:52:04,953: INFO): Data loaded
2020-06-10 13:52:05,505: INFO): Fold 0
2020-06-10 13:52:05,505: INFO):   Train class count: [ 871. 1631. 2751. 3642. 1333. 3928.]
2020-06-10 13:52:05,506: INFO):   Test class count: [  48.  577.  667.  674.  278. 1295.]
2020-06-10 13:52:05,506: INFO): OUT 0
2020-06-10 13:52:05,507: INFO): Echo model_config:
2020-06-10 13:52:05,508: INFO): 
activation: relu
concat: true
dropout: 0.2
dropout_flag: false
fgp: true
fgp_size: 50
hidden_units: 20
hidden_units_mlp: 100
l2: 0.001
lr: 0.01
num_layers: 3

2020-06-10 13:52:05,508: INFO): Echo of GCNN module config:
2020-06-10 13:52:05,508: INFO): N_H         : 20
2020-06-10 13:52:05,508: INFO): max_atoms   : 88
2020-06-10 13:52:05,508: INFO): n_features  : 76
2020-06-10 13:52:05,508: INFO): dropout_prob:  0.20
2020-06-10 13:52:05,508: INFO): lr          : 0.010000
2020-06-10 13:52:05,508: INFO): l2_val      : 0.001000
2020-06-10 13:52:05,508: INFO): N_it        : 3
2020-06-10 13:52:05,508: INFO): activation  : relu
2020-06-10 13:52:05,508: INFO): drp_flag    : False
2020-06-10 13:52:05,508: INFO): concat      : True
2020-06-10 13:52:05,508: INFO): make_fgp    : True
2020-06-10 13:52:05,508: INFO): fgp_size    : 50
2020-06-10 13:52:05,954: INFO): Echo of GCNN module config:
2020-06-10 13:52:05,954: INFO): N_H         : 20
2020-06-10 13:52:05,954: INFO): max_atoms   : 80
2020-06-10 13:52:05,954: INFO): n_features  : 76
2020-06-10 13:52:05,954: INFO): dropout_prob:  0.20
2020-06-10 13:52:05,954: INFO): lr          : 0.010000
2020-06-10 13:52:05,954: INFO): l2_val      : 0.001000
2020-06-10 13:52:05,954: INFO): N_it        : 3
2020-06-10 13:52:05,954: INFO): activation  : relu
2020-06-10 13:52:05,954: INFO): drp_flag    : False
2020-06-10 13:52:05,954: INFO): concat      : True
2020-06-10 13:52:05,954: INFO): make_fgp    : True
2020-06-10 13:52:05,954: INFO): fgp_size    : 50
2020-06-10 13:53:33,676: INFO): START
2020-06-10 13:54:00,906: INFO): Data loaded
2020-06-10 13:54:01,457: INFO): Fold 0
2020-06-10 13:54:01,457: INFO):   Train class count: [ 871. 1631. 2751. 3642. 1333. 3928.]
2020-06-10 13:54:01,457: INFO):   Test class count: [  48.  577.  667.  674.  278. 1295.]
2020-06-10 13:54:01,457: INFO): OUT 0
2020-06-10 13:54:01,459: INFO): Echo model_config:
2020-06-10 13:54:01,459: INFO): 
activation: relu
concat: true
dropout: 0.2
dropout_flag: false
fgp: true
fgp_size: 50
hidden_units: 20
hidden_units_mlp: 100
l2: 0.001
lr: 0.001
num_layers: 3

2020-06-10 13:54:01,459: INFO): Echo of GCNN module config:
2020-06-10 13:54:01,459: INFO): N_H         : 20
2020-06-10 13:54:01,460: INFO): max_atoms   : 88
2020-06-10 13:54:01,460: INFO): n_features  : 76
2020-06-10 13:54:01,460: INFO): dropout_prob:  0.20
2020-06-10 13:54:01,460: INFO): lr          : 0.001000
2020-06-10 13:54:01,460: INFO): l2_val      : 0.001000
2020-06-10 13:54:01,460: INFO): N_it        : 3
2020-06-10 13:54:01,460: INFO): activation  : relu
2020-06-10 13:54:01,460: INFO): drp_flag    : False
2020-06-10 13:54:01,460: INFO): concat      : True
2020-06-10 13:54:01,460: INFO): make_fgp    : True
2020-06-10 13:54:01,460: INFO): fgp_size    : 50
2020-06-10 13:54:01,899: INFO): Echo of GCNN module config:
2020-06-10 13:54:01,899: INFO): N_H         : 20
2020-06-10 13:54:01,899: INFO): max_atoms   : 80
2020-06-10 13:54:01,899: INFO): n_features  : 76
2020-06-10 13:54:01,899: INFO): dropout_prob:  0.20
2020-06-10 13:54:01,899: INFO): lr          : 0.001000
2020-06-10 13:54:01,899: INFO): l2_val      : 0.001000
2020-06-10 13:54:01,899: INFO): N_it        : 3
2020-06-10 13:54:01,899: INFO): activation  : relu
2020-06-10 13:54:01,899: INFO): drp_flag    : False
2020-06-10 13:54:01,899: INFO): concat      : True
2020-06-10 13:54:01,899: INFO): make_fgp    : True
2020-06-10 13:54:01,899: INFO): fgp_size    : 50
2020-06-10 14:00:44,725: INFO): START
2020-06-10 14:01:12,285: INFO): Data loaded
2020-06-10 14:01:12,841: INFO): Fold 0
2020-06-10 14:01:12,841: INFO):   Train class count: [ 871. 1631. 2751. 3642. 1333. 3928.]
2020-06-10 14:01:12,842: INFO):   Test class count: [  48.  577.  667.  674.  278. 1295.]
2020-06-10 14:01:12,842: INFO): OUT 0
2020-06-10 14:01:12,844: INFO): Echo model_config:
2020-06-10 14:01:12,844: INFO): 
activation: relu
concat: true
dropout: 0.2
dropout_flag: false
fgp: false
fgp_size: 50
hidden_units: 20
hidden_units_mlp: 100
l2: 0.001
lr: 0.001
num_layers: 3

2020-06-10 14:01:12,844: INFO): Echo of GCNN module config:
2020-06-10 14:01:12,844: INFO): N_H         : 20
2020-06-10 14:01:12,844: INFO): max_atoms   : 88
2020-06-10 14:01:12,844: INFO): n_features  : 76
2020-06-10 14:01:12,844: INFO): dropout_prob:  0.20
2020-06-10 14:01:12,844: INFO): lr          : 0.001000
2020-06-10 14:01:12,844: INFO): l2_val      : 0.001000
2020-06-10 14:01:12,844: INFO): N_it        : 3
2020-06-10 14:01:12,844: INFO): activation  : relu
2020-06-10 14:01:12,844: INFO): drp_flag    : False
2020-06-10 14:01:12,844: INFO): concat      : True
2020-06-10 14:01:12,844: INFO): make_fgp    : False
2020-06-10 14:01:12,845: INFO): fgp_size    : 50
2020-06-10 14:01:13,205: INFO): Echo of GCNN module config:
2020-06-10 14:01:13,205: INFO): N_H         : 20
2020-06-10 14:01:13,205: INFO): max_atoms   : 80
2020-06-10 14:01:13,206: INFO): n_features  : 76
2020-06-10 14:01:13,206: INFO): dropout_prob:  0.20
2020-06-10 14:01:13,206: INFO): lr          : 0.001000
2020-06-10 14:01:13,206: INFO): l2_val      : 0.001000
2020-06-10 14:01:13,206: INFO): N_it        : 3
2020-06-10 14:01:13,206: INFO): activation  : relu
2020-06-10 14:01:13,206: INFO): drp_flag    : False
2020-06-10 14:01:13,206: INFO): concat      : True
2020-06-10 14:01:13,206: INFO): make_fgp    : False
2020-06-10 14:01:13,206: INFO): fgp_size    : 50
2020-06-10 14:03:31,511: INFO): START
2020-06-10 14:03:59,156: INFO): Data loaded
2020-06-10 14:03:59,707: INFO): Fold 0
2020-06-10 14:03:59,708: INFO):   Train class count: [ 871. 1631. 2751. 3642. 1333. 3928.]
2020-06-10 14:03:59,708: INFO):   Test class count: [  48.  577.  667.  674.  278. 1295.]
2020-06-10 14:03:59,708: INFO): OUT 0
2020-06-10 14:03:59,710: INFO): Echo model_config:
2020-06-10 14:03:59,710: INFO): 
activation: relu
concat: true
dropout: 0.2
dropout_flag: false
fgp: false
fgp_size: 50
hidden_units: 20
hidden_units_mlp: 100
l2: 0.001
lr: 0.001
num_layers: 3

2020-06-10 14:03:59,710: INFO): Echo of GCNN module config:
2020-06-10 14:03:59,710: INFO): N_H         : 20
2020-06-10 14:03:59,710: INFO): max_atoms   : 88
2020-06-10 14:03:59,710: INFO): n_features  : 76
2020-06-10 14:03:59,710: INFO): dropout_prob:  0.20
2020-06-10 14:03:59,710: INFO): lr          : 0.001000
2020-06-10 14:03:59,710: INFO): l2_val      : 0.001000
2020-06-10 14:03:59,710: INFO): N_it        : 3
2020-06-10 14:03:59,710: INFO): activation  : relu
2020-06-10 14:03:59,710: INFO): drp_flag    : False
2020-06-10 14:03:59,710: INFO): concat      : True
2020-06-10 14:03:59,711: INFO): make_fgp    : False
2020-06-10 14:03:59,711: INFO): fgp_size    : 50
2020-06-10 14:04:00,079: INFO): Echo of GCNN module config:
2020-06-10 14:04:00,080: INFO): N_H         : 20
2020-06-10 14:04:00,080: INFO): max_atoms   : 80
2020-06-10 14:04:00,080: INFO): n_features  : 76
2020-06-10 14:04:00,080: INFO): dropout_prob:  0.20
2020-06-10 14:04:00,080: INFO): lr          : 0.001000
2020-06-10 14:04:00,080: INFO): l2_val      : 0.001000
2020-06-10 14:04:00,080: INFO): N_it        : 3
2020-06-10 14:04:00,080: INFO): activation  : relu
2020-06-10 14:04:00,080: INFO): drp_flag    : False
2020-06-10 14:04:00,080: INFO): concat      : True
2020-06-10 14:04:00,080: INFO): make_fgp    : False
2020-06-10 14:04:00,080: INFO): fgp_size    : 50
2020-06-10 14:21:04,233: INFO):    Accuracy:    0.870
2020-06-10 14:21:04,236: INFO):   OUT : 0
2020-06-10 14:21:04,236: INFO):    TPR:    0.458
2020-06-10 14:21:04,236: INFO):    TNR:    0.876
2020-06-10 14:21:04,236: INFO):      F:    1.634
2020-06-10 14:21:04,236: INFO):   g_av:    0.634
2020-06-10 14:21:04,236: INFO): OUT 1
2020-06-10 14:21:04,238: INFO): Echo model_config:
2020-06-10 14:21:04,238: INFO): 
activation: relu
concat: true
dropout: 0.2
dropout_flag: false
fgp: false
fgp_size: 50
hidden_units: 20
hidden_units_mlp: 100
l2: 0.001
lr: 0.001
num_layers: 3

2020-06-10 14:21:04,239: INFO): Echo of GCNN module config:
2020-06-10 14:21:04,239: INFO): N_H         : 20
2020-06-10 14:21:04,239: INFO): max_atoms   : 88
2020-06-10 14:21:04,239: INFO): n_features  : 76
2020-06-10 14:21:04,239: INFO): dropout_prob:  0.20
2020-06-10 14:21:04,239: INFO): lr          : 0.001000
2020-06-10 14:21:04,239: INFO): l2_val      : 0.001000
2020-06-10 14:21:04,239: INFO): N_it        : 3
2020-06-10 14:21:04,239: INFO): activation  : relu
2020-06-10 14:21:04,239: INFO): drp_flag    : False
2020-06-10 14:21:04,239: INFO): concat      : True
2020-06-10 14:21:04,239: INFO): make_fgp    : False
2020-06-10 14:21:04,239: INFO): fgp_size    : 50
2020-06-10 14:21:04,601: INFO): Echo of GCNN module config:
2020-06-10 14:21:04,601: INFO): N_H         : 20
2020-06-10 14:21:04,601: INFO): max_atoms   : 80
2020-06-10 14:21:04,601: INFO): n_features  : 76
2020-06-10 14:21:04,601: INFO): dropout_prob:  0.20
2020-06-10 14:21:04,601: INFO): lr          : 0.001000
2020-06-10 14:21:04,601: INFO): l2_val      : 0.001000
2020-06-10 14:21:04,601: INFO): N_it        : 3
2020-06-10 14:21:04,601: INFO): activation  : relu
2020-06-10 14:21:04,601: INFO): drp_flag    : False
2020-06-10 14:21:04,601: INFO): concat      : True
2020-06-10 14:21:04,601: INFO): make_fgp    : False
2020-06-10 14:21:04,601: INFO): fgp_size    : 50
2020-06-10 14:38:04,644: INFO):    Accuracy:    0.583
2020-06-10 14:38:04,647: INFO):   OUT : 0
2020-06-10 14:38:04,647: INFO):    TPR:    0.646
2020-06-10 14:38:04,647: INFO):    TNR:    0.570
2020-06-10 14:38:04,647: INFO):      F:    0.898
2020-06-10 14:38:04,647: INFO):   g_av:    0.607
2020-06-10 14:38:04,648: INFO): OUT 2
2020-06-10 14:38:04,649: INFO): Echo model_config:
2020-06-10 14:38:04,649: INFO): 
activation: relu
concat: true
dropout: 0.2
dropout_flag: false
fgp: false
fgp_size: 50
hidden_units: 20
hidden_units_mlp: 100
l2: 0.001
lr: 0.001
num_layers: 3

2020-06-10 14:38:04,650: INFO): Echo of GCNN module config:
2020-06-10 14:38:04,650: INFO): N_H         : 20
2020-06-10 14:38:04,650: INFO): max_atoms   : 88
2020-06-10 14:38:04,650: INFO): n_features  : 76
2020-06-10 14:38:04,650: INFO): dropout_prob:  0.20
2020-06-10 14:38:04,650: INFO): lr          : 0.001000
2020-06-10 14:38:04,650: INFO): l2_val      : 0.001000
2020-06-10 14:38:04,650: INFO): N_it        : 3
2020-06-10 14:38:04,650: INFO): activation  : relu
2020-06-10 14:38:04,650: INFO): drp_flag    : False
2020-06-10 14:38:04,650: INFO): concat      : True
2020-06-10 14:38:04,650: INFO): make_fgp    : False
2020-06-10 14:38:04,650: INFO): fgp_size    : 50
2020-06-10 14:38:05,015: INFO): Echo of GCNN module config:
2020-06-10 14:38:05,015: INFO): N_H         : 20
2020-06-10 14:38:05,015: INFO): max_atoms   : 80
2020-06-10 14:38:05,015: INFO): n_features  : 76
2020-06-10 14:38:05,015: INFO): dropout_prob:  0.20
2020-06-10 14:38:05,015: INFO): lr          : 0.001000
2020-06-10 14:38:05,015: INFO): l2_val      : 0.001000
2020-06-10 14:38:05,015: INFO): N_it        : 3
2020-06-10 14:38:05,016: INFO): activation  : relu
2020-06-10 14:38:05,016: INFO): drp_flag    : False
2020-06-10 14:38:05,016: INFO): concat      : True
2020-06-10 14:38:05,016: INFO): make_fgp    : False
2020-06-10 14:38:05,016: INFO): fgp_size    : 50
2020-06-10 15:08:25,172: INFO):    Accuracy:    0.667
2020-06-10 15:08:25,177: INFO):   OUT : 0
2020-06-10 15:08:25,177: INFO):    TPR:    0.504
2020-06-10 15:08:25,178: INFO):    TNR:    0.704
2020-06-10 15:08:25,178: INFO):      F:    0.758
2020-06-10 15:08:25,178: INFO):   g_av:    0.596
2020-06-10 15:08:25,178: INFO): OUT 3
2020-06-10 15:08:25,181: INFO): Echo model_config:
2020-06-10 15:08:25,182: INFO): 
activation: relu
concat: true
dropout: 0.2
dropout_flag: false
fgp: false
fgp_size: 50
hidden_units: 20
hidden_units_mlp: 100
l2: 0.001
lr: 0.001
num_layers: 3

2020-06-10 15:08:25,183: INFO): Echo of GCNN module config:
2020-06-10 15:08:25,184: INFO): N_H         : 20
2020-06-10 15:08:25,184: INFO): max_atoms   : 88
2020-06-10 15:08:25,184: INFO): n_features  : 76
2020-06-10 15:08:25,184: INFO): dropout_prob:  0.20
2020-06-10 15:08:25,185: INFO): lr          : 0.001000
2020-06-10 15:08:25,185: INFO): l2_val      : 0.001000
2020-06-10 15:08:25,185: INFO): N_it        : 3
2020-06-10 15:08:25,185: INFO): activation  : relu
2020-06-10 15:08:25,185: INFO): drp_flag    : False
2020-06-10 15:08:25,186: INFO): concat      : True
2020-06-10 15:08:25,186: INFO): make_fgp    : False
2020-06-10 15:08:25,186: INFO): fgp_size    : 50
2020-06-10 15:08:26,183: INFO): Echo of GCNN module config:
2020-06-10 15:08:26,184: INFO): N_H         : 20
2020-06-10 15:08:26,184: INFO): max_atoms   : 80
2020-06-10 15:08:26,184: INFO): n_features  : 76
2020-06-10 15:08:26,184: INFO): dropout_prob:  0.20
2020-06-10 15:08:26,184: INFO): lr          : 0.001000
2020-06-10 15:08:26,184: INFO): l2_val      : 0.001000
2020-06-10 15:08:26,184: INFO): N_it        : 3
2020-06-10 15:08:26,184: INFO): activation  : relu
2020-06-10 15:08:26,184: INFO): drp_flag    : False
2020-06-10 15:08:26,184: INFO): concat      : True
2020-06-10 15:08:26,184: INFO): make_fgp    : False
2020-06-10 15:08:26,184: INFO): fgp_size    : 50
2020-06-10 15:46:29,042: INFO):    Accuracy:    0.425
2020-06-10 15:46:29,047: INFO):   OUT : 0
2020-06-10 15:46:29,047: INFO):    TPR:    0.901
2020-06-10 15:46:29,047: INFO):    TNR:    0.313
2020-06-10 15:46:29,047: INFO):      F:    1.115
2020-06-10 15:46:29,048: INFO):   g_av:    0.531
2020-06-10 15:46:29,048: INFO): OUT 4
2020-06-10 15:46:29,051: INFO): Echo model_config:
2020-06-10 15:46:29,051: INFO): 
activation: relu
concat: true
dropout: 0.2
dropout_flag: false
fgp: false
fgp_size: 50
hidden_units: 20
hidden_units_mlp: 100
l2: 0.001
lr: 0.001
num_layers: 3

2020-06-10 15:46:29,052: INFO): Echo of GCNN module config:
2020-06-10 15:46:29,052: INFO): N_H         : 20
2020-06-10 15:46:29,052: INFO): max_atoms   : 88
2020-06-10 15:46:29,052: INFO): n_features  : 76
2020-06-10 15:46:29,053: INFO): dropout_prob:  0.20
2020-06-10 15:46:29,053: INFO): lr          : 0.001000
2020-06-10 15:46:29,053: INFO): l2_val      : 0.001000
2020-06-10 15:46:29,053: INFO): N_it        : 3
2020-06-10 15:46:29,053: INFO): activation  : relu
2020-06-10 15:46:29,053: INFO): drp_flag    : False
2020-06-10 15:46:29,053: INFO): concat      : True
2020-06-10 15:46:29,054: INFO): make_fgp    : False
2020-06-10 15:46:29,054: INFO): fgp_size    : 50
2020-06-10 15:46:30,138: INFO): Echo of GCNN module config:
2020-06-10 15:46:30,138: INFO): N_H         : 20
2020-06-10 15:46:30,138: INFO): max_atoms   : 80
2020-06-10 15:46:30,139: INFO): n_features  : 76
2020-06-10 15:46:30,139: INFO): dropout_prob:  0.20
2020-06-10 15:46:30,139: INFO): lr          : 0.001000
2020-06-10 15:46:30,139: INFO): l2_val      : 0.001000
2020-06-10 15:46:30,139: INFO): N_it        : 3
2020-06-10 15:46:30,139: INFO): activation  : relu
2020-06-10 15:46:30,139: INFO): drp_flag    : False
2020-06-10 15:46:30,139: INFO): concat      : True
2020-06-10 15:46:30,140: INFO): make_fgp    : False
2020-06-10 15:46:30,140: INFO): fgp_size    : 50
2020-06-10 16:24:09,679: INFO):    Accuracy:    0.583
2020-06-10 16:24:09,684: INFO):   OUT : 0
2020-06-10 16:24:09,684: INFO):    TPR:    0.626
2020-06-10 16:24:09,684: INFO):    TNR:    0.580
2020-06-10 16:24:09,684: INFO):      F:    0.897
2020-06-10 16:24:09,684: INFO):   g_av:    0.602
2020-06-10 16:24:09,684: INFO): OUT 5
2020-06-10 16:24:09,687: INFO): Echo model_config:
2020-06-10 16:24:09,687: INFO): 
activation: relu
concat: true
dropout: 0.2
dropout_flag: false
fgp: false
fgp_size: 50
hidden_units: 20
hidden_units_mlp: 100
l2: 0.001
lr: 0.001
num_layers: 3

2020-06-10 16:24:09,687: INFO): Echo of GCNN module config:
2020-06-10 16:24:09,687: INFO): N_H         : 20
2020-06-10 16:24:09,687: INFO): max_atoms   : 88
2020-06-10 16:24:09,687: INFO): n_features  : 76
2020-06-10 16:24:09,687: INFO): dropout_prob:  0.20
2020-06-10 16:24:09,687: INFO): lr          : 0.001000
2020-06-10 16:24:09,687: INFO): l2_val      : 0.001000
2020-06-10 16:24:09,687: INFO): N_it        : 3
2020-06-10 16:24:09,687: INFO): activation  : relu
2020-06-10 16:24:09,688: INFO): drp_flag    : False
2020-06-10 16:24:09,688: INFO): concat      : True
2020-06-10 16:24:09,688: INFO): make_fgp    : False
2020-06-10 16:24:09,688: INFO): fgp_size    : 50
2020-06-10 16:24:11,151: INFO): Echo of GCNN module config:
2020-06-10 16:24:11,151: INFO): N_H         : 20
2020-06-10 16:24:11,151: INFO): max_atoms   : 80
2020-06-10 16:24:11,151: INFO): n_features  : 76
2020-06-10 16:24:11,151: INFO): dropout_prob:  0.20
2020-06-10 16:24:11,151: INFO): lr          : 0.001000
2020-06-10 16:24:11,151: INFO): l2_val      : 0.001000
2020-06-10 16:24:11,151: INFO): N_it        : 3
2020-06-10 16:24:11,151: INFO): activation  : relu
2020-06-10 16:24:11,151: INFO): drp_flag    : False
2020-06-10 16:24:11,151: INFO): concat      : True
2020-06-10 16:24:11,151: INFO): make_fgp    : False
2020-06-10 16:24:11,151: INFO): fgp_size    : 50
2020-06-10 17:01:52,010: INFO):    Accuracy:    0.605
2020-06-10 17:01:52,014: INFO):   OUT : 0
2020-06-10 17:01:52,015: INFO):    TPR:    0.730
2020-06-10 17:01:52,015: INFO):    TNR:    0.533
2020-06-10 17:01:52,015: INFO):      F:    0.946
2020-06-10 17:01:52,015: INFO):   g_av:    0.624
2020-06-10 17:01:52,223: INFO):    Baseline: top-1,2,3 :0.357 0.570 0.738
2020-06-10 17:01:52,240: INFO): CV top-0:    0.357 (0.000)
2020-06-10 17:01:52,241: INFO): CV top-1:    0.570 (0.000)
2020-06-10 17:01:52,241: INFO): CV top-2:    0.738 (0.000)
