2020-06-10 13:24:50,498: INFO): START
2020-06-10 13:25:17,661: INFO): Data loaded
2020-06-10 13:25:18,219: INFO): Fold 0
2020-06-10 13:25:18,220: INFO):   Train class count: [ 871. 1631. 2751. 3642. 1333. 3928.]
2020-06-10 13:25:18,220: INFO):   Test class count: [  48.  577.  667.  674.  278. 1295.]
2020-06-10 13:25:18,220: INFO): OUT 0
2020-06-10 13:25:18,222: INFO): Echo model_config:
2020-06-10 13:25:18,222: INFO): 
activation: relu
concat: true
dropout: 0.2
dropout_flag: false
fgp: true
fgp_size: 50
hidden_units: 20
hidden_units_mlp: 100
l2: 0.001
lr: 0.001
num_layers: 4

2020-06-10 13:25:18,222: INFO): Echo of GCNN module config:
2020-06-10 13:25:18,222: INFO): N_H         : 20
2020-06-10 13:25:18,222: INFO): max_atoms   : 88
2020-06-10 13:25:18,222: INFO): n_features  : 76
2020-06-10 13:25:18,222: INFO): dropout_prob:  0.20
2020-06-10 13:25:18,222: INFO): lr          : 0.001000
2020-06-10 13:25:18,222: INFO): l2_val      : 0.001000
2020-06-10 13:25:18,222: INFO): N_it        : 4
2020-06-10 13:25:18,222: INFO): activation  : relu
2020-06-10 13:25:18,222: INFO): drp_flag    : False
2020-06-10 13:25:18,222: INFO): concat      : True
2020-06-10 13:25:18,222: INFO): make_fgp    : True
2020-06-10 13:25:18,222: INFO): fgp_size    : 50
2020-06-10 13:25:18,761: INFO): Echo of GCNN module config:
2020-06-10 13:25:18,761: INFO): N_H         : 20
2020-06-10 13:25:18,761: INFO): max_atoms   : 80
2020-06-10 13:25:18,761: INFO): n_features  : 76
2020-06-10 13:25:18,761: INFO): dropout_prob:  0.20
2020-06-10 13:25:18,761: INFO): lr          : 0.001000
2020-06-10 13:25:18,761: INFO): l2_val      : 0.001000
2020-06-10 13:25:18,761: INFO): N_it        : 4
2020-06-10 13:25:18,761: INFO): activation  : relu
2020-06-10 13:25:18,761: INFO): drp_flag    : False
2020-06-10 13:25:18,761: INFO): concat      : True
2020-06-10 13:25:18,761: INFO): make_fgp    : True
2020-06-10 13:25:18,761: INFO): fgp_size    : 50
2020-06-10 13:40:48,872: INFO): START
2020-06-10 13:41:14,498: INFO): START
2020-06-10 13:41:41,672: INFO): Data loaded
2020-06-10 13:41:42,230: INFO): Fold 0
2020-06-10 13:41:42,230: INFO):   Train class count: [ 871. 1631. 2751. 3642. 1333. 3928.]
2020-06-10 13:41:42,231: INFO):   Test class count: [  48.  577.  667.  674.  278. 1295.]
2020-06-10 13:41:42,231: INFO): OUT 0
2020-06-10 13:41:42,232: INFO): Echo model_config:
2020-06-10 13:41:42,232: INFO): 
activation: relu
concat: true
dropout: 0.2
dropout_flag: false
fgp: true
fgp_size: 50
hidden_units: 20
hidden_units_mlp: 100
l2: 0.001
lr: 0.001
num_layers: 4

2020-06-10 13:41:42,232: INFO): Echo of GCNN module config:
2020-06-10 13:41:42,233: INFO): N_H         : 20
2020-06-10 13:41:42,233: INFO): max_atoms   : 88
2020-06-10 13:41:42,233: INFO): n_features  : 76
2020-06-10 13:41:42,233: INFO): dropout_prob:  0.20
2020-06-10 13:41:42,233: INFO): lr          : 0.001000
2020-06-10 13:41:42,233: INFO): l2_val      : 0.001000
2020-06-10 13:41:42,233: INFO): N_it        : 4
2020-06-10 13:41:42,233: INFO): activation  : relu
2020-06-10 13:41:42,233: INFO): drp_flag    : False
2020-06-10 13:41:42,233: INFO): concat      : True
2020-06-10 13:41:42,233: INFO): make_fgp    : True
2020-06-10 13:41:42,233: INFO): fgp_size    : 50
2020-06-10 13:41:42,766: INFO): Echo of GCNN module config:
2020-06-10 13:41:42,766: INFO): N_H         : 20
2020-06-10 13:41:42,766: INFO): max_atoms   : 80
2020-06-10 13:41:42,766: INFO): n_features  : 76
2020-06-10 13:41:42,766: INFO): dropout_prob:  0.20
2020-06-10 13:41:42,766: INFO): lr          : 0.001000
2020-06-10 13:41:42,766: INFO): l2_val      : 0.001000
2020-06-10 13:41:42,766: INFO): N_it        : 4
2020-06-10 13:41:42,766: INFO): activation  : relu
2020-06-10 13:41:42,766: INFO): drp_flag    : False
2020-06-10 13:41:42,766: INFO): concat      : True
2020-06-10 13:41:42,766: INFO): make_fgp    : True
2020-06-10 13:41:42,766: INFO): fgp_size    : 50
2020-06-10 13:43:25,915: INFO): START
2020-06-10 13:43:54,129: INFO): Data loaded
2020-06-10 13:43:54,701: INFO): Fold 0
2020-06-10 13:43:54,702: INFO):   Train class count: [ 871. 1631. 2751. 3642. 1333. 3928.]
2020-06-10 13:43:54,702: INFO):   Test class count: [  48.  577.  667.  674.  278. 1295.]
2020-06-10 13:43:54,702: INFO): OUT 0
2020-06-10 13:43:54,704: INFO): Echo model_config:
2020-06-10 13:43:54,704: INFO): 
activation: relu
concat: true
dropout: 0.2
dropout_flag: false
fgp: true
fgp_size: 50
hidden_units: 20
hidden_units_mlp: 100
l2: 0.001
lr: 0.001
num_layers: 4

2020-06-10 13:43:54,704: INFO): Echo of GCNN module config:
2020-06-10 13:43:54,704: INFO): N_H         : 20
2020-06-10 13:43:54,704: INFO): max_atoms   : 88
2020-06-10 13:43:54,705: INFO): n_features  : 76
2020-06-10 13:43:54,705: INFO): dropout_prob:  0.20
2020-06-10 13:43:54,705: INFO): lr          : 0.001000
2020-06-10 13:43:54,705: INFO): l2_val      : 0.001000
2020-06-10 13:43:54,705: INFO): N_it        : 4
2020-06-10 13:43:54,705: INFO): activation  : relu
2020-06-10 13:43:54,705: INFO): drp_flag    : False
2020-06-10 13:43:54,705: INFO): concat      : True
2020-06-10 13:43:54,705: INFO): make_fgp    : True
2020-06-10 13:43:54,705: INFO): fgp_size    : 50
2020-06-10 13:43:55,261: INFO): Echo of GCNN module config:
2020-06-10 13:43:55,262: INFO): N_H         : 20
2020-06-10 13:43:55,262: INFO): max_atoms   : 80
2020-06-10 13:43:55,262: INFO): n_features  : 76
2020-06-10 13:43:55,262: INFO): dropout_prob:  0.20
2020-06-10 13:43:55,262: INFO): lr          : 0.001000
2020-06-10 13:43:55,262: INFO): l2_val      : 0.001000
2020-06-10 13:43:55,262: INFO): N_it        : 4
2020-06-10 13:43:55,262: INFO): activation  : relu
2020-06-10 13:43:55,262: INFO): drp_flag    : False
2020-06-10 13:43:55,262: INFO): concat      : True
2020-06-10 13:43:55,262: INFO): make_fgp    : True
2020-06-10 13:43:55,262: INFO): fgp_size    : 50
