2020-06-09 20:11:59,174: INFO): START
2020-06-09 20:12:20,819: INFO): Data loaded
2020-06-09 20:12:23,575: INFO): Fold 0
2020-06-09 20:12:23,575: INFO):   Train class count: [ 871. 1631. 2751. 3642. 1333. 3928.]
2020-06-09 20:12:23,576: INFO):   Test class count: [  48.  577.  667.  674.  278. 1295.]
2020-06-09 20:12:23,576: INFO): OUT 0
2020-06-09 20:12:23,579: INFO): Echo model_config:
2020-06-09 20:12:23,579: INFO): 
activation: relu
concat: true
dropout: 0.2
dropout_flag: false
fgp: true
fgp_size: 50
hidden_units: 20
hidden_units_mlp: 100
l2: 0.001
lr: 0.001
num_layers: 4

2020-06-09 20:12:23,579: INFO): Echo of GCNN module config:
2020-06-09 20:12:23,579: INFO): num_filters : 2
2020-06-09 20:12:23,579: INFO): N_H         : 20
2020-06-09 20:12:23,579: INFO): dropout_prob:  0.20
2020-06-09 20:12:23,579: INFO): lr          : 0.001000
2020-06-09 20:12:23,579: INFO): l2_val      : 0.001000
2020-06-09 20:12:23,579: INFO): N_it        : 4
2020-06-09 20:12:23,580: INFO): activation  : relu
2020-06-09 20:12:23,580: INFO): drp_flag    : False
2020-06-09 20:12:23,580: INFO): concat      : True
2020-06-09 20:12:23,580: INFO): make_fgp    : True
2020-06-09 20:12:23,580: INFO): fgp_size    : 50
2020-06-09 20:12:23,941: INFO): Echo of GCNN module config:
2020-06-09 20:12:23,941: INFO): num_filters : 2
2020-06-09 20:12:23,941: INFO): N_H         : 20
2020-06-09 20:12:23,941: INFO): dropout_prob:  0.20
2020-06-09 20:12:23,941: INFO): lr          : 0.001000
2020-06-09 20:12:23,941: INFO): l2_val      : 0.001000
2020-06-09 20:12:23,941: INFO): N_it        : 4
2020-06-09 20:12:23,941: INFO): activation  : relu
2020-06-09 20:12:23,941: INFO): drp_flag    : False
2020-06-09 20:12:23,941: INFO): concat      : True
2020-06-09 20:12:23,941: INFO): make_fgp    : True
2020-06-09 20:12:23,942: INFO): fgp_size    : 50
2020-06-09 20:44:09,073: INFO):    Accuracy:    0.888
2020-06-09 20:44:09,076: INFO):   OUT : 0
2020-06-09 20:44:09,076: INFO):    TPR:    0.375
2020-06-09 20:44:09,076: INFO):    TNR:    0.895
2020-06-09 20:44:09,076: INFO):      F:    1.293
2020-06-09 20:44:09,076: INFO):   g_av:    0.579
2020-06-09 20:44:09,076: INFO): OUT 1
2020-06-09 20:44:09,080: INFO): Echo model_config:
2020-06-09 20:44:09,080: INFO): 
activation: relu
concat: true
dropout: 0.2
dropout_flag: false
fgp: true
fgp_size: 50
hidden_units: 20
hidden_units_mlp: 100
l2: 0.001
lr: 0.001
num_layers: 4

2020-06-09 20:44:09,080: INFO): Echo of GCNN module config:
2020-06-09 20:44:09,080: INFO): num_filters : 2
2020-06-09 20:44:09,080: INFO): N_H         : 20
2020-06-09 20:44:09,080: INFO): dropout_prob:  0.20
2020-06-09 20:44:09,080: INFO): lr          : 0.001000
2020-06-09 20:44:09,080: INFO): l2_val      : 0.001000
2020-06-09 20:44:09,080: INFO): N_it        : 4
2020-06-09 20:44:09,080: INFO): activation  : relu
2020-06-09 20:44:09,080: INFO): drp_flag    : False
2020-06-09 20:44:09,080: INFO): concat      : True
2020-06-09 20:44:09,080: INFO): make_fgp    : True
2020-06-09 20:44:09,080: INFO): fgp_size    : 50
2020-06-09 20:44:09,438: INFO): Echo of GCNN module config:
2020-06-09 20:44:09,438: INFO): num_filters : 2
2020-06-09 20:44:09,438: INFO): N_H         : 20
2020-06-09 20:44:09,438: INFO): dropout_prob:  0.20
2020-06-09 20:44:09,438: INFO): lr          : 0.001000
2020-06-09 20:44:09,439: INFO): l2_val      : 0.001000
2020-06-09 20:44:09,439: INFO): N_it        : 4
2020-06-09 20:44:09,439: INFO): activation  : relu
2020-06-09 20:44:09,439: INFO): drp_flag    : False
2020-06-09 20:44:09,439: INFO): concat      : True
2020-06-09 20:44:09,439: INFO): make_fgp    : True
2020-06-09 20:44:09,439: INFO): fgp_size    : 50
2020-06-09 21:15:47,179: INFO):    Accuracy:    0.454
2020-06-09 21:15:47,182: INFO):   OUT : 0
2020-06-09 21:15:47,182: INFO):    TPR:    0.844
2020-06-09 21:15:47,182: INFO):    TNR:    0.377
2020-06-09 21:15:47,182: INFO):      F:    1.082
2020-06-09 21:15:47,182: INFO):   g_av:    0.564
2020-06-09 21:15:47,182: INFO): OUT 2
2020-06-09 21:15:47,185: INFO): Echo model_config:
2020-06-09 21:15:47,185: INFO): 
activation: relu
concat: true
dropout: 0.2
dropout_flag: false
fgp: true
fgp_size: 50
hidden_units: 20
hidden_units_mlp: 100
l2: 0.001
lr: 0.001
num_layers: 4

2020-06-09 21:15:47,185: INFO): Echo of GCNN module config:
2020-06-09 21:15:47,185: INFO): num_filters : 2
2020-06-09 21:15:47,185: INFO): N_H         : 20
2020-06-09 21:15:47,185: INFO): dropout_prob:  0.20
2020-06-09 21:15:47,185: INFO): lr          : 0.001000
2020-06-09 21:15:47,185: INFO): l2_val      : 0.001000
2020-06-09 21:15:47,185: INFO): N_it        : 4
2020-06-09 21:15:47,185: INFO): activation  : relu
2020-06-09 21:15:47,186: INFO): drp_flag    : False
2020-06-09 21:15:47,186: INFO): concat      : True
2020-06-09 21:15:47,186: INFO): make_fgp    : True
2020-06-09 21:15:47,186: INFO): fgp_size    : 50
2020-06-09 21:15:47,558: INFO): Echo of GCNN module config:
2020-06-09 21:15:47,558: INFO): num_filters : 2
2020-06-09 21:15:47,558: INFO): N_H         : 20
2020-06-09 21:15:47,558: INFO): dropout_prob:  0.20
2020-06-09 21:15:47,558: INFO): lr          : 0.001000
2020-06-09 21:15:47,558: INFO): l2_val      : 0.001000
2020-06-09 21:15:47,558: INFO): N_it        : 4
2020-06-09 21:15:47,558: INFO): activation  : relu
2020-06-09 21:15:47,558: INFO): drp_flag    : False
2020-06-09 21:15:47,558: INFO): concat      : True
2020-06-09 21:15:47,558: INFO): make_fgp    : True
2020-06-09 21:15:47,558: INFO): fgp_size    : 50
2020-06-09 21:47:24,338: INFO):    Accuracy:    0.683
2020-06-09 21:47:24,341: INFO):   OUT : 0
2020-06-09 21:47:24,341: INFO):    TPR:    0.510
2020-06-09 21:47:24,341: INFO):    TNR:    0.723
2020-06-09 21:47:24,341: INFO):      F:    0.809
2020-06-09 21:47:24,341: INFO):   g_av:    0.607
2020-06-09 21:47:24,341: INFO): OUT 3
2020-06-09 21:47:24,345: INFO): Echo model_config:
2020-06-09 21:47:24,345: INFO): 
activation: relu
concat: true
dropout: 0.2
dropout_flag: false
fgp: true
fgp_size: 50
hidden_units: 20
hidden_units_mlp: 100
l2: 0.001
lr: 0.001
num_layers: 4

2020-06-09 21:47:24,345: INFO): Echo of GCNN module config:
2020-06-09 21:47:24,345: INFO): num_filters : 2
2020-06-09 21:47:24,345: INFO): N_H         : 20
2020-06-09 21:47:24,345: INFO): dropout_prob:  0.20
2020-06-09 21:47:24,345: INFO): lr          : 0.001000
2020-06-09 21:47:24,345: INFO): l2_val      : 0.001000
2020-06-09 21:47:24,345: INFO): N_it        : 4
2020-06-09 21:47:24,345: INFO): activation  : relu
2020-06-09 21:47:24,345: INFO): drp_flag    : False
2020-06-09 21:47:24,345: INFO): concat      : True
2020-06-09 21:47:24,345: INFO): make_fgp    : True
2020-06-09 21:47:24,345: INFO): fgp_size    : 50
2020-06-09 21:47:24,728: INFO): Echo of GCNN module config:
2020-06-09 21:47:24,728: INFO): num_filters : 2
2020-06-09 21:47:24,728: INFO): N_H         : 20
2020-06-09 21:47:24,728: INFO): dropout_prob:  0.20
2020-06-09 21:47:24,728: INFO): lr          : 0.001000
2020-06-09 21:47:24,728: INFO): l2_val      : 0.001000
2020-06-09 21:47:24,728: INFO): N_it        : 4
2020-06-09 21:47:24,728: INFO): activation  : relu
2020-06-09 21:47:24,728: INFO): drp_flag    : False
2020-06-09 21:47:24,728: INFO): concat      : True
2020-06-09 21:47:24,728: INFO): make_fgp    : True
2020-06-09 21:47:24,728: INFO): fgp_size    : 50
2020-06-09 22:19:02,520: INFO):    Accuracy:    0.611
2020-06-09 22:19:02,523: INFO):   OUT : 0
2020-06-09 22:19:02,523: INFO):    TPR:    0.807
2020-06-09 22:19:02,523: INFO):    TNR:    0.565
2020-06-09 22:19:02,523: INFO):      F:    1.288
2020-06-09 22:19:02,523: INFO):   g_av:    0.675
2020-06-09 22:19:02,523: INFO): OUT 4
2020-06-09 22:19:02,527: INFO): Echo model_config:
2020-06-09 22:19:02,527: INFO): 
activation: relu
concat: true
dropout: 0.2
dropout_flag: false
fgp: true
fgp_size: 50
hidden_units: 20
hidden_units_mlp: 100
l2: 0.001
lr: 0.001
num_layers: 4

2020-06-09 22:19:02,527: INFO): Echo of GCNN module config:
2020-06-09 22:19:02,527: INFO): num_filters : 2
2020-06-09 22:19:02,527: INFO): N_H         : 20
2020-06-09 22:19:02,527: INFO): dropout_prob:  0.20
2020-06-09 22:19:02,527: INFO): lr          : 0.001000
2020-06-09 22:19:02,527: INFO): l2_val      : 0.001000
2020-06-09 22:19:02,527: INFO): N_it        : 4
2020-06-09 22:19:02,527: INFO): activation  : relu
2020-06-09 22:19:02,527: INFO): drp_flag    : False
2020-06-09 22:19:02,527: INFO): concat      : True
2020-06-09 22:19:02,527: INFO): make_fgp    : True
2020-06-09 22:19:02,527: INFO): fgp_size    : 50
2020-06-09 22:19:02,932: INFO): Echo of GCNN module config:
2020-06-09 22:19:02,933: INFO): num_filters : 2
2020-06-09 22:19:02,933: INFO): N_H         : 20
2020-06-09 22:19:02,933: INFO): dropout_prob:  0.20
2020-06-09 22:19:02,933: INFO): lr          : 0.001000
2020-06-09 22:19:02,933: INFO): l2_val      : 0.001000
2020-06-09 22:19:02,933: INFO): N_it        : 4
2020-06-09 22:19:02,933: INFO): activation  : relu
2020-06-09 22:19:02,933: INFO): drp_flag    : False
2020-06-09 22:19:02,933: INFO): concat      : True
2020-06-09 22:19:02,933: INFO): make_fgp    : True
2020-06-09 22:19:02,933: INFO): fgp_size    : 50
2020-06-09 22:50:57,019: INFO):    Accuracy:    0.829
2020-06-09 22:50:57,021: INFO):   OUT : 0
2020-06-09 22:50:57,022: INFO):    TPR:    0.403
2020-06-09 22:50:57,022: INFO):    TNR:    0.865
2020-06-09 22:50:57,022: INFO):      F:    1.042
2020-06-09 22:50:57,022: INFO):   g_av:    0.590
2020-06-09 22:50:57,022: INFO): OUT 5
2020-06-09 22:50:57,025: INFO): Echo model_config:
2020-06-09 22:50:57,025: INFO): 
activation: relu
concat: true
dropout: 0.2
dropout_flag: false
fgp: true
fgp_size: 50
hidden_units: 20
hidden_units_mlp: 100
l2: 0.001
lr: 0.001
num_layers: 4

2020-06-09 22:50:57,025: INFO): Echo of GCNN module config:
2020-06-09 22:50:57,025: INFO): num_filters : 2
2020-06-09 22:50:57,025: INFO): N_H         : 20
2020-06-09 22:50:57,025: INFO): dropout_prob:  0.20
2020-06-09 22:50:57,025: INFO): lr          : 0.001000
2020-06-09 22:50:57,025: INFO): l2_val      : 0.001000
2020-06-09 22:50:57,025: INFO): N_it        : 4
2020-06-09 22:50:57,025: INFO): activation  : relu
2020-06-09 22:50:57,025: INFO): drp_flag    : False
2020-06-09 22:50:57,025: INFO): concat      : True
2020-06-09 22:50:57,026: INFO): make_fgp    : True
2020-06-09 22:50:57,026: INFO): fgp_size    : 50
2020-06-09 22:50:57,442: INFO): Echo of GCNN module config:
2020-06-09 22:50:57,442: INFO): num_filters : 2
2020-06-09 22:50:57,442: INFO): N_H         : 20
2020-06-09 22:50:57,442: INFO): dropout_prob:  0.20
2020-06-09 22:50:57,442: INFO): lr          : 0.001000
2020-06-09 22:50:57,442: INFO): l2_val      : 0.001000
2020-06-09 22:50:57,442: INFO): N_it        : 4
2020-06-09 22:50:57,442: INFO): activation  : relu
2020-06-09 22:50:57,442: INFO): drp_flag    : False
2020-06-09 22:50:57,442: INFO): concat      : True
2020-06-09 22:50:57,442: INFO): make_fgp    : True
2020-06-09 22:50:57,442: INFO): fgp_size    : 50
2020-06-09 23:22:55,035: INFO):    Accuracy:    0.651
2020-06-09 23:22:55,038: INFO):   OUT : 0
2020-06-09 23:22:55,038: INFO):    TPR:    0.646
2020-06-09 23:22:55,038: INFO):    TNR:    0.654
2020-06-09 23:22:55,038: INFO):      F:    0.917
2020-06-09 23:22:55,038: INFO):   g_av:    0.650
2020-06-09 23:22:55,104: INFO):    Baseline: top-1,2,3 :0.394 0.625 0.778
2020-06-09 23:22:58,088: INFO): Fold 1
2020-06-09 23:22:58,088: INFO):   Train class count: [ 698. 1866. 2712. 3251. 1316. 4313.]
2020-06-09 23:22:58,089: INFO):   Test class count: [ 221.  342.  706. 1065.  295.  910.]
2020-06-09 23:22:58,089: INFO): OUT 0
2020-06-09 23:22:58,092: INFO): Echo model_config:
2020-06-09 23:22:58,092: INFO): 
activation: relu
concat: true
dropout: 0.2
dropout_flag: false
fgp: true
fgp_size: 50
hidden_units: 20
hidden_units_mlp: 100
l2: 0.001
lr: 0.001
num_layers: 4

2020-06-09 23:22:58,092: INFO): Echo of GCNN module config:
2020-06-09 23:22:58,092: INFO): num_filters : 2
2020-06-09 23:22:58,092: INFO): N_H         : 20
2020-06-09 23:22:58,092: INFO): dropout_prob:  0.20
2020-06-09 23:22:58,092: INFO): lr          : 0.001000
2020-06-09 23:22:58,092: INFO): l2_val      : 0.001000
2020-06-09 23:22:58,092: INFO): N_it        : 4
2020-06-09 23:22:58,092: INFO): activation  : relu
2020-06-09 23:22:58,092: INFO): drp_flag    : False
2020-06-09 23:22:58,092: INFO): concat      : True
2020-06-09 23:22:58,092: INFO): make_fgp    : True
2020-06-09 23:22:58,093: INFO): fgp_size    : 50
2020-06-09 23:22:58,693: INFO): Echo of GCNN module config:
2020-06-09 23:22:58,693: INFO): num_filters : 2
2020-06-09 23:22:58,693: INFO): N_H         : 20
2020-06-09 23:22:58,693: INFO): dropout_prob:  0.20
2020-06-09 23:22:58,693: INFO): lr          : 0.001000
2020-06-09 23:22:58,693: INFO): l2_val      : 0.001000
2020-06-09 23:22:58,693: INFO): N_it        : 4
2020-06-09 23:22:58,693: INFO): activation  : relu
2020-06-09 23:22:58,693: INFO): drp_flag    : False
2020-06-09 23:22:58,693: INFO): concat      : True
2020-06-09 23:22:58,693: INFO): make_fgp    : True
2020-06-09 23:22:58,693: INFO): fgp_size    : 50
2020-06-09 23:55:06,233: INFO):    Accuracy:    0.580
2020-06-09 23:55:06,236: INFO):   OUT : 0
2020-06-09 23:55:06,236: INFO):    TPR:    0.774
2020-06-09 23:55:06,236: INFO):    TNR:    0.567
2020-06-09 23:55:06,236: INFO):      F:    1.318
2020-06-09 23:55:06,236: INFO):   g_av:    0.662
2020-06-09 23:55:06,236: INFO): OUT 1
2020-06-09 23:55:06,239: INFO): Echo model_config:
2020-06-09 23:55:06,239: INFO): 
activation: relu
concat: true
dropout: 0.2
dropout_flag: false
fgp: true
fgp_size: 50
hidden_units: 20
hidden_units_mlp: 100
l2: 0.001
lr: 0.001
num_layers: 4

2020-06-09 23:55:06,240: INFO): Echo of GCNN module config:
2020-06-09 23:55:06,240: INFO): num_filters : 2
2020-06-09 23:55:06,240: INFO): N_H         : 20
2020-06-09 23:55:06,240: INFO): dropout_prob:  0.20
2020-06-09 23:55:06,240: INFO): lr          : 0.001000
2020-06-09 23:55:06,240: INFO): l2_val      : 0.001000
2020-06-09 23:55:06,240: INFO): N_it        : 4
2020-06-09 23:55:06,240: INFO): activation  : relu
2020-06-09 23:55:06,240: INFO): drp_flag    : False
2020-06-09 23:55:06,240: INFO): concat      : True
2020-06-09 23:55:06,240: INFO): make_fgp    : True
2020-06-09 23:55:06,240: INFO): fgp_size    : 50
2020-06-09 23:55:06,693: INFO): Echo of GCNN module config:
2020-06-09 23:55:06,693: INFO): num_filters : 2
2020-06-09 23:55:06,693: INFO): N_H         : 20
2020-06-09 23:55:06,693: INFO): dropout_prob:  0.20
2020-06-09 23:55:06,694: INFO): lr          : 0.001000
2020-06-09 23:55:06,694: INFO): l2_val      : 0.001000
2020-06-09 23:55:06,694: INFO): N_it        : 4
2020-06-09 23:55:06,694: INFO): activation  : relu
2020-06-09 23:55:06,694: INFO): drp_flag    : False
2020-06-09 23:55:06,694: INFO): concat      : True
2020-06-09 23:55:06,694: INFO): make_fgp    : True
2020-06-09 23:55:06,694: INFO): fgp_size    : 50
2020-06-10 00:27:09,898: INFO):    Accuracy:    0.546
2020-06-10 00:27:09,901: INFO):   OUT : 0
2020-06-10 00:27:09,901: INFO):    TPR:    0.579
2020-06-10 00:27:09,901: INFO):    TNR:    0.543
2020-06-10 00:27:09,901: INFO):      F:    0.715
2020-06-10 00:27:09,901: INFO):   g_av:    0.561
2020-06-10 00:27:09,901: INFO): OUT 2
2020-06-10 00:27:09,904: INFO): Echo model_config:
2020-06-10 00:27:09,905: INFO): 
activation: relu
concat: true
dropout: 0.2
dropout_flag: false
fgp: true
fgp_size: 50
hidden_units: 20
hidden_units_mlp: 100
l2: 0.001
lr: 0.001
num_layers: 4

2020-06-10 00:27:09,905: INFO): Echo of GCNN module config:
2020-06-10 00:27:09,905: INFO): num_filters : 2
2020-06-10 00:27:09,905: INFO): N_H         : 20
2020-06-10 00:27:09,905: INFO): dropout_prob:  0.20
2020-06-10 00:27:09,905: INFO): lr          : 0.001000
2020-06-10 00:27:09,905: INFO): l2_val      : 0.001000
2020-06-10 00:27:09,905: INFO): N_it        : 4
2020-06-10 00:27:09,905: INFO): activation  : relu
2020-06-10 00:27:09,905: INFO): drp_flag    : False
2020-06-10 00:27:09,905: INFO): concat      : True
2020-06-10 00:27:09,905: INFO): make_fgp    : True
2020-06-10 00:27:09,905: INFO): fgp_size    : 50
2020-06-10 00:27:10,378: INFO): Echo of GCNN module config:
2020-06-10 00:27:10,378: INFO): num_filters : 2
2020-06-10 00:27:10,378: INFO): N_H         : 20
2020-06-10 00:27:10,378: INFO): dropout_prob:  0.20
2020-06-10 00:27:10,378: INFO): lr          : 0.001000
2020-06-10 00:27:10,378: INFO): l2_val      : 0.001000
2020-06-10 00:27:10,378: INFO): N_it        : 4
2020-06-10 00:27:10,378: INFO): activation  : relu
2020-06-10 00:27:10,378: INFO): drp_flag    : False
2020-06-10 00:27:10,378: INFO): concat      : True
2020-06-10 00:27:10,378: INFO): make_fgp    : True
2020-06-10 00:27:10,378: INFO): fgp_size    : 50
2020-06-10 00:59:18,035: INFO):    Accuracy:    0.405
2020-06-10 00:59:18,038: INFO):   OUT : 0
2020-06-10 00:59:18,038: INFO):    TPR:    0.844
2020-06-10 00:59:18,038: INFO):    TNR:    0.295
2020-06-10 00:59:18,038: INFO):      F:    0.973
2020-06-10 00:59:18,038: INFO):   g_av:    0.499
2020-06-10 00:59:18,038: INFO): OUT 3
2020-06-10 00:59:18,042: INFO): Echo model_config:
2020-06-10 00:59:18,042: INFO): 
activation: relu
concat: true
dropout: 0.2
dropout_flag: false
fgp: true
fgp_size: 50
hidden_units: 20
hidden_units_mlp: 100
l2: 0.001
lr: 0.001
num_layers: 4

2020-06-10 00:59:18,042: INFO): Echo of GCNN module config:
2020-06-10 00:59:18,042: INFO): num_filters : 2
2020-06-10 00:59:18,042: INFO): N_H         : 20
2020-06-10 00:59:18,042: INFO): dropout_prob:  0.20
2020-06-10 00:59:18,042: INFO): lr          : 0.001000
2020-06-10 00:59:18,042: INFO): l2_val      : 0.001000
2020-06-10 00:59:18,042: INFO): N_it        : 4
2020-06-10 00:59:18,042: INFO): activation  : relu
2020-06-10 00:59:18,042: INFO): drp_flag    : False
2020-06-10 00:59:18,042: INFO): concat      : True
2020-06-10 00:59:18,042: INFO): make_fgp    : True
2020-06-10 00:59:18,042: INFO): fgp_size    : 50
2020-06-10 00:59:18,526: INFO): Echo of GCNN module config:
2020-06-10 00:59:18,526: INFO): num_filters : 2
2020-06-10 00:59:18,526: INFO): N_H         : 20
2020-06-10 00:59:18,526: INFO): dropout_prob:  0.20
2020-06-10 00:59:18,526: INFO): lr          : 0.001000
2020-06-10 00:59:18,526: INFO): l2_val      : 0.001000
2020-06-10 00:59:18,526: INFO): N_it        : 4
2020-06-10 00:59:18,526: INFO): activation  : relu
2020-06-10 00:59:18,526: INFO): drp_flag    : False
2020-06-10 00:59:18,526: INFO): concat      : True
2020-06-10 00:59:18,526: INFO): make_fgp    : True
2020-06-10 00:59:18,526: INFO): fgp_size    : 50
2020-06-10 01:31:25,522: INFO):    Accuracy:    0.628
2020-06-10 01:31:25,525: INFO):   OUT : 0
2020-06-10 01:31:25,525: INFO):    TPR:    0.896
2020-06-10 01:31:25,525: INFO):    TNR:    0.513
2020-06-10 01:31:25,525: INFO):      F:    1.315
2020-06-10 01:31:25,525: INFO):   g_av:    0.678
2020-06-10 01:31:25,525: INFO): OUT 4
2020-06-10 01:31:25,529: INFO): Echo model_config:
2020-06-10 01:31:25,529: INFO): 
activation: relu
concat: true
dropout: 0.2
dropout_flag: false
fgp: true
fgp_size: 50
hidden_units: 20
hidden_units_mlp: 100
l2: 0.001
lr: 0.001
num_layers: 4

2020-06-10 01:31:25,529: INFO): Echo of GCNN module config:
2020-06-10 01:31:25,529: INFO): num_filters : 2
2020-06-10 01:31:25,529: INFO): N_H         : 20
2020-06-10 01:31:25,529: INFO): dropout_prob:  0.20
2020-06-10 01:31:25,529: INFO): lr          : 0.001000
2020-06-10 01:31:25,529: INFO): l2_val      : 0.001000
2020-06-10 01:31:25,529: INFO): N_it        : 4
2020-06-10 01:31:25,529: INFO): activation  : relu
2020-06-10 01:31:25,529: INFO): drp_flag    : False
2020-06-10 01:31:25,529: INFO): concat      : True
2020-06-10 01:31:25,529: INFO): make_fgp    : True
2020-06-10 01:31:25,529: INFO): fgp_size    : 50
2020-06-10 01:31:26,034: INFO): Echo of GCNN module config:
2020-06-10 01:31:26,034: INFO): num_filters : 2
2020-06-10 01:31:26,035: INFO): N_H         : 20
2020-06-10 01:31:26,035: INFO): dropout_prob:  0.20
2020-06-10 01:31:26,035: INFO): lr          : 0.001000
2020-06-10 01:31:26,035: INFO): l2_val      : 0.001000
2020-06-10 01:31:26,035: INFO): N_it        : 4
2020-06-10 01:31:26,035: INFO): activation  : relu
2020-06-10 01:31:26,035: INFO): drp_flag    : False
2020-06-10 01:31:26,035: INFO): concat      : True
2020-06-10 01:31:26,035: INFO): make_fgp    : True
2020-06-10 01:31:26,035: INFO): fgp_size    : 50
2020-06-10 02:03:33,088: INFO):    Accuracy:    0.388
2020-06-10 02:03:33,091: INFO):   OUT : 0
2020-06-10 02:03:33,091: INFO):    TPR:    0.837
2020-06-10 02:03:33,091: INFO):    TNR:    0.347
2020-06-10 02:03:33,091: INFO):      F:    1.049
2020-06-10 02:03:33,091: INFO):   g_av:    0.539
2020-06-10 02:03:33,091: INFO): OUT 5
2020-06-10 02:03:33,095: INFO): Echo model_config:
2020-06-10 02:03:33,095: INFO): 
activation: relu
concat: true
dropout: 0.2
dropout_flag: false
fgp: true
fgp_size: 50
hidden_units: 20
hidden_units_mlp: 100
l2: 0.001
lr: 0.001
num_layers: 4

2020-06-10 02:03:33,095: INFO): Echo of GCNN module config:
2020-06-10 02:03:33,095: INFO): num_filters : 2
2020-06-10 02:03:33,095: INFO): N_H         : 20
2020-06-10 02:03:33,095: INFO): dropout_prob:  0.20
2020-06-10 02:03:33,095: INFO): lr          : 0.001000
2020-06-10 02:03:33,095: INFO): l2_val      : 0.001000
2020-06-10 02:03:33,095: INFO): N_it        : 4
2020-06-10 02:03:33,095: INFO): activation  : relu
2020-06-10 02:03:33,095: INFO): drp_flag    : False
2020-06-10 02:03:33,095: INFO): concat      : True
2020-06-10 02:03:33,095: INFO): make_fgp    : True
2020-06-10 02:03:33,095: INFO): fgp_size    : 50
2020-06-10 02:03:33,613: INFO): Echo of GCNN module config:
2020-06-10 02:03:33,613: INFO): num_filters : 2
2020-06-10 02:03:33,613: INFO): N_H         : 20
2020-06-10 02:03:33,613: INFO): dropout_prob:  0.20
2020-06-10 02:03:33,614: INFO): lr          : 0.001000
2020-06-10 02:03:33,614: INFO): l2_val      : 0.001000
2020-06-10 02:03:33,614: INFO): N_it        : 4
2020-06-10 02:03:33,614: INFO): activation  : relu
2020-06-10 02:03:33,614: INFO): drp_flag    : False
2020-06-10 02:03:33,614: INFO): concat      : True
2020-06-10 02:03:33,614: INFO): make_fgp    : True
2020-06-10 02:03:33,614: INFO): fgp_size    : 50
2020-06-10 02:35:35,683: INFO):    Accuracy:    0.737
2020-06-10 02:35:35,686: INFO):   OUT : 0
2020-06-10 02:35:35,686: INFO):    TPR:    0.633
2020-06-10 02:35:35,686: INFO):    TNR:    0.773
2020-06-10 02:35:35,686: INFO):      F:    1.208
2020-06-10 02:35:35,686: INFO):   g_av:    0.699
2020-06-10 02:35:35,752: INFO):    Baseline: top-1,2,3 :0.376 0.583 0.734
2020-06-10 02:35:38,720: INFO): Fold 2
2020-06-10 02:35:38,720: INFO):   Train class count: [ 667. 1745. 2843. 3491. 1246. 4164.]
2020-06-10 02:35:38,720: INFO):   Test class count: [ 252.  463.  575.  825.  365. 1059.]
2020-06-10 02:35:38,720: INFO): OUT 0
2020-06-10 02:35:38,724: INFO): Echo model_config:
2020-06-10 02:35:38,724: INFO): 
activation: relu
concat: true
dropout: 0.2
dropout_flag: false
fgp: true
fgp_size: 50
hidden_units: 20
hidden_units_mlp: 100
l2: 0.001
lr: 0.001
num_layers: 4

2020-06-10 02:35:38,724: INFO): Echo of GCNN module config:
2020-06-10 02:35:38,724: INFO): num_filters : 2
2020-06-10 02:35:38,724: INFO): N_H         : 20
2020-06-10 02:35:38,724: INFO): dropout_prob:  0.20
2020-06-10 02:35:38,724: INFO): lr          : 0.001000
2020-06-10 02:35:38,724: INFO): l2_val      : 0.001000
2020-06-10 02:35:38,724: INFO): N_it        : 4
2020-06-10 02:35:38,724: INFO): activation  : relu
2020-06-10 02:35:38,724: INFO): drp_flag    : False
2020-06-10 02:35:38,724: INFO): concat      : True
2020-06-10 02:35:38,724: INFO): make_fgp    : True
2020-06-10 02:35:38,724: INFO): fgp_size    : 50
2020-06-10 02:35:39,259: INFO): Echo of GCNN module config:
2020-06-10 02:35:39,259: INFO): num_filters : 2
2020-06-10 02:35:39,259: INFO): N_H         : 20
2020-06-10 02:35:39,259: INFO): dropout_prob:  0.20
2020-06-10 02:35:39,259: INFO): lr          : 0.001000
2020-06-10 02:35:39,259: INFO): l2_val      : 0.001000
2020-06-10 02:35:39,259: INFO): N_it        : 4
2020-06-10 02:35:39,259: INFO): activation  : relu
2020-06-10 02:35:39,259: INFO): drp_flag    : False
2020-06-10 02:35:39,259: INFO): concat      : True
2020-06-10 02:35:39,259: INFO): make_fgp    : True
2020-06-10 02:35:39,259: INFO): fgp_size    : 50
2020-06-10 03:08:02,357: INFO):    Accuracy:    0.501
2020-06-10 03:08:02,360: INFO):   OUT : 0
2020-06-10 03:08:02,360: INFO):    TPR:    0.865
2020-06-10 03:08:02,360: INFO):    TNR:    0.473
2020-06-10 03:08:02,360: INFO):      F:    1.357
2020-06-10 03:08:02,360: INFO):   g_av:    0.640
2020-06-10 03:08:02,360: INFO): OUT 1
2020-06-10 03:08:02,364: INFO): Echo model_config:
2020-06-10 03:08:02,364: INFO): 
activation: relu
concat: true
dropout: 0.2
dropout_flag: false
fgp: true
fgp_size: 50
hidden_units: 20
hidden_units_mlp: 100
l2: 0.001
lr: 0.001
num_layers: 4

2020-06-10 03:08:02,364: INFO): Echo of GCNN module config:
2020-06-10 03:08:02,364: INFO): num_filters : 2
2020-06-10 03:08:02,364: INFO): N_H         : 20
2020-06-10 03:08:02,364: INFO): dropout_prob:  0.20
2020-06-10 03:08:02,364: INFO): lr          : 0.001000
2020-06-10 03:08:02,364: INFO): l2_val      : 0.001000
2020-06-10 03:08:02,364: INFO): N_it        : 4
2020-06-10 03:08:02,364: INFO): activation  : relu
2020-06-10 03:08:02,364: INFO): drp_flag    : False
2020-06-10 03:08:02,364: INFO): concat      : True
2020-06-10 03:08:02,364: INFO): make_fgp    : True
2020-06-10 03:08:02,364: INFO): fgp_size    : 50
2020-06-10 03:08:02,919: INFO): Echo of GCNN module config:
2020-06-10 03:08:02,919: INFO): num_filters : 2
2020-06-10 03:08:02,919: INFO): N_H         : 20
2020-06-10 03:08:02,919: INFO): dropout_prob:  0.20
2020-06-10 03:08:02,919: INFO): lr          : 0.001000
2020-06-10 03:08:02,919: INFO): l2_val      : 0.001000
2020-06-10 03:08:02,919: INFO): N_it        : 4
2020-06-10 03:08:02,919: INFO): activation  : relu
2020-06-10 03:08:02,919: INFO): drp_flag    : False
2020-06-10 03:08:02,919: INFO): concat      : True
2020-06-10 03:08:02,919: INFO): make_fgp    : True
2020-06-10 03:08:02,919: INFO): fgp_size    : 50
2020-06-10 03:40:23,084: INFO):    Accuracy:    0.530
2020-06-10 03:40:23,087: INFO):   OUT : 0
2020-06-10 03:40:23,087: INFO):    TPR:    0.641
2020-06-10 03:40:23,087: INFO):    TNR:    0.513
2020-06-10 03:40:23,087: INFO):      F:    0.812
2020-06-10 03:40:23,087: INFO):   g_av:    0.574
2020-06-10 03:40:23,087: INFO): OUT 2
2020-06-10 03:40:23,091: INFO): Echo model_config:
2020-06-10 03:40:23,091: INFO): 
activation: relu
concat: true
dropout: 0.2
dropout_flag: false
fgp: true
fgp_size: 50
hidden_units: 20
hidden_units_mlp: 100
l2: 0.001
lr: 0.001
num_layers: 4

2020-06-10 03:40:23,091: INFO): Echo of GCNN module config:
2020-06-10 03:40:23,091: INFO): num_filters : 2
2020-06-10 03:40:23,091: INFO): N_H         : 20
2020-06-10 03:40:23,091: INFO): dropout_prob:  0.20
2020-06-10 03:40:23,091: INFO): lr          : 0.001000
2020-06-10 03:40:23,091: INFO): l2_val      : 0.001000
2020-06-10 03:40:23,091: INFO): N_it        : 4
2020-06-10 03:40:23,091: INFO): activation  : relu
2020-06-10 03:40:23,091: INFO): drp_flag    : False
2020-06-10 03:40:23,091: INFO): concat      : True
2020-06-10 03:40:23,091: INFO): make_fgp    : True
2020-06-10 03:40:23,091: INFO): fgp_size    : 50
2020-06-10 03:40:23,659: INFO): Echo of GCNN module config:
2020-06-10 03:40:23,659: INFO): num_filters : 2
2020-06-10 03:40:23,659: INFO): N_H         : 20
2020-06-10 03:40:23,659: INFO): dropout_prob:  0.20
2020-06-10 03:40:23,659: INFO): lr          : 0.001000
2020-06-10 03:40:23,659: INFO): l2_val      : 0.001000
2020-06-10 03:40:23,659: INFO): N_it        : 4
2020-06-10 03:40:23,659: INFO): activation  : relu
2020-06-10 03:40:23,659: INFO): drp_flag    : False
2020-06-10 03:40:23,659: INFO): concat      : True
2020-06-10 03:40:23,659: INFO): make_fgp    : True
2020-06-10 03:40:23,659: INFO): fgp_size    : 50
2020-06-10 04:12:37,865: INFO):    Accuracy:    0.505
2020-06-10 04:12:37,868: INFO):   OUT : 0
2020-06-10 04:12:37,868: INFO):    TPR:    0.850
2020-06-10 04:12:37,868: INFO):    TNR:    0.438
2020-06-10 04:12:37,869: INFO):      F:    1.188
2020-06-10 04:12:37,869: INFO):   g_av:    0.610
2020-06-10 04:12:37,869: INFO): OUT 3
2020-06-10 04:12:37,872: INFO): Echo model_config:
2020-06-10 04:12:37,872: INFO): 
activation: relu
concat: true
dropout: 0.2
dropout_flag: false
fgp: true
fgp_size: 50
hidden_units: 20
hidden_units_mlp: 100
l2: 0.001
lr: 0.001
num_layers: 4

2020-06-10 04:12:37,872: INFO): Echo of GCNN module config:
2020-06-10 04:12:37,872: INFO): num_filters : 2
2020-06-10 04:12:37,872: INFO): N_H         : 20
2020-06-10 04:12:37,872: INFO): dropout_prob:  0.20
2020-06-10 04:12:37,872: INFO): lr          : 0.001000
2020-06-10 04:12:37,872: INFO): l2_val      : 0.001000
2020-06-10 04:12:37,872: INFO): N_it        : 4
2020-06-10 04:12:37,873: INFO): activation  : relu
2020-06-10 04:12:37,873: INFO): drp_flag    : False
2020-06-10 04:12:37,873: INFO): concat      : True
2020-06-10 04:12:37,873: INFO): make_fgp    : True
2020-06-10 04:12:37,873: INFO): fgp_size    : 50
2020-06-10 04:12:38,460: INFO): Echo of GCNN module config:
2020-06-10 04:12:38,460: INFO): num_filters : 2
2020-06-10 04:12:38,460: INFO): N_H         : 20
2020-06-10 04:12:38,460: INFO): dropout_prob:  0.20
2020-06-10 04:12:38,460: INFO): lr          : 0.001000
2020-06-10 04:12:38,460: INFO): l2_val      : 0.001000
2020-06-10 04:12:38,460: INFO): N_it        : 4
2020-06-10 04:12:38,460: INFO): activation  : relu
2020-06-10 04:12:38,460: INFO): drp_flag    : False
2020-06-10 04:12:38,460: INFO): concat      : True
2020-06-10 04:12:38,460: INFO): make_fgp    : True
2020-06-10 04:12:38,460: INFO): fgp_size    : 50
2020-06-10 04:44:54,726: INFO):    Accuracy:    0.720
2020-06-10 04:44:54,729: INFO):   OUT : 0
2020-06-10 04:44:54,729: INFO):    TPR:    0.613
2020-06-10 04:44:54,729: INFO):    TNR:    0.752
2020-06-10 04:44:54,729: INFO):      F:    1.129
2020-06-10 04:44:54,729: INFO):   g_av:    0.679
2020-06-10 04:44:54,729: INFO): OUT 4
2020-06-10 04:44:54,732: INFO): Echo model_config:
2020-06-10 04:44:54,732: INFO): 
activation: relu
concat: true
dropout: 0.2
dropout_flag: false
fgp: true
fgp_size: 50
hidden_units: 20
hidden_units_mlp: 100
l2: 0.001
lr: 0.001
num_layers: 4

2020-06-10 04:44:54,732: INFO): Echo of GCNN module config:
2020-06-10 04:44:54,732: INFO): num_filters : 2
2020-06-10 04:44:54,733: INFO): N_H         : 20
2020-06-10 04:44:54,733: INFO): dropout_prob:  0.20
2020-06-10 04:44:54,733: INFO): lr          : 0.001000
2020-06-10 04:44:54,733: INFO): l2_val      : 0.001000
2020-06-10 04:44:54,733: INFO): N_it        : 4
2020-06-10 04:44:54,733: INFO): activation  : relu
2020-06-10 04:44:54,733: INFO): drp_flag    : False
2020-06-10 04:44:54,733: INFO): concat      : True
2020-06-10 04:44:54,733: INFO): make_fgp    : True
2020-06-10 04:44:54,733: INFO): fgp_size    : 50
2020-06-10 04:44:55,332: INFO): Echo of GCNN module config:
2020-06-10 04:44:55,333: INFO): num_filters : 2
2020-06-10 04:44:55,333: INFO): N_H         : 20
2020-06-10 04:44:55,333: INFO): dropout_prob:  0.20
2020-06-10 04:44:55,333: INFO): lr          : 0.001000
2020-06-10 04:44:55,333: INFO): l2_val      : 0.001000
2020-06-10 04:44:55,333: INFO): N_it        : 4
2020-06-10 04:44:55,333: INFO): activation  : relu
2020-06-10 04:44:55,333: INFO): drp_flag    : False
2020-06-10 04:44:55,333: INFO): concat      : True
2020-06-10 04:44:55,333: INFO): make_fgp    : True
2020-06-10 04:44:55,333: INFO): fgp_size    : 50
2020-06-10 05:17:13,407: INFO):    Accuracy:    0.408
2020-06-10 05:17:13,410: INFO):   OUT : 0
2020-06-10 05:17:13,410: INFO):    TPR:    0.923
2020-06-10 05:17:13,410: INFO):    TNR:    0.349
2020-06-10 05:17:13,410: INFO):      F:    1.255
2020-06-10 05:17:13,410: INFO):   g_av:    0.567
2020-06-10 05:17:13,410: INFO): OUT 5
2020-06-10 05:17:13,414: INFO): Echo model_config:
2020-06-10 05:17:13,414: INFO): 
activation: relu
concat: true
dropout: 0.2
dropout_flag: false
fgp: true
fgp_size: 50
hidden_units: 20
hidden_units_mlp: 100
l2: 0.001
lr: 0.001
num_layers: 4

2020-06-10 05:17:13,414: INFO): Echo of GCNN module config:
2020-06-10 05:17:13,414: INFO): num_filters : 2
2020-06-10 05:17:13,414: INFO): N_H         : 20
2020-06-10 05:17:13,414: INFO): dropout_prob:  0.20
2020-06-10 05:17:13,414: INFO): lr          : 0.001000
2020-06-10 05:17:13,414: INFO): l2_val      : 0.001000
2020-06-10 05:17:13,414: INFO): N_it        : 4
2020-06-10 05:17:13,414: INFO): activation  : relu
2020-06-10 05:17:13,414: INFO): drp_flag    : False
2020-06-10 05:17:13,414: INFO): concat      : True
2020-06-10 05:17:13,414: INFO): make_fgp    : True
2020-06-10 05:17:13,414: INFO): fgp_size    : 50
2020-06-10 05:17:14,034: INFO): Echo of GCNN module config:
2020-06-10 05:17:14,034: INFO): num_filters : 2
2020-06-10 05:17:14,034: INFO): N_H         : 20
2020-06-10 05:17:14,034: INFO): dropout_prob:  0.20
2020-06-10 05:17:14,034: INFO): lr          : 0.001000
2020-06-10 05:17:14,034: INFO): l2_val      : 0.001000
2020-06-10 05:17:14,034: INFO): N_it        : 4
2020-06-10 05:17:14,034: INFO): activation  : relu
2020-06-10 05:17:14,034: INFO): drp_flag    : False
2020-06-10 05:17:14,034: INFO): concat      : True
2020-06-10 05:17:14,034: INFO): make_fgp    : True
2020-06-10 05:17:14,034: INFO): fgp_size    : 50
2020-06-10 05:49:33,950: INFO):    Accuracy:    0.508
2020-06-10 05:49:33,953: INFO):   OUT : 0
2020-06-10 05:49:33,953: INFO):    TPR:    0.854
2020-06-10 05:49:33,953: INFO):    TNR:    0.360
2020-06-10 05:49:33,953: INFO):      F:    1.035
2020-06-10 05:49:33,953: INFO):   g_av:    0.554
2020-06-10 05:49:34,020: INFO):    Baseline: top-1,2,3 :0.372 0.567 0.716
2020-06-10 05:49:37,008: INFO): Fold 3
2020-06-10 05:49:37,008: INFO):   Train class count: [ 656. 1850. 2722. 3466. 1234. 4228.]
2020-06-10 05:49:37,008: INFO):   Test class count: [263. 358. 696. 850. 377. 995.]
2020-06-10 05:49:37,008: INFO): OUT 0
2020-06-10 05:49:37,012: INFO): Echo model_config:
2020-06-10 05:49:37,012: INFO): 
activation: relu
concat: true
dropout: 0.2
dropout_flag: false
fgp: true
fgp_size: 50
hidden_units: 20
hidden_units_mlp: 100
l2: 0.001
lr: 0.001
num_layers: 4

2020-06-10 05:49:37,012: INFO): Echo of GCNN module config:
2020-06-10 05:49:37,012: INFO): num_filters : 2
2020-06-10 05:49:37,012: INFO): N_H         : 20
2020-06-10 05:49:37,012: INFO): dropout_prob:  0.20
2020-06-10 05:49:37,012: INFO): lr          : 0.001000
2020-06-10 05:49:37,012: INFO): l2_val      : 0.001000
2020-06-10 05:49:37,012: INFO): N_it        : 4
2020-06-10 05:49:37,012: INFO): activation  : relu
2020-06-10 05:49:37,012: INFO): drp_flag    : False
2020-06-10 05:49:37,012: INFO): concat      : True
2020-06-10 05:49:37,012: INFO): make_fgp    : True
2020-06-10 05:49:37,012: INFO): fgp_size    : 50
2020-06-10 05:49:37,647: INFO): Echo of GCNN module config:
2020-06-10 05:49:37,647: INFO): num_filters : 2
2020-06-10 05:49:37,647: INFO): N_H         : 20
2020-06-10 05:49:37,647: INFO): dropout_prob:  0.20
2020-06-10 05:49:37,647: INFO): lr          : 0.001000
2020-06-10 05:49:37,647: INFO): l2_val      : 0.001000
2020-06-10 05:49:37,647: INFO): N_it        : 4
2020-06-10 05:49:37,647: INFO): activation  : relu
2020-06-10 05:49:37,647: INFO): drp_flag    : False
2020-06-10 05:49:37,647: INFO): concat      : True
2020-06-10 05:49:37,647: INFO): make_fgp    : True
2020-06-10 05:49:37,647: INFO): fgp_size    : 50
2020-06-10 06:22:12,332: INFO):    Accuracy:    0.460
2020-06-10 06:22:12,335: INFO):   OUT : 0
2020-06-10 06:22:12,335: INFO):    TPR:    0.772
2020-06-10 06:22:12,335: INFO):    TNR:    0.435
2020-06-10 06:22:12,335: INFO):      F:    1.026
2020-06-10 06:22:12,336: INFO):   g_av:    0.579
2020-06-10 06:22:12,336: INFO): OUT 1
2020-06-10 06:22:12,339: INFO): Echo model_config:
2020-06-10 06:22:12,339: INFO): 
activation: relu
concat: true
dropout: 0.2
dropout_flag: false
fgp: true
fgp_size: 50
hidden_units: 20
hidden_units_mlp: 100
l2: 0.001
lr: 0.001
num_layers: 4

2020-06-10 06:22:12,339: INFO): Echo of GCNN module config:
2020-06-10 06:22:12,339: INFO): num_filters : 2
2020-06-10 06:22:12,339: INFO): N_H         : 20
2020-06-10 06:22:12,339: INFO): dropout_prob:  0.20
2020-06-10 06:22:12,339: INFO): lr          : 0.001000
2020-06-10 06:22:12,339: INFO): l2_val      : 0.001000
2020-06-10 06:22:12,339: INFO): N_it        : 4
2020-06-10 06:22:12,339: INFO): activation  : relu
2020-06-10 06:22:12,339: INFO): drp_flag    : False
2020-06-10 06:22:12,339: INFO): concat      : True
2020-06-10 06:22:12,339: INFO): make_fgp    : True
2020-06-10 06:22:12,339: INFO): fgp_size    : 50
2020-06-10 06:22:12,987: INFO): Echo of GCNN module config:
2020-06-10 06:22:12,987: INFO): num_filters : 2
2020-06-10 06:22:12,987: INFO): N_H         : 20
2020-06-10 06:22:12,987: INFO): dropout_prob:  0.20
2020-06-10 06:22:12,987: INFO): lr          : 0.001000
2020-06-10 06:22:12,987: INFO): l2_val      : 0.001000
2020-06-10 06:22:12,987: INFO): N_it        : 4
2020-06-10 06:22:12,987: INFO): activation  : relu
2020-06-10 06:22:12,987: INFO): drp_flag    : False
2020-06-10 06:22:12,987: INFO): concat      : True
2020-06-10 06:22:12,987: INFO): make_fgp    : True
2020-06-10 06:22:12,987: INFO): fgp_size    : 50
2020-06-10 06:54:51,130: INFO):    Accuracy:    0.516
2020-06-10 06:54:51,133: INFO):   OUT : 0
2020-06-10 06:54:51,133: INFO):    TPR:    0.723
2020-06-10 06:54:51,133: INFO):    TNR:    0.492
2020-06-10 06:54:51,133: INFO):      F:    0.988
2020-06-10 06:54:51,133: INFO):   g_av:    0.597
2020-06-10 06:54:51,133: INFO): OUT 2
2020-06-10 06:54:51,136: INFO): Echo model_config:
2020-06-10 06:54:51,136: INFO): 
activation: relu
concat: true
dropout: 0.2
dropout_flag: false
fgp: true
fgp_size: 50
hidden_units: 20
hidden_units_mlp: 100
l2: 0.001
lr: 0.001
num_layers: 4

2020-06-10 06:54:51,136: INFO): Echo of GCNN module config:
2020-06-10 06:54:51,136: INFO): num_filters : 2
2020-06-10 06:54:51,137: INFO): N_H         : 20
2020-06-10 06:54:51,137: INFO): dropout_prob:  0.20
2020-06-10 06:54:51,137: INFO): lr          : 0.001000
2020-06-10 06:54:51,137: INFO): l2_val      : 0.001000
2020-06-10 06:54:51,137: INFO): N_it        : 4
2020-06-10 06:54:51,137: INFO): activation  : relu
2020-06-10 06:54:51,137: INFO): drp_flag    : False
2020-06-10 06:54:51,137: INFO): concat      : True
2020-06-10 06:54:51,137: INFO): make_fgp    : True
2020-06-10 06:54:51,137: INFO): fgp_size    : 50
2020-06-10 06:54:51,803: INFO): Echo of GCNN module config:
2020-06-10 06:54:51,803: INFO): num_filters : 2
2020-06-10 06:54:51,803: INFO): N_H         : 20
2020-06-10 06:54:51,803: INFO): dropout_prob:  0.20
2020-06-10 06:54:51,804: INFO): lr          : 0.001000
2020-06-10 06:54:51,804: INFO): l2_val      : 0.001000
2020-06-10 06:54:51,804: INFO): N_it        : 4
2020-06-10 06:54:51,804: INFO): activation  : relu
2020-06-10 06:54:51,804: INFO): drp_flag    : False
2020-06-10 06:54:51,804: INFO): concat      : True
2020-06-10 06:54:51,804: INFO): make_fgp    : True
2020-06-10 06:54:51,804: INFO): fgp_size    : 50
2020-06-10 07:27:25,611: INFO):    Accuracy:    0.443
2020-06-10 07:27:25,614: INFO):   OUT : 0
2020-06-10 07:27:25,614: INFO):    TPR:    0.830
2020-06-10 07:27:25,614: INFO):    TNR:    0.349
2020-06-10 07:27:25,614: INFO):      F:    1.004
2020-06-10 07:27:25,614: INFO):   g_av:    0.538
2020-06-10 07:27:25,614: INFO): OUT 3
2020-06-10 07:27:25,617: INFO): Echo model_config:
2020-06-10 07:27:25,617: INFO): 
activation: relu
concat: true
dropout: 0.2
dropout_flag: false
fgp: true
fgp_size: 50
hidden_units: 20
hidden_units_mlp: 100
l2: 0.001
lr: 0.001
num_layers: 4

2020-06-10 07:27:25,617: INFO): Echo of GCNN module config:
2020-06-10 07:27:25,617: INFO): num_filters : 2
2020-06-10 07:27:25,617: INFO): N_H         : 20
2020-06-10 07:27:25,617: INFO): dropout_prob:  0.20
2020-06-10 07:27:25,617: INFO): lr          : 0.001000
2020-06-10 07:27:25,617: INFO): l2_val      : 0.001000
2020-06-10 07:27:25,617: INFO): N_it        : 4
2020-06-10 07:27:25,618: INFO): activation  : relu
2020-06-10 07:27:25,618: INFO): drp_flag    : False
2020-06-10 07:27:25,618: INFO): concat      : True
2020-06-10 07:27:25,618: INFO): make_fgp    : True
2020-06-10 07:27:25,618: INFO): fgp_size    : 50
2020-06-10 07:27:26,302: INFO): Echo of GCNN module config:
2020-06-10 07:27:26,302: INFO): num_filters : 2
2020-06-10 07:27:26,302: INFO): N_H         : 20
2020-06-10 07:27:26,302: INFO): dropout_prob:  0.20
2020-06-10 07:27:26,302: INFO): lr          : 0.001000
2020-06-10 07:27:26,302: INFO): l2_val      : 0.001000
2020-06-10 07:27:26,302: INFO): N_it        : 4
2020-06-10 07:27:26,302: INFO): activation  : relu
2020-06-10 07:27:26,302: INFO): drp_flag    : False
2020-06-10 07:27:26,302: INFO): concat      : True
2020-06-10 07:27:26,302: INFO): make_fgp    : True
2020-06-10 07:27:26,302: INFO): fgp_size    : 50
2020-06-10 08:00:00,316: INFO):    Accuracy:    0.611
2020-06-10 08:00:00,319: INFO):   OUT : 0
2020-06-10 08:00:00,319: INFO):    TPR:    0.676
2020-06-10 08:00:00,319: INFO):    TNR:    0.591
2020-06-10 08:00:00,319: INFO):      F:    0.966
2020-06-10 08:00:00,320: INFO):   g_av:    0.632
2020-06-10 08:00:00,320: INFO): OUT 4
2020-06-10 08:00:00,323: INFO): Echo model_config:
2020-06-10 08:00:00,323: INFO): 
activation: relu
concat: true
dropout: 0.2
dropout_flag: false
fgp: true
fgp_size: 50
hidden_units: 20
hidden_units_mlp: 100
l2: 0.001
lr: 0.001
num_layers: 4

2020-06-10 08:00:00,323: INFO): Echo of GCNN module config:
2020-06-10 08:00:00,323: INFO): num_filters : 2
2020-06-10 08:00:00,323: INFO): N_H         : 20
2020-06-10 08:00:00,323: INFO): dropout_prob:  0.20
2020-06-10 08:00:00,323: INFO): lr          : 0.001000
2020-06-10 08:00:00,323: INFO): l2_val      : 0.001000
2020-06-10 08:00:00,323: INFO): N_it        : 4
2020-06-10 08:00:00,323: INFO): activation  : relu
2020-06-10 08:00:00,323: INFO): drp_flag    : False
2020-06-10 08:00:00,323: INFO): concat      : True
2020-06-10 08:00:00,323: INFO): make_fgp    : True
2020-06-10 08:00:00,323: INFO): fgp_size    : 50
2020-06-10 08:00:01,025: INFO): Echo of GCNN module config:
2020-06-10 08:00:01,025: INFO): num_filters : 2
2020-06-10 08:00:01,025: INFO): N_H         : 20
2020-06-10 08:00:01,026: INFO): dropout_prob:  0.20
2020-06-10 08:00:01,026: INFO): lr          : 0.001000
2020-06-10 08:00:01,026: INFO): l2_val      : 0.001000
2020-06-10 08:00:01,026: INFO): N_it        : 4
2020-06-10 08:00:01,026: INFO): activation  : relu
2020-06-10 08:00:01,026: INFO): drp_flag    : False
2020-06-10 08:00:01,026: INFO): concat      : True
2020-06-10 08:00:01,026: INFO): make_fgp    : True
2020-06-10 08:00:01,026: INFO): fgp_size    : 50
2020-06-10 08:32:29,505: INFO):    Accuracy:    0.800
2020-06-10 08:32:29,507: INFO):   OUT : 0
2020-06-10 08:32:29,507: INFO):    TPR:    0.387
2020-06-10 08:32:29,507: INFO):    TNR:    0.849
2020-06-10 08:32:29,508: INFO):      F:    0.853
2020-06-10 08:32:29,508: INFO):   g_av:    0.574
2020-06-10 08:32:29,508: INFO): OUT 5
2020-06-10 08:32:29,511: INFO): Echo model_config:
2020-06-10 08:32:29,511: INFO): 
activation: relu
concat: true
dropout: 0.2
dropout_flag: false
fgp: true
fgp_size: 50
hidden_units: 20
hidden_units_mlp: 100
l2: 0.001
lr: 0.001
num_layers: 4

2020-06-10 08:32:29,511: INFO): Echo of GCNN module config:
2020-06-10 08:32:29,511: INFO): num_filters : 2
2020-06-10 08:32:29,511: INFO): N_H         : 20
2020-06-10 08:32:29,511: INFO): dropout_prob:  0.20
2020-06-10 08:32:29,511: INFO): lr          : 0.001000
2020-06-10 08:32:29,511: INFO): l2_val      : 0.001000
2020-06-10 08:32:29,511: INFO): N_it        : 4
2020-06-10 08:32:29,511: INFO): activation  : relu
2020-06-10 08:32:29,511: INFO): drp_flag    : False
2020-06-10 08:32:29,511: INFO): concat      : True
2020-06-10 08:32:29,511: INFO): make_fgp    : True
2020-06-10 08:32:29,511: INFO): fgp_size    : 50
2020-06-10 08:32:30,768: INFO): Echo of GCNN module config:
2020-06-10 08:32:30,768: INFO): num_filters : 2
2020-06-10 08:32:30,768: INFO): N_H         : 20
2020-06-10 08:32:30,768: INFO): dropout_prob:  0.20
2020-06-10 08:32:30,768: INFO): lr          : 0.001000
2020-06-10 08:32:30,768: INFO): l2_val      : 0.001000
2020-06-10 08:32:30,768: INFO): N_it        : 4
2020-06-10 08:32:30,768: INFO): activation  : relu
2020-06-10 08:32:30,768: INFO): drp_flag    : False
2020-06-10 08:32:30,768: INFO): concat      : True
2020-06-10 08:32:30,768: INFO): make_fgp    : True
2020-06-10 08:32:30,768: INFO): fgp_size    : 50
2020-06-10 09:05:03,269: INFO):    Accuracy:    0.662
2020-06-10 09:05:03,272: INFO):   OUT : 0
2020-06-10 09:05:03,272: INFO):    TPR:    0.556
2020-06-10 09:05:03,272: INFO):    TNR:    0.703
2020-06-10 09:05:03,272: INFO):      F:    0.836
2020-06-10 09:05:03,273: INFO):   g_av:    0.625
2020-06-10 09:05:03,341: INFO):    Baseline: top-1,2,3 :0.296 0.495 0.669
2020-06-10 09:05:06,341: INFO): Fold 4
2020-06-10 09:05:06,342: INFO):   Train class count: [ 784. 1740. 2644. 3414. 1315. 4259.]
2020-06-10 09:05:06,342: INFO):   Test class count: [135. 468. 774. 902. 296. 964.]
2020-06-10 09:05:06,342: INFO): OUT 0
2020-06-10 09:05:06,346: INFO): Echo model_config:
2020-06-10 09:05:06,346: INFO): 
activation: relu
concat: true
dropout: 0.2
dropout_flag: false
fgp: true
fgp_size: 50
hidden_units: 20
hidden_units_mlp: 100
l2: 0.001
lr: 0.001
num_layers: 4

2020-06-10 09:05:06,346: INFO): Echo of GCNN module config:
2020-06-10 09:05:06,346: INFO): num_filters : 2
2020-06-10 09:05:06,346: INFO): N_H         : 20
2020-06-10 09:05:06,346: INFO): dropout_prob:  0.20
2020-06-10 09:05:06,346: INFO): lr          : 0.001000
2020-06-10 09:05:06,346: INFO): l2_val      : 0.001000
2020-06-10 09:05:06,346: INFO): N_it        : 4
2020-06-10 09:05:06,346: INFO): activation  : relu
2020-06-10 09:05:06,346: INFO): drp_flag    : False
2020-06-10 09:05:06,346: INFO): concat      : True
2020-06-10 09:05:06,346: INFO): make_fgp    : True
2020-06-10 09:05:06,347: INFO): fgp_size    : 50
2020-06-10 09:05:07,085: INFO): Echo of GCNN module config:
2020-06-10 09:05:07,085: INFO): num_filters : 2
2020-06-10 09:05:07,085: INFO): N_H         : 20
2020-06-10 09:05:07,085: INFO): dropout_prob:  0.20
2020-06-10 09:05:07,085: INFO): lr          : 0.001000
2020-06-10 09:05:07,085: INFO): l2_val      : 0.001000
2020-06-10 09:05:07,085: INFO): N_it        : 4
2020-06-10 09:05:07,085: INFO): activation  : relu
2020-06-10 09:05:07,085: INFO): drp_flag    : False
2020-06-10 09:05:07,085: INFO): concat      : True
2020-06-10 09:05:07,086: INFO): make_fgp    : True
2020-06-10 09:05:07,086: INFO): fgp_size    : 50
2020-06-10 09:38:02,308: INFO):    Accuracy:    0.845
2020-06-10 09:38:02,311: INFO):   OUT : 0
2020-06-10 09:38:02,311: INFO):    TPR:    0.311
2020-06-10 09:38:02,311: INFO):    TNR:    0.866
2020-06-10 09:38:02,311: INFO):      F:    0.689
2020-06-10 09:38:02,311: INFO):   g_av:    0.519
2020-06-10 09:38:02,311: INFO): OUT 1
2020-06-10 09:38:02,315: INFO): Echo model_config:
2020-06-10 09:38:02,315: INFO): 
activation: relu
concat: true
dropout: 0.2
dropout_flag: false
fgp: true
fgp_size: 50
hidden_units: 20
hidden_units_mlp: 100
l2: 0.001
lr: 0.001
num_layers: 4

2020-06-10 09:38:02,315: INFO): Echo of GCNN module config:
2020-06-10 09:38:02,315: INFO): num_filters : 2
2020-06-10 09:38:02,315: INFO): N_H         : 20
2020-06-10 09:38:02,315: INFO): dropout_prob:  0.20
2020-06-10 09:38:02,315: INFO): lr          : 0.001000
2020-06-10 09:38:02,315: INFO): l2_val      : 0.001000
2020-06-10 09:38:02,315: INFO): N_it        : 4
2020-06-10 09:38:02,315: INFO): activation  : relu
2020-06-10 09:38:02,315: INFO): drp_flag    : False
2020-06-10 09:38:02,315: INFO): concat      : True
2020-06-10 09:38:02,315: INFO): make_fgp    : True
2020-06-10 09:38:02,315: INFO): fgp_size    : 50
2020-06-10 09:38:03,068: INFO): Echo of GCNN module config:
2020-06-10 09:38:03,068: INFO): num_filters : 2
2020-06-10 09:38:03,068: INFO): N_H         : 20
2020-06-10 09:38:03,068: INFO): dropout_prob:  0.20
2020-06-10 09:38:03,068: INFO): lr          : 0.001000
2020-06-10 09:38:03,068: INFO): l2_val      : 0.001000
2020-06-10 09:38:03,068: INFO): N_it        : 4
2020-06-10 09:38:03,068: INFO): activation  : relu
2020-06-10 09:38:03,068: INFO): drp_flag    : False
2020-06-10 09:38:03,068: INFO): concat      : True
2020-06-10 09:38:03,068: INFO): make_fgp    : True
2020-06-10 09:38:03,068: INFO): fgp_size    : 50
2020-06-10 10:11:00,279: INFO):    Accuracy:    0.555
2020-06-10 10:11:00,282: INFO):   OUT : 0
2020-06-10 10:11:00,282: INFO):    TPR:    0.519
2020-06-10 10:11:00,282: INFO):    TNR:    0.560
2020-06-10 10:11:00,282: INFO):      F:    0.599
2020-06-10 10:11:00,282: INFO):   g_av:    0.539
2020-06-10 10:11:00,282: INFO): OUT 2
2020-06-10 10:11:00,285: INFO): Echo model_config:
2020-06-10 10:11:00,285: INFO): 
activation: relu
concat: true
dropout: 0.2
dropout_flag: false
fgp: true
fgp_size: 50
hidden_units: 20
hidden_units_mlp: 100
l2: 0.001
lr: 0.001
num_layers: 4

2020-06-10 10:11:00,285: INFO): Echo of GCNN module config:
2020-06-10 10:11:00,285: INFO): num_filters : 2
2020-06-10 10:11:00,285: INFO): N_H         : 20
2020-06-10 10:11:00,285: INFO): dropout_prob:  0.20
2020-06-10 10:11:00,285: INFO): lr          : 0.001000
2020-06-10 10:11:00,285: INFO): l2_val      : 0.001000
2020-06-10 10:11:00,285: INFO): N_it        : 4
2020-06-10 10:11:00,285: INFO): activation  : relu
2020-06-10 10:11:00,286: INFO): drp_flag    : False
2020-06-10 10:11:00,286: INFO): concat      : True
2020-06-10 10:11:00,286: INFO): make_fgp    : True
2020-06-10 10:11:00,286: INFO): fgp_size    : 50
2020-06-10 10:11:01,054: INFO): Echo of GCNN module config:
2020-06-10 10:11:01,054: INFO): num_filters : 2
2020-06-10 10:11:01,054: INFO): N_H         : 20
2020-06-10 10:11:01,054: INFO): dropout_prob:  0.20
2020-06-10 10:11:01,054: INFO): lr          : 0.001000
2020-06-10 10:11:01,054: INFO): l2_val      : 0.001000
2020-06-10 10:11:01,054: INFO): N_it        : 4
2020-06-10 10:11:01,054: INFO): activation  : relu
2020-06-10 10:11:01,054: INFO): drp_flag    : False
2020-06-10 10:11:01,054: INFO): concat      : True
2020-06-10 10:11:01,054: INFO): make_fgp    : True
2020-06-10 10:11:01,054: INFO): fgp_size    : 50
2020-06-10 10:43:58,171: INFO):    Accuracy:    0.502
2020-06-10 10:43:58,174: INFO):   OUT : 0
2020-06-10 10:43:58,174: INFO):    TPR:    0.629
2020-06-10 10:43:58,174: INFO):    TNR:    0.467
2020-06-10 10:43:58,174: INFO):      F:    0.714
2020-06-10 10:43:58,174: INFO):   g_av:    0.542
2020-06-10 10:43:58,174: INFO): OUT 3
2020-06-10 10:43:58,178: INFO): Echo model_config:
2020-06-10 10:43:58,178: INFO): 
activation: relu
concat: true
dropout: 0.2
dropout_flag: false
fgp: true
fgp_size: 50
hidden_units: 20
hidden_units_mlp: 100
l2: 0.001
lr: 0.001
num_layers: 4

2020-06-10 10:43:58,178: INFO): Echo of GCNN module config:
2020-06-10 10:43:58,178: INFO): num_filters : 2
2020-06-10 10:43:58,178: INFO): N_H         : 20
2020-06-10 10:43:58,178: INFO): dropout_prob:  0.20
2020-06-10 10:43:58,178: INFO): lr          : 0.001000
2020-06-10 10:43:58,178: INFO): l2_val      : 0.001000
2020-06-10 10:43:58,178: INFO): N_it        : 4
2020-06-10 10:43:58,178: INFO): activation  : relu
2020-06-10 10:43:58,178: INFO): drp_flag    : False
2020-06-10 10:43:58,178: INFO): concat      : True
2020-06-10 10:43:58,178: INFO): make_fgp    : True
2020-06-10 10:43:58,178: INFO): fgp_size    : 50
2020-06-10 10:43:58,962: INFO): Echo of GCNN module config:
2020-06-10 10:43:58,962: INFO): num_filters : 2
2020-06-10 10:43:58,962: INFO): N_H         : 20
2020-06-10 10:43:58,962: INFO): dropout_prob:  0.20
2020-06-10 10:43:58,963: INFO): lr          : 0.001000
2020-06-10 10:43:58,963: INFO): l2_val      : 0.001000
2020-06-10 10:43:58,963: INFO): N_it        : 4
2020-06-10 10:43:58,963: INFO): activation  : relu
2020-06-10 10:43:58,963: INFO): drp_flag    : False
2020-06-10 10:43:58,963: INFO): concat      : True
2020-06-10 10:43:58,963: INFO): make_fgp    : True
2020-06-10 10:43:58,963: INFO): fgp_size    : 50
2020-06-10 11:17:01,413: INFO):    Accuracy:    0.548
2020-06-10 11:17:01,416: INFO):   OUT : 0
2020-06-10 11:17:01,416: INFO):    TPR:    0.659
2020-06-10 11:17:01,416: INFO):    TNR:    0.510
2020-06-10 11:17:01,416: INFO):      F:    0.814
2020-06-10 11:17:01,416: INFO):   g_av:    0.580
2020-06-10 11:17:01,416: INFO): OUT 4
2020-06-10 11:17:01,420: INFO): Echo model_config:
2020-06-10 11:17:01,420: INFO): 
activation: relu
concat: true
dropout: 0.2
dropout_flag: false
fgp: true
fgp_size: 50
hidden_units: 20
hidden_units_mlp: 100
l2: 0.001
lr: 0.001
num_layers: 4

2020-06-10 11:17:01,420: INFO): Echo of GCNN module config:
2020-06-10 11:17:01,420: INFO): num_filters : 2
2020-06-10 11:17:01,420: INFO): N_H         : 20
2020-06-10 11:17:01,420: INFO): dropout_prob:  0.20
2020-06-10 11:17:01,420: INFO): lr          : 0.001000
2020-06-10 11:17:01,420: INFO): l2_val      : 0.001000
2020-06-10 11:17:01,420: INFO): N_it        : 4
2020-06-10 11:17:01,420: INFO): activation  : relu
2020-06-10 11:17:01,420: INFO): drp_flag    : False
2020-06-10 11:17:01,420: INFO): concat      : True
2020-06-10 11:17:01,420: INFO): make_fgp    : True
2020-06-10 11:17:01,420: INFO): fgp_size    : 50
2020-06-10 11:17:02,221: INFO): Echo of GCNN module config:
2020-06-10 11:17:02,221: INFO): num_filters : 2
2020-06-10 11:17:02,221: INFO): N_H         : 20
2020-06-10 11:17:02,221: INFO): dropout_prob:  0.20
2020-06-10 11:17:02,221: INFO): lr          : 0.001000
2020-06-10 11:17:02,221: INFO): l2_val      : 0.001000
2020-06-10 11:17:02,221: INFO): N_it        : 4
2020-06-10 11:17:02,221: INFO): activation  : relu
2020-06-10 11:17:02,221: INFO): drp_flag    : False
2020-06-10 11:17:02,221: INFO): concat      : True
2020-06-10 11:17:02,221: INFO): make_fgp    : True
2020-06-10 11:17:02,221: INFO): fgp_size    : 50
2020-06-10 11:49:57,869: INFO):    Accuracy:    0.554
2020-06-10 11:49:57,872: INFO):   OUT : 0
2020-06-10 11:49:57,872: INFO):    TPR:    0.584
2020-06-10 11:49:57,872: INFO):    TNR:    0.551
2020-06-10 11:49:57,872: INFO):      F:    0.742
2020-06-10 11:49:57,872: INFO):   g_av:    0.567
2020-06-10 11:49:57,872: INFO): OUT 5
2020-06-10 11:49:57,875: INFO): Echo model_config:
2020-06-10 11:49:57,875: INFO): 
activation: relu
concat: true
dropout: 0.2
dropout_flag: false
fgp: true
fgp_size: 50
hidden_units: 20
hidden_units_mlp: 100
l2: 0.001
lr: 0.001
num_layers: 4

2020-06-10 11:49:57,875: INFO): Echo of GCNN module config:
2020-06-10 11:49:57,875: INFO): num_filters : 2
2020-06-10 11:49:57,876: INFO): N_H         : 20
2020-06-10 11:49:57,876: INFO): dropout_prob:  0.20
2020-06-10 11:49:57,876: INFO): lr          : 0.001000
2020-06-10 11:49:57,876: INFO): l2_val      : 0.001000
2020-06-10 11:49:57,876: INFO): N_it        : 4
2020-06-10 11:49:57,876: INFO): activation  : relu
2020-06-10 11:49:57,876: INFO): drp_flag    : False
2020-06-10 11:49:57,876: INFO): concat      : True
2020-06-10 11:49:57,876: INFO): make_fgp    : True
2020-06-10 11:49:57,876: INFO): fgp_size    : 50
2020-06-10 11:49:58,699: INFO): Echo of GCNN module config:
2020-06-10 11:49:58,700: INFO): num_filters : 2
2020-06-10 11:49:58,700: INFO): N_H         : 20
2020-06-10 11:49:58,700: INFO): dropout_prob:  0.20
2020-06-10 11:49:58,700: INFO): lr          : 0.001000
2020-06-10 11:49:58,700: INFO): l2_val      : 0.001000
2020-06-10 11:49:58,700: INFO): N_it        : 4
2020-06-10 11:49:58,700: INFO): activation  : relu
2020-06-10 11:49:58,700: INFO): drp_flag    : False
2020-06-10 11:49:58,700: INFO): concat      : True
2020-06-10 11:49:58,700: INFO): make_fgp    : True
2020-06-10 11:49:58,700: INFO): fgp_size    : 50
2020-06-10 12:22:53,506: INFO):    Accuracy:    0.565
2020-06-10 12:22:53,509: INFO):   OUT : 0
2020-06-10 12:22:53,509: INFO):    TPR:    0.501
2020-06-10 12:22:53,509: INFO):    TNR:    0.590
2020-06-10 12:22:53,509: INFO):      F:    0.577
2020-06-10 12:22:53,509: INFO):   g_av:    0.543
2020-06-10 12:22:53,576: INFO):    Baseline: top-1,2,3 :0.281 0.485 0.668
2020-06-10 12:22:53,576: INFO): CV top-0:    0.344 (0.046)
2020-06-10 12:22:53,576: INFO): CV top-1:    0.551 (0.053)
2020-06-10 12:22:53,576: INFO): CV top-2:    0.713 (0.042)
