2020-06-09 15:21:57,077: INFO): START
2020-06-09 15:23:54,876: INFO): START
2020-06-09 15:24:16,539: INFO): Data loaded
2020-06-09 15:24:19,261: INFO): Fold 0
2020-06-09 15:24:19,262: INFO):   Train class count: [ 871. 1631. 2751. 3642. 1333. 3928.]
2020-06-09 15:24:19,262: INFO):   Test class count: [  48.  577.  667.  674.  278. 1295.]
2020-06-09 15:24:19,262: INFO): OUT 0
2020-06-09 15:24:19,266: INFO): Echo model_config:
2020-06-09 15:24:19,266: INFO): 
activation: relu
concat: true
dropout: 0.2
dropout_flag: false
fgp: true
fgp_size: 50
hidden_units: 20
hidden_units_mlp: 100
l2: 0.001
lr: 0.001
num_layers: 4

2020-06-09 15:24:19,266: INFO): Echo of GCNN module config:
2020-06-09 15:24:19,266: INFO): num_filters : 2
2020-06-09 15:24:19,266: INFO): N_H         : 20
2020-06-09 15:24:19,266: INFO): dropout_prob:  0.20
2020-06-09 15:24:19,266: INFO): lr          : 0.001000
2020-06-09 15:24:19,266: INFO): l2_val      : 0.001000
2020-06-09 15:24:19,266: INFO): N_it        : 4
2020-06-09 15:24:19,266: INFO): activation  : relu
2020-06-09 15:24:19,266: INFO): drp_flag    : False
2020-06-09 15:24:19,266: INFO): concat      : True
2020-06-09 15:24:19,266: INFO): make_fgp    : True
2020-06-09 15:24:19,266: INFO): fgp_size    : 50
2020-06-09 15:24:19,630: INFO): Echo of GCNN module config:
2020-06-09 15:24:19,630: INFO): num_filters : 2
2020-06-09 15:24:19,630: INFO): N_H         : 20
2020-06-09 15:24:19,630: INFO): dropout_prob:  0.20
2020-06-09 15:24:19,630: INFO): lr          : 0.001000
2020-06-09 15:24:19,630: INFO): l2_val      : 0.001000
2020-06-09 15:24:19,630: INFO): N_it        : 4
2020-06-09 15:24:19,630: INFO): activation  : relu
2020-06-09 15:24:19,630: INFO): drp_flag    : False
2020-06-09 15:24:19,630: INFO): concat      : True
2020-06-09 15:24:19,631: INFO): make_fgp    : True
2020-06-09 15:24:19,631: INFO): fgp_size    : 50
2020-06-09 15:55:55,743: INFO):    Accuracy:    0.833
2020-06-09 15:55:55,808: INFO):  top-0:    0.049
2020-06-09 15:55:55,808: INFO):  top-1:    0.227
2020-06-09 15:55:55,808: INFO):  top-2:    0.416
2020-06-09 15:55:55,811: INFO):   OUT : 0
2020-06-09 15:55:55,811: INFO):    TPR:    0.000
2020-06-09 15:55:55,811: INFO):    TNR:    1.000
2020-06-09 15:55:55,811: INFO):      F:      nan
2020-06-09 15:55:55,811: INFO):   g_av:    0.000
2020-06-09 15:55:55,813: INFO):   OUT : 1
2020-06-09 15:55:55,813: INFO):    TPR:    0.000
2020-06-09 15:55:55,813: INFO):    TNR:    1.000
2020-06-09 15:55:55,813: INFO):      F:      nan
2020-06-09 15:55:55,813: INFO):   g_av:    0.000
2020-06-09 15:55:55,816: INFO):   OUT : 2
2020-06-09 15:55:55,816: INFO):    TPR:    0.000
2020-06-09 15:55:55,816: INFO):    TNR:    1.000
2020-06-09 15:55:55,816: INFO):      F:      nan
2020-06-09 15:55:55,816: INFO):   g_av:    0.000
2020-06-09 15:55:55,818: INFO):   OUT : 3
2020-06-09 15:55:55,818: INFO):    TPR:    0.000
2020-06-09 15:55:55,818: INFO):    TNR:    1.000
2020-06-09 15:55:55,818: INFO):      F:      nan
2020-06-09 15:55:55,818: INFO):   g_av:    0.000
2020-06-09 15:55:55,821: INFO):   OUT : 4
2020-06-09 15:55:55,821: INFO):    TPR:    0.000
2020-06-09 15:55:55,821: INFO):    TNR:    1.000
2020-06-09 15:55:55,821: INFO):      F:      nan
2020-06-09 15:55:55,821: INFO):   g_av:    0.000
2020-06-09 15:55:55,823: INFO):   OUT : 5
2020-06-09 15:55:55,824: INFO):    TPR:    0.000
2020-06-09 15:55:55,824: INFO):    TNR:    1.000
2020-06-09 15:55:55,824: INFO):      F:      nan
2020-06-09 15:55:55,824: INFO):   g_av:    0.000
2020-06-09 15:55:55,888: INFO):    Baseline: top-1,2,3 :0.049 0.227 0.416
2020-06-09 15:55:58,850: INFO): Fold 1
2020-06-09 15:55:58,851: INFO):   Train class count: [ 698. 1866. 2712. 3251. 1316. 4313.]
2020-06-09 15:55:58,851: INFO):   Test class count: [ 221.  342.  706. 1065.  295.  910.]
2020-06-09 15:55:58,851: INFO): OUT 0
2020-06-09 15:55:58,854: INFO): Echo model_config:
2020-06-09 15:55:58,854: INFO): 
activation: relu
concat: true
dropout: 0.2
dropout_flag: false
fgp: true
fgp_size: 50
hidden_units: 20
hidden_units_mlp: 100
l2: 0.001
lr: 0.001
num_layers: 4

2020-06-09 15:55:58,854: INFO): Echo of GCNN module config:
2020-06-09 15:55:58,854: INFO): num_filters : 2
2020-06-09 15:55:58,855: INFO): N_H         : 20
2020-06-09 15:55:58,855: INFO): dropout_prob:  0.20
2020-06-09 15:55:58,855: INFO): lr          : 0.001000
2020-06-09 15:55:58,855: INFO): l2_val      : 0.001000
2020-06-09 15:55:58,855: INFO): N_it        : 4
2020-06-09 15:55:58,855: INFO): activation  : relu
2020-06-09 15:55:58,855: INFO): drp_flag    : False
2020-06-09 15:55:58,855: INFO): concat      : True
2020-06-09 15:55:58,855: INFO): make_fgp    : True
2020-06-09 15:55:58,855: INFO): fgp_size    : 50
2020-06-09 15:55:59,217: INFO): Echo of GCNN module config:
2020-06-09 15:55:59,217: INFO): num_filters : 2
2020-06-09 15:55:59,217: INFO): N_H         : 20
2020-06-09 15:55:59,217: INFO): dropout_prob:  0.20
2020-06-09 15:55:59,217: INFO): lr          : 0.001000
2020-06-09 15:55:59,217: INFO): l2_val      : 0.001000
2020-06-09 15:55:59,217: INFO): N_it        : 4
2020-06-09 15:55:59,217: INFO): activation  : relu
2020-06-09 15:55:59,217: INFO): drp_flag    : False
2020-06-09 15:55:59,217: INFO): concat      : True
2020-06-09 15:55:59,217: INFO): make_fgp    : True
2020-06-09 15:55:59,217: INFO): fgp_size    : 50
2020-06-09 16:27:32,500: INFO):    Accuracy:    0.833
2020-06-09 16:27:32,564: INFO):  top-0:    0.081
2020-06-09 16:27:32,564: INFO):  top-1:    0.174
2020-06-09 16:27:32,564: INFO):  top-2:    0.469
2020-06-09 16:27:32,566: INFO):   OUT : 0
2020-06-09 16:27:32,566: INFO):    TPR:    0.054
2020-06-09 16:27:32,566: INFO):    TNR:    0.995
2020-06-09 16:27:32,567: INFO):      F:    0.348
2020-06-09 16:27:32,567: INFO):   g_av:    0.232
2020-06-09 16:27:32,569: INFO):   OUT : 1
2020-06-09 16:27:32,569: INFO):    TPR:    0.000
2020-06-09 16:27:32,569: INFO):    TNR:    1.000
2020-06-09 16:27:32,569: INFO):      F:      nan
2020-06-09 16:27:32,569: INFO):   g_av:    0.000
2020-06-09 16:27:32,572: INFO):   OUT : 2
2020-06-09 16:27:32,572: INFO):    TPR:    0.000
2020-06-09 16:27:32,572: INFO):    TNR:    1.000
2020-06-09 16:27:32,572: INFO):      F:      nan
2020-06-09 16:27:32,572: INFO):   g_av:    0.000
2020-06-09 16:27:32,574: INFO):   OUT : 3
2020-06-09 16:27:32,574: INFO):    TPR:    0.000
2020-06-09 16:27:32,574: INFO):    TNR:    1.000
2020-06-09 16:27:32,574: INFO):      F:      nan
2020-06-09 16:27:32,574: INFO):   g_av:    0.000
2020-06-09 16:27:32,577: INFO):   OUT : 4
2020-06-09 16:27:32,577: INFO):    TPR:    0.000
2020-06-09 16:27:32,577: INFO):    TNR:    1.000
2020-06-09 16:27:32,577: INFO):      F:      nan
2020-06-09 16:27:32,577: INFO):   g_av:    0.000
2020-06-09 16:27:32,579: INFO):   OUT : 5
2020-06-09 16:27:32,579: INFO):    TPR:    0.000
2020-06-09 16:27:32,580: INFO):    TNR:    1.000
2020-06-09 16:27:32,580: INFO):      F:      nan
2020-06-09 16:27:32,580: INFO):   g_av:    0.000
2020-06-09 16:27:32,644: INFO):    Baseline: top-1,2,3 :0.081 0.174 0.469
2020-06-09 16:27:35,583: INFO): Fold 2
2020-06-09 16:27:35,583: INFO):   Train class count: [ 667. 1745. 2843. 3491. 1246. 4164.]
2020-06-09 16:27:35,584: INFO):   Test class count: [ 252.  463.  575.  825.  365. 1059.]
2020-06-09 16:27:35,584: INFO): OUT 0
2020-06-09 16:27:35,587: INFO): Echo model_config:
2020-06-09 16:27:35,587: INFO): 
activation: relu
concat: true
dropout: 0.2
dropout_flag: false
fgp: true
fgp_size: 50
hidden_units: 20
hidden_units_mlp: 100
l2: 0.001
lr: 0.001
num_layers: 4

2020-06-09 16:27:35,587: INFO): Echo of GCNN module config:
2020-06-09 16:27:35,587: INFO): num_filters : 2
2020-06-09 16:27:35,587: INFO): N_H         : 20
2020-06-09 16:27:35,587: INFO): dropout_prob:  0.20
2020-06-09 16:27:35,587: INFO): lr          : 0.001000
2020-06-09 16:27:35,587: INFO): l2_val      : 0.001000
2020-06-09 16:27:35,587: INFO): N_it        : 4
2020-06-09 16:27:35,587: INFO): activation  : relu
2020-06-09 16:27:35,587: INFO): drp_flag    : False
2020-06-09 16:27:35,587: INFO): concat      : True
2020-06-09 16:27:35,587: INFO): make_fgp    : True
2020-06-09 16:27:35,587: INFO): fgp_size    : 50
2020-06-09 16:27:35,961: INFO): Echo of GCNN module config:
2020-06-09 16:27:35,961: INFO): num_filters : 2
2020-06-09 16:27:35,961: INFO): N_H         : 20
2020-06-09 16:27:35,961: INFO): dropout_prob:  0.20
2020-06-09 16:27:35,962: INFO): lr          : 0.001000
2020-06-09 16:27:35,962: INFO): l2_val      : 0.001000
2020-06-09 16:27:35,962: INFO): N_it        : 4
2020-06-09 16:27:35,962: INFO): activation  : relu
2020-06-09 16:27:35,962: INFO): drp_flag    : False
2020-06-09 16:27:35,962: INFO): concat      : True
2020-06-09 16:27:35,962: INFO): make_fgp    : True
2020-06-09 16:27:35,962: INFO): fgp_size    : 50
2020-06-09 16:59:41,363: INFO):    Accuracy:    0.833
2020-06-09 16:59:41,427: INFO):  top-0:    0.123
2020-06-09 16:59:41,427: INFO):  top-1:    0.252
2020-06-09 16:59:41,427: INFO):  top-2:    0.437
2020-06-09 16:59:41,430: INFO):   OUT : 0
2020-06-09 16:59:41,430: INFO):    TPR:    0.000
2020-06-09 16:59:41,430: INFO):    TNR:    1.000
2020-06-09 16:59:41,430: INFO):      F:      nan
2020-06-09 16:59:41,430: INFO):   g_av:    0.000
2020-06-09 16:59:41,433: INFO):   OUT : 1
2020-06-09 16:59:41,433: INFO):    TPR:    0.000
2020-06-09 16:59:41,433: INFO):    TNR:    1.000
2020-06-09 16:59:41,433: INFO):      F:      nan
2020-06-09 16:59:41,433: INFO):   g_av:    0.000
2020-06-09 16:59:41,435: INFO):   OUT : 2
2020-06-09 16:59:41,435: INFO):    TPR:    0.000
2020-06-09 16:59:41,435: INFO):    TNR:    1.000
2020-06-09 16:59:41,436: INFO):      F:      nan
2020-06-09 16:59:41,436: INFO):   g_av:    0.000
2020-06-09 16:59:41,438: INFO):   OUT : 3
2020-06-09 16:59:41,438: INFO):    TPR:    0.004
2020-06-09 16:59:41,438: INFO):    TNR:    1.000
2020-06-09 16:59:41,438: INFO):      F:    0.016
2020-06-09 16:59:41,438: INFO):   g_av:    0.060
2020-06-09 16:59:41,441: INFO):   OUT : 4
2020-06-09 16:59:41,441: INFO):    TPR:    0.000
2020-06-09 16:59:41,441: INFO):    TNR:    1.000
2020-06-09 16:59:41,441: INFO):      F:      nan
2020-06-09 16:59:41,441: INFO):   g_av:    0.000
2020-06-09 16:59:41,444: INFO):   OUT : 5
2020-06-09 16:59:41,444: INFO):    TPR:    0.000
2020-06-09 16:59:41,444: INFO):    TNR:    1.000
2020-06-09 16:59:41,444: INFO):      F:      nan
2020-06-09 16:59:41,444: INFO):   g_av:    0.000
2020-06-09 16:59:41,508: INFO):    Baseline: top-1,2,3 :0.123 0.252 0.437
2020-06-09 16:59:44,440: INFO): Fold 3
2020-06-09 16:59:44,440: INFO):   Train class count: [ 656. 1850. 2722. 3466. 1234. 4228.]
2020-06-09 16:59:44,441: INFO):   Test class count: [263. 358. 696. 850. 377. 995.]
2020-06-09 16:59:44,441: INFO): OUT 0
2020-06-09 16:59:44,444: INFO): Echo model_config:
2020-06-09 16:59:44,444: INFO): 
activation: relu
concat: true
dropout: 0.2
dropout_flag: false
fgp: true
fgp_size: 50
hidden_units: 20
hidden_units_mlp: 100
l2: 0.001
lr: 0.001
num_layers: 4

2020-06-09 16:59:44,444: INFO): Echo of GCNN module config:
2020-06-09 16:59:44,444: INFO): num_filters : 2
2020-06-09 16:59:44,444: INFO): N_H         : 20
2020-06-09 16:59:44,444: INFO): dropout_prob:  0.20
2020-06-09 16:59:44,444: INFO): lr          : 0.001000
2020-06-09 16:59:44,444: INFO): l2_val      : 0.001000
2020-06-09 16:59:44,444: INFO): N_it        : 4
2020-06-09 16:59:44,444: INFO): activation  : relu
2020-06-09 16:59:44,445: INFO): drp_flag    : False
2020-06-09 16:59:44,445: INFO): concat      : True
2020-06-09 16:59:44,445: INFO): make_fgp    : True
2020-06-09 16:59:44,445: INFO): fgp_size    : 50
2020-06-09 16:59:44,835: INFO): Echo of GCNN module config:
2020-06-09 16:59:44,835: INFO): num_filters : 2
2020-06-09 16:59:44,835: INFO): N_H         : 20
2020-06-09 16:59:44,835: INFO): dropout_prob:  0.20
2020-06-09 16:59:44,835: INFO): lr          : 0.001000
2020-06-09 16:59:44,835: INFO): l2_val      : 0.001000
2020-06-09 16:59:44,835: INFO): N_it        : 4
2020-06-09 16:59:44,835: INFO): activation  : relu
2020-06-09 16:59:44,835: INFO): drp_flag    : False
2020-06-09 16:59:44,835: INFO): concat      : True
2020-06-09 16:59:44,835: INFO): make_fgp    : True
2020-06-09 16:59:44,835: INFO): fgp_size    : 50
2020-06-09 17:32:16,979: INFO):    Accuracy:    0.822
2020-06-09 17:32:17,042: INFO):  top-0:    0.094
2020-06-09 17:32:17,042: INFO):  top-1:    0.290
2020-06-09 17:32:17,042: INFO):  top-2:    0.476
2020-06-09 17:32:17,045: INFO):   OUT : 0
2020-06-09 17:32:17,045: INFO):    TPR:    0.156
2020-06-09 17:32:17,045: INFO):    TNR:    0.915
2020-06-09 17:32:17,045: INFO):      F:    0.270
2020-06-09 17:32:17,045: INFO):   g_av:    0.378
2020-06-09 17:32:17,047: INFO):   OUT : 1
2020-06-09 17:32:17,047: INFO):    TPR:    0.000
2020-06-09 17:32:17,047: INFO):    TNR:    1.000
2020-06-09 17:32:17,047: INFO):      F:      nan
2020-06-09 17:32:17,047: INFO):   g_av:    0.000
2020-06-09 17:32:17,050: INFO):   OUT : 2
2020-06-09 17:32:17,050: INFO):    TPR:    0.000
2020-06-09 17:32:17,050: INFO):    TNR:    1.000
2020-06-09 17:32:17,050: INFO):      F:      nan
2020-06-09 17:32:17,050: INFO):   g_av:    0.000
2020-06-09 17:32:17,053: INFO):   OUT : 3
2020-06-09 17:32:17,053: INFO):    TPR:    0.000
2020-06-09 17:32:17,053: INFO):    TNR:    1.000
2020-06-09 17:32:17,053: INFO):      F:      nan
2020-06-09 17:32:17,053: INFO):   g_av:    0.000
2020-06-09 17:32:17,055: INFO):   OUT : 4
2020-06-09 17:32:17,055: INFO):    TPR:    0.000
2020-06-09 17:32:17,055: INFO):    TNR:    0.999
2020-06-09 17:32:17,055: INFO):      F:    0.000
2020-06-09 17:32:17,055: INFO):   g_av:    0.000
2020-06-09 17:32:17,058: INFO):   OUT : 5
2020-06-09 17:32:17,058: INFO):    TPR:    0.000
2020-06-09 17:32:17,058: INFO):    TNR:    1.000
2020-06-09 17:32:17,058: INFO):      F:      nan
2020-06-09 17:32:17,058: INFO):   g_av:    0.000
2020-06-09 17:32:17,120: INFO):    Baseline: top-1,2,3 :0.094 0.290 0.476
2020-06-09 17:32:20,070: INFO): Fold 4
2020-06-09 17:32:20,071: INFO):   Train class count: [ 784. 1740. 2644. 3414. 1315. 4259.]
2020-06-09 17:32:20,071: INFO):   Test class count: [135. 468. 774. 902. 296. 964.]
2020-06-09 17:32:20,071: INFO): OUT 0
2020-06-09 17:32:20,075: INFO): Echo model_config:
2020-06-09 17:32:20,075: INFO): 
activation: relu
concat: true
dropout: 0.2
dropout_flag: false
fgp: true
fgp_size: 50
hidden_units: 20
hidden_units_mlp: 100
l2: 0.001
lr: 0.001
num_layers: 4

2020-06-09 17:32:20,075: INFO): Echo of GCNN module config:
2020-06-09 17:32:20,075: INFO): num_filters : 2
2020-06-09 17:32:20,075: INFO): N_H         : 20
2020-06-09 17:32:20,075: INFO): dropout_prob:  0.20
2020-06-09 17:32:20,075: INFO): lr          : 0.001000
2020-06-09 17:32:20,075: INFO): l2_val      : 0.001000
2020-06-09 17:32:20,075: INFO): N_it        : 4
2020-06-09 17:32:20,075: INFO): activation  : relu
2020-06-09 17:32:20,075: INFO): drp_flag    : False
2020-06-09 17:32:20,075: INFO): concat      : True
2020-06-09 17:32:20,075: INFO): make_fgp    : True
2020-06-09 17:32:20,075: INFO): fgp_size    : 50
2020-06-09 17:32:20,478: INFO): Echo of GCNN module config:
2020-06-09 17:32:20,478: INFO): num_filters : 2
2020-06-09 17:32:20,478: INFO): N_H         : 20
2020-06-09 17:32:20,478: INFO): dropout_prob:  0.20
2020-06-09 17:32:20,478: INFO): lr          : 0.001000
2020-06-09 17:32:20,478: INFO): l2_val      : 0.001000
2020-06-09 17:32:20,478: INFO): N_it        : 4
2020-06-09 17:32:20,478: INFO): activation  : relu
2020-06-09 17:32:20,478: INFO): drp_flag    : False
2020-06-09 17:32:20,478: INFO): concat      : True
2020-06-09 17:32:20,479: INFO): make_fgp    : True
2020-06-09 17:32:20,479: INFO): fgp_size    : 50
2020-06-09 18:04:43,264: INFO):    Accuracy:    0.833
2020-06-09 18:04:43,329: INFO):  top-0:    0.085
2020-06-09 18:04:43,329: INFO):  top-1:    0.227
2020-06-09 18:04:43,329: INFO):  top-2:    0.475
2020-06-09 18:04:43,331: INFO):   OUT : 0
2020-06-09 18:04:43,331: INFO):    TPR:    0.000
2020-06-09 18:04:43,331: INFO):    TNR:    1.000
2020-06-09 18:04:43,331: INFO):      F:      nan
2020-06-09 18:04:43,331: INFO):   g_av:    0.000
2020-06-09 18:04:43,334: INFO):   OUT : 1
2020-06-09 18:04:43,334: INFO):    TPR:    0.000
2020-06-09 18:04:43,334: INFO):    TNR:    0.999
2020-06-09 18:04:43,334: INFO):      F:    0.000
2020-06-09 18:04:43,334: INFO):   g_av:    0.000
2020-06-09 18:04:43,336: INFO):   OUT : 2
2020-06-09 18:04:43,337: INFO):    TPR:    0.003
2020-06-09 18:04:43,337: INFO):    TNR:    1.000
2020-06-09 18:04:43,337: INFO):      F:    0.012
2020-06-09 18:04:43,337: INFO):   g_av:    0.051
2020-06-09 18:04:43,339: INFO):   OUT : 3
2020-06-09 18:04:43,339: INFO):    TPR:    0.000
2020-06-09 18:04:43,339: INFO):    TNR:    1.000
2020-06-09 18:04:43,339: INFO):      F:      nan
2020-06-09 18:04:43,339: INFO):   g_av:    0.000
2020-06-09 18:04:43,342: INFO):   OUT : 4
2020-06-09 18:04:43,342: INFO):    TPR:    0.017
2020-06-09 18:04:43,342: INFO):    TNR:    0.997
2020-06-09 18:04:43,342: INFO):      F:    0.063
2020-06-09 18:04:43,342: INFO):   g_av:    0.130
2020-06-09 18:04:43,344: INFO):   OUT : 5
2020-06-09 18:04:43,344: INFO):    TPR:    0.000
2020-06-09 18:04:43,344: INFO):    TNR:    0.999
2020-06-09 18:04:43,345: INFO):      F:    0.000
2020-06-09 18:04:43,345: INFO):   g_av:    0.000
2020-06-09 18:04:43,408: INFO):    Baseline: top-1,2,3 :0.085 0.227 0.475
2020-06-09 18:04:43,408: INFO): CV top-0:    0.086 (0.023)
2020-06-09 18:04:43,408: INFO): CV top-1:    0.234 (0.038)
2020-06-09 18:04:43,408: INFO): CV top-2:    0.455 (0.024)
