2020-06-24 09:39:59,774: INFO): START
2020-06-24 09:39:59,775: INFO): command line arguments:
chk: null
config: null
log: standard_regressor.log
one_fold: true

2020-06-24 09:39:59,776: INFO): Config:
loader_config:
  checkpoint: checkpoint.pkz
  descriptors:
  - ecfp6
  file: rr_processed_data_sml_all_morgan_rdkit.pkz
  inputs:
  - halogen
  - boronic
  - solvent
  - base
  - ligand
  output: yield
model_config:
  act1: relu
  act2: relu
  batchnorm: true
  dropout: 0.2
  hidden1: 0
  hidden2: 128
  l2val: 0.001
  loss: mse
  merge: concat
  n_layers1: 0
  n_layers2: 1
  out_act: linear
train_config:
  batch_size: 100
  epochs: 100
  verbose: true

2020-06-24 09:39:59,777: INFO): using checkpoint: checkpoint.pkz
2020-06-24 09:40:00,512: INFO): checkpoint loaded
2020-06-24 09:40:01,154: INFO): Constant cols eliminated
2020-06-24 09:40:01,155: INFO): data shapes: [(17526, 512), (17526, 512), (17526, 181), (17526, 47), (17526, 505)]
2020-06-24 09:40:01,155: INFO): Normal standarization of Y
2020-06-24 09:40:01,155: INFO): Fold 0
2020-06-24 09:40:17,721: INFO): START
2020-06-24 09:40:17,722: INFO): command line arguments:
chk: null
config: null
log: standard_regressor.log
one_fold: true

2020-06-24 09:40:17,723: INFO): Config:
loader_config:
  checkpoint: checkpoint.pkz
  descriptors:
  - ecfp6
  file: rr_processed_data_sml_all_morgan_rdkit.pkz
  inputs:
  - halogen
  - boronic
  - solvent
  - base
  - ligand
  output: yield
model_config:
  act1: relu
  act2: relu
  batchnorm: true
  dropout: 0.2
  hidden1: 0
  hidden2: 128
  l2val: 0.001
  loss: mse
  merge: concat
  n_layers1: 0
  n_layers2: 1
  out_act: linear
train_config:
  batch_size: 100
  epochs: 100
  verbose: true

2020-06-24 09:40:17,723: INFO): using checkpoint: checkpoint.pkz
2020-06-24 09:40:18,464: INFO): checkpoint loaded
2020-06-24 09:40:19,100: INFO): Constant cols eliminated
2020-06-24 09:40:19,100: INFO): data shapes: [(17526, 512), (17526, 512), (17526, 181), (17526, 47), (17526, 505)]
2020-06-24 09:40:19,100: INFO): Normal standarization of Y
2020-06-24 09:40:19,101: INFO): Fold 0
2020-06-24 09:41:46,367: INFO): START
2020-06-24 09:41:46,368: INFO): command line arguments:
chk: null
config: null
log: standard_regressor.log
one_fold: true

2020-06-24 09:41:46,369: INFO): Config:
loader_config:
  checkpoint: checkpoint.pkz
  descriptors:
  - ecfp6
  file: rr_processed_data_sml_all_morgan_rdkit.pkz
  inputs:
  - halogen
  - boronic
  - solvent
  - base
  - ligand
  output: yield
model_config:
  act1: relu
  act2: relu
  batchnorm: true
  dropout: 0.2
  hidden1: 0
  hidden2: 128
  l2val: 0.001
  loss: mse
  merge: concat
  n_layers1: 0
  n_layers2: 1
  out_act: linear
train_config:
  batch_size: 100
  epochs: 100
  verbose: true

2020-06-24 09:41:46,369: INFO): using checkpoint: checkpoint.pkz
2020-06-24 09:41:47,098: INFO): checkpoint loaded
2020-06-24 09:41:47,732: INFO): Constant cols eliminated
2020-06-24 09:41:47,732: INFO): data shapes: [(17526, 512), (17526, 512), (17526, 181), (17526, 47), (17526, 505)]
2020-06-24 09:41:47,732: INFO): Normal standarization of Y
2020-06-24 09:41:47,732: INFO): Fold 0
2020-06-24 09:42:41,645: INFO): Transfroming mse to rmse, back transformation to Y space
2020-06-24 09:42:41,645: INFO): MAE:   16.989 (   0.000)
2020-06-24 09:42:41,663: INFO): Best epoch: 11
2020-06-24 09:42:41,663: INFO): CV AV:   22.786
2020-06-24 09:42:41,663: INFO): CV std    0.000
