2020-06-24 10:21:54,103: INFO): START
2020-06-24 10:21:54,103: INFO): command line arguments:
chk: null
config: null
log: standard_regressor2.log
one_fold: false

2020-06-24 10:21:54,105: INFO): Config:
loader_config:
  checkpoint: checkpoint.pkz
  descriptors:
  - ecfp6
  file: rr_processed_data_sml_all_morgan_rdkit.pkz
  inputs:
  - halogen
  - boronic
  - solvent
  - base
  - ligand
  output: yield
model_config:
  act1: relu
  act2: relu
  batchnorm: true
  dropout: 0.2
  hidden1: 0
  hidden2: 128
  l2val: 0.001
  loss: mse
  merge: concat
  n_layers1: 0
  n_layers2: 1
  out_act: linear
train_config:
  batch_size: 100
  epochs: 100
  verbose: true

2020-06-24 10:21:54,105: INFO): using checkpoint: checkpoint.pkz
2020-06-24 10:21:54,846: INFO): checkpoint loaded
2020-06-24 10:21:55,463: INFO): Constant cols eliminated
2020-06-24 10:21:55,463: INFO): data shapes: [(17526, 512), (17526, 512), (17526, 181), (17526, 47), (17526, 505)]
2020-06-24 10:21:55,463: INFO): Normal standarization of Y
2020-06-24 10:21:55,463: INFO): Fold 0
2020-06-24 10:40:03,364: INFO): START
2020-06-24 10:40:03,364: INFO): command line arguments:
chk: null
config: null
log: standard_regressor2.log
one_fold: false

2020-06-24 10:40:03,365: INFO): Config:
loader_config:
  checkpoint: checkpoint.pkz
  descriptors:
  - ecfp6
  file: rr_processed_data_sml_all_morgan_rdkit.pkz
  inputs:
  - halogen
  - boronic
  - solvent
  - base
  - ligand
  output: yield
model_config:
  act1: relu
  act2: relu
  batchnorm: true
  dropout: 0.2
  hidden1: 0
  hidden2: 128
  l2val: 0.001
  loss: mse
  merge: concat
  n_layers1: 0
  n_layers2: 1
  out_act: linear
  standarization: normal
train_config:
  batch_size: 100
  epochs: 30
  verbose: true

2020-06-24 10:40:03,365: INFO): using checkpoint: checkpoint.pkz
2020-06-24 10:40:04,103: INFO): checkpoint loaded
2020-06-24 10:40:04,730: INFO): Constant cols eliminated
2020-06-24 10:40:04,730: INFO): data shapes: [(17526, 512), (17526, 512), (17526, 181), (17526, 47), (17526, 505)]
2020-06-24 10:40:04,730: INFO): Normal standarization of Y
2020-06-24 10:40:04,730: INFO): Fold 0
2020-06-24 10:40:20,340: INFO): Fold 1
2020-06-24 10:40:36,254: INFO): Fold 2
2020-06-24 10:40:52,541: INFO): Fold 3
2020-06-24 10:41:08,809: INFO): Fold 4
2020-06-24 10:41:25,111: INFO): Transfroming mse to rmse, back transformation to Y space
2020-06-24 10:41:25,111: INFO): MAE:   15.924 (   1.468)
2020-06-24 10:41:25,126: INFO): Best epoch: 9
2020-06-24 10:41:25,126: INFO): CV AV:   21.918
2020-06-24 10:41:25,126: INFO): CV std    1.651
