2020-06-24 11:13:43,248: INFO): START
2020-06-24 11:13:43,248: INFO): command line arguments:
chk: null
config: null
log: standard_regressor_permut_solv.log
one_fold: true
permute: 2

2020-06-24 11:13:43,250: INFO): Config:
loader_config:
  checkpoint: checkpoint.pkz
  descriptors:
  - ecfp6
  file: rr_processed_data_sml_all_morgan_rdkit.pkz
  inputs:
  - halogen
  - boronic
  - solvent
  - base
  - ligand
  output: yield
model_config:
  act1: relu
  act2: relu
  batchnorm: true
  dropout: 0.2
  hidden1: 0
  hidden2: 128
  l2val: 0.001
  loss: mse
  merge: concat
  n_layers1: 0
  n_layers2: 1
  out_act: linear
  standarization: normal
train_config:
  batch_size: 100
  epochs: 30
  verbose: true

2020-06-24 11:13:43,250: INFO): using checkpoint: checkpoint.pkz
2020-06-24 11:13:43,971: INFO): checkpoint loaded
2020-06-24 11:13:44,594: INFO): Constant cols eliminated
2020-06-24 11:13:44,594: INFO): data shapes: [(17526, 512), (17526, 512), (17526, 181), (17526, 47), (17526, 505)]
2020-06-24 11:13:44,594: INFO): Normal standarization of Y
2020-06-24 11:13:44,595: INFO): Fold 0
2020-06-24 11:14:00,014: INFO): 'RR's permutation test (input 2): Before:   17.758  After:  18.324
2020-06-24 11:14:00,014: INFO): Transfroming mse to rmse, back transformation to Y space
2020-06-24 11:14:00,014: INFO): MAE:   17.292 (   0.000)
2020-06-24 11:14:00,030: INFO): Best epoch: 7
2020-06-24 11:14:00,030: INFO): CV AV:   23.201
2020-06-24 11:14:00,030: INFO): CV std    0.000
