2020-06-24 11:36:52,580: INFO): START
2020-06-24 11:36:52,580: INFO): command line arguments:
chk: null
config: null
epochs: 10
log: standard_regressor_permut_solv_CV.log
one_fold: false
permute: 2

2020-06-24 11:36:52,582: INFO): Config:
loader_config:
  checkpoint: checkpoint.pkz
  descriptors:
  - ecfp6
  file: rr_processed_data_sml_all_morgan_rdkit.pkz
  inputs:
  - halogen
  - boronic
  - solvent
  - base
  - ligand
  output: yield
model_config:
  act1: relu
  act2: relu
  batchnorm: true
  dropout: 0.2
  hidden1: 0
  hidden2: 128
  l2val: 0.001
  loss: mse
  merge: concat
  n_layers1: 0
  n_layers2: 1
  out_act: linear
  standarization: normal
train_config:
  batch_size: 100
  epochs: null
  verbose: true

2020-06-24 11:36:52,582: INFO): using checkpoint: checkpoint.pkz
2020-06-24 11:36:53,313: INFO): checkpoint loaded
2020-06-24 11:36:53,934: INFO): Constant cols eliminated
2020-06-24 11:36:53,935: INFO): data shapes: [(17526, 512), (17526, 512), (17526, 181), (17526, 47), (17526, 505)]
2020-06-24 11:36:53,935: INFO): Normal standarization of Y
2020-06-24 11:36:53,935: INFO): Fold 0
2020-06-24 11:46:45,989: INFO): START
2020-06-24 11:46:45,990: INFO): command line arguments:
chk: null
config: null
epochs: 10
log: standard_regressor_permut_solv_CV.log
one_fold: false
permute: 2

2020-06-24 11:46:45,991: INFO): Config:
loader_config:
  checkpoint: checkpoint.pkz
  descriptors:
  - ecfp6
  file: rr_processed_data_sml_all_morgan_rdkit.pkz
  inputs:
  - halogen
  - boronic
  - solvent
  - base
  - ligand
  output: yield
model_config:
  act1: relu
  act2: relu
  batchnorm: true
  dropout: 0.2
  hidden1: 0
  hidden2: 128
  l2val: 0.001
  loss: mse
  merge: concat
  n_layers1: 0
  n_layers2: 1
  out_act: linear
  standarization: normal
train_config:
  batch_size: 100
  epochs: 10
  verbose: true

2020-06-24 11:46:45,991: INFO): using checkpoint: checkpoint.pkz
2020-06-24 11:46:46,721: INFO): checkpoint loaded
2020-06-24 11:46:47,337: INFO): Constant cols eliminated
2020-06-24 11:46:47,337: INFO): data shapes: [(17526, 512), (17526, 512), (17526, 181), (17526, 47), (17526, 505)]
2020-06-24 11:46:47,337: INFO): Normal standarization of Y
2020-06-24 11:46:47,337: INFO): Fold 0
2020-06-24 11:47:50,659: INFO): START
2020-06-24 11:47:50,659: INFO): command line arguments:
chk: null
config: null
epochs: 10
log: standard_regressor_permut_solv_CV.log
one_fold: false
permute: 2

2020-06-24 11:47:50,661: INFO): Config:
loader_config:
  checkpoint: checkpoint.pkz
  descriptors:
  - ecfp6
  file: rr_processed_data_sml_all_morgan_rdkit.pkz
  inputs:
  - halogen
  - boronic
  - solvent
  - base
  - ligand
  output: yield
model_config:
  act1: relu
  act2: relu
  batchnorm: true
  dropout: 0.2
  hidden1: 0
  hidden2: 128
  l2val: 0.001
  loss: mse
  merge: concat
  n_layers1: 0
  n_layers2: 1
  out_act: linear
  standarization: normal
train_config:
  batch_size: 100
  epochs: 10
  verbose: true

2020-06-24 11:47:50,661: INFO): using checkpoint: checkpoint.pkz
2020-06-24 11:47:51,400: INFO): checkpoint loaded
2020-06-24 11:47:52,014: INFO): Constant cols eliminated
2020-06-24 11:47:52,014: INFO): data shapes: [(17526, 512), (17526, 512), (17526, 181), (17526, 47), (17526, 505)]
2020-06-24 11:47:52,014: INFO): Normal standarization of Y
2020-06-24 11:47:52,014: INFO): Fold 0
2020-06-24 11:47:57,756: INFO): 'RR's permutation test (input 2): Before:   17.112  After:  17.634
2020-06-24 11:47:57,756: INFO): Fold 1
2020-06-24 11:48:03,768: INFO): 'RR's permutation test (input 2): Before:   15.964  After:  16.490
2020-06-24 11:48:03,768: INFO): Fold 2
2020-06-24 11:48:10,116: INFO): 'RR's permutation test (input 2): Before:   15.592  After:  15.909
2020-06-24 11:48:10,116: INFO): Fold 3
2020-06-24 11:48:16,323: INFO): 'RR's permutation test (input 2): Before:   15.094  After:  15.472
2020-06-24 11:48:16,323: INFO): Fold 4
2020-06-24 11:48:22,709: INFO): 'RR's permutation test (input 2): Before:   19.264  After:  19.561
2020-06-24 11:48:22,709: INFO): Transfroming mse to rmse, back transformation to Y space
2020-06-24 11:48:22,710: INFO): Permutation test average:
2020-06-24 11:48:22,710: INFO):   Before:   16.605 (1.487)  After   17.013 (1.466)
2020-06-24 11:48:22,710: INFO):   Diff:    0.408 (0.098)
2020-06-24 11:48:22,710: INFO): MAE:   16.051 (   1.047)
2020-06-24 11:48:22,722: INFO): Best epoch: 3
2020-06-24 11:48:22,723: INFO): CV AV:   21.751
2020-06-24 11:48:22,723: INFO): CV std    1.340
