2020-06-24 11:36:58,251: INFO): START
2020-06-24 11:36:58,252: INFO): command line arguments:
chk: null
config: null
epochs: 10
log: standard_regressor_permut_lig_CV.log
one_fold: false
permute: 4

2020-06-24 11:36:58,253: INFO): Config:
loader_config:
  checkpoint: checkpoint.pkz
  descriptors:
  - ecfp6
  file: rr_processed_data_sml_all_morgan_rdkit.pkz
  inputs:
  - halogen
  - boronic
  - solvent
  - base
  - ligand
  output: yield
model_config:
  act1: relu
  act2: relu
  batchnorm: true
  dropout: 0.2
  hidden1: 0
  hidden2: 128
  l2val: 0.001
  loss: mse
  merge: concat
  n_layers1: 0
  n_layers2: 1
  out_act: linear
  standarization: normal
train_config:
  batch_size: 100
  epochs: null
  verbose: true

2020-06-24 11:36:58,253: INFO): using checkpoint: checkpoint.pkz
2020-06-24 11:36:58,978: INFO): checkpoint loaded
2020-06-24 11:36:59,617: INFO): Constant cols eliminated
2020-06-24 11:36:59,618: INFO): data shapes: [(17526, 512), (17526, 512), (17526, 181), (17526, 47), (17526, 505)]
2020-06-24 11:36:59,618: INFO): Normal standarization of Y
2020-06-24 11:36:59,618: INFO): Fold 0
2020-06-24 11:47:01,801: INFO): START
2020-06-24 11:47:01,801: INFO): command line arguments:
chk: null
config: null
epochs: 10
log: standard_regressor_permut_lig_CV.log
one_fold: false
permute: 4

2020-06-24 11:47:01,802: INFO): Config:
loader_config:
  checkpoint: checkpoint.pkz
  descriptors:
  - ecfp6
  file: rr_processed_data_sml_all_morgan_rdkit.pkz
  inputs:
  - halogen
  - boronic
  - solvent
  - base
  - ligand
  output: yield
model_config:
  act1: relu
  act2: relu
  batchnorm: true
  dropout: 0.2
  hidden1: 0
  hidden2: 128
  l2val: 0.001
  loss: mse
  merge: concat
  n_layers1: 0
  n_layers2: 1
  out_act: linear
  standarization: normal
train_config:
  batch_size: 100
  epochs: 10
  verbose: true

2020-06-24 11:47:01,802: INFO): using checkpoint: checkpoint.pkz
2020-06-24 11:47:02,532: INFO): checkpoint loaded
2020-06-24 11:47:03,152: INFO): Constant cols eliminated
2020-06-24 11:47:03,152: INFO): data shapes: [(17526, 512), (17526, 512), (17526, 181), (17526, 47), (17526, 505)]
2020-06-24 11:47:03,152: INFO): Normal standarization of Y
2020-06-24 11:47:03,152: INFO): Fold 0
2020-06-24 11:48:57,620: INFO): START
2020-06-24 11:48:57,620: INFO): command line arguments:
chk: null
config: null
epochs: 10
log: standard_regressor_permut_lig_CV.log
one_fold: false
permute: 4

2020-06-24 11:48:57,622: INFO): Config:
loader_config:
  checkpoint: checkpoint.pkz
  descriptors:
  - ecfp6
  file: rr_processed_data_sml_all_morgan_rdkit.pkz
  inputs:
  - halogen
  - boronic
  - solvent
  - base
  - ligand
  output: yield
model_config:
  act1: relu
  act2: relu
  batchnorm: true
  dropout: 0.2
  hidden1: 0
  hidden2: 128
  l2val: 0.001
  loss: mse
  merge: concat
  n_layers1: 0
  n_layers2: 1
  out_act: linear
  standarization: normal
train_config:
  batch_size: 100
  epochs: 10
  verbose: true

2020-06-24 11:48:57,622: INFO): using checkpoint: checkpoint.pkz
2020-06-24 11:48:58,370: INFO): checkpoint loaded
2020-06-24 11:48:58,992: INFO): Constant cols eliminated
2020-06-24 11:48:58,992: INFO): data shapes: [(17526, 512), (17526, 512), (17526, 181), (17526, 47), (17526, 505)]
2020-06-24 11:48:58,992: INFO): Normal standarization of Y
2020-06-24 11:48:58,992: INFO): Fold 0
2020-06-24 11:49:05,016: INFO): 'RR's permutation test (input 4): Before:   18.080  After:  18.876
2020-06-24 11:49:05,016: INFO): Fold 1
2020-06-24 11:49:11,138: INFO): 'RR's permutation test (input 4): Before:   15.618  After:  16.076
2020-06-24 11:49:11,138: INFO): Fold 2
2020-06-24 11:49:17,299: INFO): 'RR's permutation test (input 4): Before:   16.534  After:  16.521
2020-06-24 11:49:17,299: INFO): Fold 3
2020-06-24 11:49:23,496: INFO): 'RR's permutation test (input 4): Before:   14.253  After:  14.969
2020-06-24 11:49:23,496: INFO): Fold 4
2020-06-24 11:49:29,807: INFO): 'RR's permutation test (input 4): Before:   17.856  After:  18.610
2020-06-24 11:49:29,808: INFO): Transfroming mse to rmse, back transformation to Y space
2020-06-24 11:49:29,808: INFO): Permutation test average:
2020-06-24 11:49:29,808: INFO):   Before:   16.468 (1.425)  After   17.010 (1.505)
2020-06-24 11:49:29,808: INFO):   Diff:    0.542 (0.302)
2020-06-24 11:49:29,808: INFO): MAE:   15.951 (   1.703)
2020-06-24 11:49:29,822: INFO): Best epoch: 3
2020-06-24 11:49:29,822: INFO): CV AV:   21.920
2020-06-24 11:49:29,822: INFO): CV std    1.753
