2020-06-24 12:04:33,946: INFO): START
2020-06-24 12:04:33,947: INFO): command line arguments:
chk: null
config: experiments/config_files/vanilla_no_solv.yaml
epochs: 15
log: standard_regressor_no_solv.log
one_fold: false
permute: null

2020-06-24 12:04:33,950: INFO): Config:
loader_config:
  checkpoint: checkpoint.pkz
  descriptors:
  - ecfp6
  file: rr_processed_data_sml_all_morgan_rdkit.pkz
  inputs:
  - halogen
  - boronic
  - base
  - ligand
  output: yield
model_config:
  act1: relu
  act2: relu
  batchnorm: true
  dropout: 0.2
  hidden1: 0
  hidden2: 128
  l2val: 0.001
  loss: mse
  merge: concat
  n_layers1: 0
  n_layers2: 1
  out_act: linear
  standarization: normal
train_config:
  batch_size: 100
  epochs: 15
  verbose: true

2020-06-24 12:04:33,951: INFO): using checkpoint: checkpoint.pkz
2020-06-24 12:04:34,700: INFO): checkpoint loaded
2020-06-24 12:04:35,330: INFO): Constant cols eliminated
2020-06-24 12:04:35,330: INFO): data shapes: [(17526, 512), (17526, 512), (17526, 181), (17526, 47), (17526, 505)]
2020-06-24 12:04:35,330: INFO): Normal standarization of Y
2020-06-24 12:04:35,330: INFO): Fold 0
2020-06-24 12:04:43,653: INFO): Fold 1
2020-06-24 12:04:52,166: INFO): Fold 2
2020-06-24 12:05:00,690: INFO): Fold 3
2020-06-24 12:05:09,497: INFO): Fold 4
2020-06-24 12:05:18,343: INFO): Transfroming mse to rmse, back transformation to Y space
2020-06-24 12:05:18,343: INFO): MAE:   15.837 (   1.364)
2020-06-24 12:05:18,356: INFO): Best epoch: 3
2020-06-24 12:05:18,357: INFO): CV AV:   21.575
2020-06-24 12:05:18,357: INFO): CV std    1.474
2020-06-24 12:11:43,076: INFO): START
2020-06-24 12:11:43,076: INFO): command line arguments:
chk: chk_no_solv.chk
config: experiments/config_files/vanilla_no_solv.yaml
epochs: 15
log: standard_regressor_no_solv.log
one_fold: false
permute: null

2020-06-24 12:11:43,080: INFO): Config:
loader_config:
  checkpoint: chk_no_solv.chk
  descriptors:
  - ecfp6
  file: rr_processed_data_sml_all_morgan_rdkit.pkz
  inputs:
  - halogen
  - boronic
  - base
  - ligand
  output: yield
model_config:
  act1: relu
  act2: relu
  batchnorm: true
  dropout: 0.2
  hidden1: 0
  hidden2: 128
  l2val: 0.001
  loss: mse
  merge: concat
  n_layers1: 0
  n_layers2: 1
  out_act: linear
  standarization: normal
train_config:
  batch_size: 100
  epochs: 15
  verbose: true

2020-06-24 12:11:43,081: INFO): using checkpoint: chk_no_solv.chk
2020-06-24 12:11:43,081: INFO): using 100.0% of data
2020-06-24 12:11:53,954: INFO): checkpoint saved
2020-06-24 12:11:54,495: INFO): Constant cols eliminated
2020-06-24 12:11:54,495: INFO): data shapes: [(17526, 512), (17526, 512), (17526, 47), (17526, 505)]
2020-06-24 12:11:54,495: INFO): Normal standarization of Y
2020-06-24 12:11:54,496: INFO): Fold 0
2020-06-24 12:12:01,794: INFO): Fold 1
2020-06-24 12:12:09,344: INFO): Fold 2
2020-06-24 12:12:17,028: INFO): Fold 3
2020-06-24 12:12:24,714: INFO): Fold 4
2020-06-24 12:12:32,404: INFO): Transfroming mse to rmse, back transformation to Y space
2020-06-24 12:12:32,404: INFO): MAE:   15.923 (   1.444)
2020-06-24 12:12:32,418: INFO): Best epoch: 3
2020-06-24 12:12:32,418: INFO): CV AV:   21.787
2020-06-24 12:12:32,418: INFO): CV std    1.582
